{"D:\\book-exchange-fe\\src\\app\\_layout.tsx": {"path":"D:\\book-exchange-fe\\src\\app\\_layout.tsx","statementMap":{"0":{"start":{"line":12,"column":0},"end":{"line":12,"column":45}},"1":{"start":{"line":13,"column":0},"end":{"line":13,"column":79}},"2":{"start":{"line":13,"column":28},"end":{"line":13,"column":78}},"3":{"start":{"line":16,"column":35},"end":{"line":19,"column":4}},"4":{"start":{"line":21,"column":14},"end":{"line":21,"column":41}},"5":{"start":{"line":24,"column":2},"end":{"line":28,"column":12}},"6":{"start":{"line":25,"column":4},"end":{"line":27,"column":5}},"7":{"start":{"line":26,"column":6},"end":{"line":26,"column":61}},"8":{"start":{"line":31,"column":2},"end":{"line":38,"column":9}},"9":{"start":{"line":32,"column":4},"end":{"line":36,"column":7}},"10":{"start":{"line":37,"column":4},"end":{"line":37,"column":43}},"11":{"start":{"line":40,"column":2},"end":{"line":46,"column":3}},"12":{"start":{"line":41,"column":4},"end":{"line":45,"column":6}},"13":{"start":{"line":48,"column":2},"end":{"line":95,"column":4}}},"fnMap":{"0":{"name":"(anonymous_0)","decl":{"start":{"line":13,"column":16},"end":{"line":13,"column":17}},"loc":{"start":{"line":13,"column":28},"end":{"line":13,"column":78}},"line":13},"1":{"name":"RootLayout","decl":{"start":{"line":15,"column":9},"end":{"line":15,"column":19}},"loc":{"start":{"line":15,"column":22},"end":{"line":96,"column":1}},"line":15},"2":{"name":"(anonymous_2)","decl":{"start":{"line":24,"column":12},"end":{"line":24,"column":13}},"loc":{"start":{"line":24,"column":18},"end":{"line":28,"column":3}},"line":24},"3":{"name":"(anonymous_3)","decl":{"start":{"line":31,"column":12},"end":{"line":31,"column":13}},"loc":{"start":{"line":31,"column":18},"end":{"line":38,"column":3}},"line":31}},"branchMap":{"0":{"loc":{"start":{"line":13,"column":28},"end":{"line":13,"column":78}},"type":"binary-expr","locations":[{"start":{"line":13,"column":29},"end":{"line":13,"column":71}},{"start":{"line":13,"column":76},"end":{"line":13,"column":78}}],"line":13},"1":{"loc":{"start":{"line":25,"column":4},"end":{"line":27,"column":5}},"type":"if","locations":[{"start":{"line":25,"column":4},"end":{"line":27,"column":5}},{"start":{},"end":{}}],"line":25},"2":{"loc":{"start":{"line":40,"column":2},"end":{"line":46,"column":3}},"type":"if","locations":[{"start":{"line":40,"column":2},"end":{"line":46,"column":3}},{"start":{},"end":{}}],"line":40},"3":{"loc":{"start":{"line":40,"column":6},"end":{"line":40,"column":32}},"type":"binary-expr","locations":[{"start":{"line":40,"column":6},"end":{"line":40,"column":18}},{"start":{"line":40,"column":22},"end":{"line":40,"column":32}}],"line":40}},"s":{"0":0,"1":0,"2":0,"3":0,"4":0,"5":0,"6":0,"7":0,"8":0,"9":0,"10":0,"11":0,"12":0,"13":0},"f":{"0":0,"1":0,"2":0,"3":0},"b":{"0":[0,0],"1":[0,0],"2":[0,0],"3":[0,0]}}
,"D:\\book-exchange-fe\\src\\app\\index.tsx": {"path":"D:\\book-exchange-fe\\src\\app\\index.tsx","statementMap":{"0":{"start":{"line":21,"column":17},"end":{"line":21,"column":28}},"1":{"start":{"line":22,"column":28},"end":{"line":22,"column":53}},"2":{"start":{"line":24,"column":24},"end":{"line":24,"column":41}},"3":{"start":{"line":25,"column":22},"end":{"line":25,"column":39}},"4":{"start":{"line":26,"column":25},"end":{"line":26,"column":42}},"5":{"start":{"line":27,"column":22},"end":{"line":27,"column":39}},"6":{"start":{"line":28,"column":25},"end":{"line":28,"column":42}},"7":{"start":{"line":30,"column":26},"end":{"line":40,"column":3}},"8":{"start":{"line":31,"column":4},"end":{"line":31,"column":59}},"9":{"start":{"line":32,"column":4},"end":{"line":32,"column":26}},"10":{"start":{"line":33,"column":4},"end":{"line":33,"column":30}},"11":{"start":{"line":34,"column":4},"end":{"line":34,"column":57}},"12":{"start":{"line":35,"column":4},"end":{"line":35,"column":60}},"13":{"start":{"line":36,"column":4},"end":{"line":36,"column":26}},"14":{"start":{"line":37,"column":4},"end":{"line":37,"column":30}},"15":{"start":{"line":38,"column":4},"end":{"line":38,"column":57}},"16":{"start":{"line":39,"column":4},"end":{"line":39,"column":60}},"17":{"start":{"line":42,"column":27},"end":{"line":52,"column":3}},"18":{"start":{"line":43,"column":4},"end":{"line":43,"column":59}},"19":{"start":{"line":44,"column":4},"end":{"line":44,"column":57}},"20":{"start":{"line":45,"column":4},"end":{"line":45,"column":62}},"21":{"start":{"line":46,"column":4},"end":{"line":46,"column":57}},"22":{"start":{"line":47,"column":4},"end":{"line":51,"column":7}},"23":{"start":{"line":48,"column":6},"end":{"line":50,"column":7}},"24":{"start":{"line":49,"column":8},"end":{"line":49,"column":22}},"25":{"start":{"line":54,"column":26},"end":{"line":64,"column":3}},"26":{"start":{"line":55,"column":4},"end":{"line":55,"column":59}},"27":{"start":{"line":56,"column":4},"end":{"line":56,"column":26}},"28":{"start":{"line":57,"column":4},"end":{"line":57,"column":31}},"29":{"start":{"line":58,"column":4},"end":{"line":58,"column":57}},"30":{"start":{"line":59,"column":4},"end":{"line":59,"column":60}},"31":{"start":{"line":60,"column":4},"end":{"line":60,"column":26}},"32":{"start":{"line":61,"column":4},"end":{"line":61,"column":30}},"33":{"start":{"line":62,"column":4},"end":{"line":62,"column":57}},"34":{"start":{"line":63,"column":4},"end":{"line":63,"column":60}},"35":{"start":{"line":66,"column":27},"end":{"line":75,"column":3}},"36":{"start":{"line":67,"column":4},"end":{"line":67,"column":59}},"37":{"start":{"line":68,"column":4},"end":{"line":68,"column":57}},"38":{"start":{"line":69,"column":4},"end":{"line":69,"column":57}},"39":{"start":{"line":70,"column":4},"end":{"line":74,"column":7}},"40":{"start":{"line":71,"column":6},"end":{"line":73,"column":7}},"41":{"start":{"line":72,"column":8},"end":{"line":72,"column":22}},"42":{"start":{"line":77,"column":2},"end":{"line":102,"column":9}},"43":{"start":{"line":81,"column":16},"end":{"line":95,"column":5}},"44":{"start":{"line":82,"column":6},"end":{"line":82,"column":24}},"45":{"start":{"line":83,"column":6},"end":{"line":94,"column":14}},"46":{"start":{"line":84,"column":8},"end":{"line":93,"column":11}},"47":{"start":{"line":85,"column":10},"end":{"line":85,"column":29}},"48":{"start":{"line":86,"column":10},"end":{"line":86,"column":28}},"49":{"start":{"line":87,"column":10},"end":{"line":92,"column":18}},"50":{"start":{"line":88,"column":12},"end":{"line":91,"column":15}},"51":{"start":{"line":90,"column":14},"end":{"line":90,"column":35}},"52":{"start":{"line":96,"column":4},"end":{"line":96,"column":10}},"53":{"start":{"line":98,"column":4},"end":{"line":101,"column":6}},"54":{"start":{"line":99,"column":6},"end":{"line":99,"column":31}},"55":{"start":{"line":99,"column":14},"end":{"line":99,"column":31}},"56":{"start":{"line":100,"column":6},"end":{"line":100,"column":31}},"57":{"start":{"line":100,"column":14},"end":{"line":100,"column":31}},"58":{"start":{"line":104,"column":33},"end":{"line":106,"column":4}},"59":{"start":{"line":105,"column":4},"end":{"line":105,"column":44}},"60":{"start":{"line":107,"column":28},"end":{"line":112,"column":4}},"61":{"start":{"line":108,"column":4},"end":{"line":111,"column":6}},"62":{"start":{"line":113,"column":28},"end":{"line":118,"column":4}},"63":{"start":{"line":114,"column":4},"end":{"line":117,"column":6}},"64":{"start":{"line":119,"column":29},"end":{"line":126,"column":3}},"65":{"start":{"line":120,"column":20},"end":{"line":120,"column":46}},"66":{"start":{"line":121,"column":4},"end":{"line":125,"column":5}},"67":{"start":{"line":122,"column":6},"end":{"line":122,"column":36}},"68":{"start":{"line":124,"column":6},"end":{"line":124,"column":36}},"69":{"start":{"line":128,"column":2},"end":{"line":169,"column":4}}},"fnMap":{"0":{"name":"LaunchAnimationScreen","decl":{"start":{"line":20,"column":24},"end":{"line":20,"column":45}},"loc":{"start":{"line":20,"column":48},"end":{"line":170,"column":1}},"line":20},"1":{"name":"(anonymous_1)","decl":{"start":{"line":30,"column":26},"end":{"line":30,"column":27}},"loc":{"start":{"line":30,"column":32},"end":{"line":40,"column":3}},"line":30},"2":{"name":"(anonymous_2)","decl":{"start":{"line":42,"column":27},"end":{"line":42,"column":28}},"loc":{"start":{"line":42,"column":48},"end":{"line":52,"column":3}},"line":42},"3":{"name":"(anonymous_3)","decl":{"start":{"line":47,"column":61},"end":{"line":47,"column":62}},"loc":{"start":{"line":47,"column":75},"end":{"line":51,"column":5}},"line":47},"4":{"name":"(anonymous_4)","decl":{"start":{"line":54,"column":26},"end":{"line":54,"column":27}},"loc":{"start":{"line":54,"column":32},"end":{"line":64,"column":3}},"line":54},"5":{"name":"(anonymous_5)","decl":{"start":{"line":66,"column":27},"end":{"line":66,"column":28}},"loc":{"start":{"line":66,"column":48},"end":{"line":75,"column":3}},"line":66},"6":{"name":"(anonymous_6)","decl":{"start":{"line":70,"column":59},"end":{"line":70,"column":60}},"loc":{"start":{"line":70,"column":73},"end":{"line":74,"column":5}},"line":70},"7":{"name":"(anonymous_7)","decl":{"start":{"line":77,"column":12},"end":{"line":77,"column":13}},"loc":{"start":{"line":77,"column":18},"end":{"line":102,"column":3}},"line":77},"8":{"name":"(anonymous_8)","decl":{"start":{"line":81,"column":16},"end":{"line":81,"column":17}},"loc":{"start":{"line":81,"column":28},"end":{"line":95,"column":5}},"line":81},"9":{"name":"(anonymous_9)","decl":{"start":{"line":83,"column":22},"end":{"line":83,"column":23}},"loc":{"start":{"line":83,"column":28},"end":{"line":94,"column":7}},"line":83},"10":{"name":"(anonymous_10)","decl":{"start":{"line":84,"column":25},"end":{"line":84,"column":26}},"loc":{"start":{"line":84,"column":31},"end":{"line":93,"column":9}},"line":84},"11":{"name":"(anonymous_11)","decl":{"start":{"line":87,"column":26},"end":{"line":87,"column":27}},"loc":{"start":{"line":87,"column":32},"end":{"line":92,"column":11}},"line":87},"12":{"name":"(anonymous_12)","decl":{"start":{"line":88,"column":29},"end":{"line":88,"column":30}},"loc":{"start":{"line":88,"column":35},"end":{"line":91,"column":13}},"line":88},"13":{"name":"(anonymous_13)","decl":{"start":{"line":98,"column":11},"end":{"line":98,"column":12}},"loc":{"start":{"line":98,"column":17},"end":{"line":101,"column":5}},"line":98},"14":{"name":"(anonymous_14)","decl":{"start":{"line":104,"column":50},"end":{"line":104,"column":51}},"loc":{"start":{"line":104,"column":56},"end":{"line":106,"column":3}},"line":104},"15":{"name":"(anonymous_15)","decl":{"start":{"line":107,"column":45},"end":{"line":107,"column":46}},"loc":{"start":{"line":107,"column":51},"end":{"line":112,"column":3}},"line":107},"16":{"name":"(anonymous_16)","decl":{"start":{"line":113,"column":45},"end":{"line":113,"column":46}},"loc":{"start":{"line":113,"column":51},"end":{"line":118,"column":3}},"line":113},"17":{"name":"(anonymous_17)","decl":{"start":{"line":119,"column":29},"end":{"line":119,"column":30}},"loc":{"start":{"line":119,"column":41},"end":{"line":126,"column":3}},"line":119}},"branchMap":{"0":{"loc":{"start":{"line":48,"column":6},"end":{"line":50,"column":7}},"type":"if","locations":[{"start":{"line":48,"column":6},"end":{"line":50,"column":7}},{"start":{},"end":{}}],"line":48},"1":{"loc":{"start":{"line":48,"column":10},"end":{"line":48,"column":24}},"type":"binary-expr","locations":[{"start":{"line":48,"column":10},"end":{"line":48,"column":18}},{"start":{"line":48,"column":22},"end":{"line":48,"column":24}}],"line":48},"2":{"loc":{"start":{"line":71,"column":6},"end":{"line":73,"column":7}},"type":"if","locations":[{"start":{"line":71,"column":6},"end":{"line":73,"column":7}},{"start":{},"end":{}}],"line":71},"3":{"loc":{"start":{"line":71,"column":10},"end":{"line":71,"column":24}},"type":"binary-expr","locations":[{"start":{"line":71,"column":10},"end":{"line":71,"column":18}},{"start":{"line":71,"column":22},"end":{"line":71,"column":24}}],"line":71},"4":{"loc":{"start":{"line":99,"column":6},"end":{"line":99,"column":31}},"type":"if","locations":[{"start":{"line":99,"column":6},"end":{"line":99,"column":31}},{"start":{},"end":{}}],"line":99},"5":{"loc":{"start":{"line":100,"column":6},"end":{"line":100,"column":31}},"type":"if","locations":[{"start":{"line":100,"column":6},"end":{"line":100,"column":31}},{"start":{},"end":{}}],"line":100},"6":{"loc":{"start":{"line":121,"column":4},"end":{"line":125,"column":5}},"type":"if","locations":[{"start":{"line":121,"column":4},"end":{"line":125,"column":5}},{"start":{"line":123,"column":11},"end":{"line":125,"column":5}}],"line":121},"7":{"loc":{"start":{"line":134,"column":18},"end":{"line":134,"column":71}},"type":"cond-expr","locations":[{"start":{"line":134,"column":39},"end":{"line":134,"column":54}},{"start":{"line":134,"column":57},"end":{"line":134,"column":71}}],"line":134},"8":{"loc":{"start":{"line":139,"column":10},"end":{"line":139,"column":58}},"type":"cond-expr","locations":[{"start":{"line":139,"column":31},"end":{"line":139,"column":45}},{"start":{"line":139,"column":48},"end":{"line":139,"column":58}}],"line":139},"9":{"loc":{"start":{"line":147,"column":11},"end":{"line":151,"column":11}},"type":"cond-expr","locations":[{"start":{"line":148,"column":12},"end":{"line":148,"column":61}},{"start":{"line":150,"column":12},"end":{"line":150,"column":71}}],"line":147},"10":{"loc":{"start":{"line":157,"column":14},"end":{"line":157,"column":71}},"type":"cond-expr","locations":[{"start":{"line":157,"column":35},"end":{"line":157,"column":47}},{"start":{"line":157,"column":50},"end":{"line":157,"column":71}}],"line":157},"11":{"loc":{"start":{"line":165,"column":11},"end":{"line":165,"column":71}},"type":"cond-expr","locations":[{"start":{"line":165,"column":32},"end":{"line":165,"column":49}},{"start":{"line":165,"column":52},"end":{"line":165,"column":71}}],"line":165}},"s":{"0":0,"1":0,"2":0,"3":0,"4":0,"5":0,"6":0,"7":0,"8":0,"9":0,"10":0,"11":0,"12":0,"13":0,"14":0,"15":0,"16":0,"17":0,"18":0,"19":0,"20":0,"21":0,"22":0,"23":0,"24":0,"25":0,"26":0,"27":0,"28":0,"29":0,"30":0,"31":0,"32":0,"33":0,"34":0,"35":0,"36":0,"37":0,"38":0,"39":0,"40":0,"41":0,"42":0,"43":0,"44":0,"45":0,"46":0,"47":0,"48":0,"49":0,"50":0,"51":0,"52":0,"53":0,"54":0,"55":0,"56":0,"57":0,"58":0,"59":0,"60":0,"61":0,"62":0,"63":0,"64":0,"65":0,"66":0,"67":0,"68":0,"69":0},"f":{"0":0,"1":0,"2":0,"3":0,"4":0,"5":0,"6":0,"7":0,"8":0,"9":0,"10":0,"11":0,"12":0,"13":0,"14":0,"15":0,"16":0,"17":0},"b":{"0":[0,0],"1":[0,0],"2":[0,0],"3":[0,0],"4":[0,0],"5":[0,0],"6":[0,0],"7":[0,0],"8":[0,0],"9":[0,0],"10":[0,0],"11":[0,0]}}
,"D:\\book-exchange-fe\\src\\app\\success.tsx": {"path":"D:\\book-exchange-fe\\src\\app\\success.tsx","statementMap":{"0":{"start":{"line":10,"column":22},"end":{"line":12,"column":3}},"1":{"start":{"line":11,"column":4},"end":{"line":11,"column":28}},"2":{"start":{"line":14,"column":2},"end":{"line":39,"column":4}}},"fnMap":{"0":{"name":"SuccessScreen","decl":{"start":{"line":8,"column":24},"end":{"line":8,"column":37}},"loc":{"start":{"line":8,"column":40},"end":{"line":40,"column":1}},"line":8},"1":{"name":"(anonymous_1)","decl":{"start":{"line":10,"column":22},"end":{"line":10,"column":23}},"loc":{"start":{"line":10,"column":28},"end":{"line":12,"column":3}},"line":10}},"branchMap":{},"s":{"0":1,"1":1,"2":1},"f":{"0":1,"1":1},"b":{},"_coverageSchema":"1a1c01bbd47fc00a2c39e90264f33305004495a9","hash":"9864ede0f972d851ec7adfe92b77746057d0ee81"}
,"D:\\book-exchange-fe\\src\\app\\auth\\login\\index.tsx": {"path":"D:\\book-exchange-fe\\src\\app\\auth\\login\\index.tsx","statementMap":{"0":{"start":{"line":21,"column":0},"end":{"line":21,"column":45}},"1":{"start":{"line":24,"column":2},"end":{"line":24,"column":38}},"2":{"start":{"line":24,"column":29},"end":{"line":24,"column":38}},"3":{"start":{"line":25,"column":2},"end":{"line":25,"column":64}},"4":{"start":{"line":25,"column":52},"end":{"line":25,"column":64}},"5":{"start":{"line":26,"column":2},"end":{"line":26,"column":19}},"6":{"start":{"line":30,"column":2},"end":{"line":30,"column":58}},"7":{"start":{"line":31,"column":2},"end":{"line":31,"column":30}},"8":{"start":{"line":33,"column":13},"end":{"line":33,"column":62}},"9":{"start":{"line":34,"column":2},"end":{"line":34,"column":57}},"10":{"start":{"line":35,"column":2},"end":{"line":35,"column":12}},"11":{"start":{"line":39,"column":2},"end":{"line":42,"column":12}},"12":{"start":{"line":46,"column":2},"end":{"line":71,"column":3}},"13":{"start":{"line":47,"column":4},"end":{"line":47,"column":69}},"14":{"start":{"line":49,"column":4},"end":{"line":57,"column":7}},"15":{"start":{"line":50,"column":6},"end":{"line":50,"column":39}},"16":{"start":{"line":51,"column":6},"end":{"line":54,"column":9}},"17":{"start":{"line":55,"column":6},"end":{"line":55,"column":30}},"18":{"start":{"line":56,"column":6},"end":{"line":56,"column":35}},"19":{"start":{"line":59,"column":6},"end":{"line":59,"column":64}},"20":{"start":{"line":60,"column":4},"end":{"line":60,"column":31}},"21":{"start":{"line":60,"column":21},"end":{"line":60,"column":31}},"22":{"start":{"line":61,"column":19},"end":{"line":61,"column":48}},"23":{"start":{"line":62,"column":4},"end":{"line":69,"column":5}},"24":{"start":{"line":63,"column":6},"end":{"line":67,"column":16}},"25":{"start":{"line":68,"column":6},"end":{"line":68,"column":71}},"26":{"start":{"line":70,"column":4},"end":{"line":70,"column":14}},"27":{"start":{"line":74,"column":29},"end":{"line":94,"column":1}},"28":{"start":{"line":75,"column":2},"end":{"line":93,"column":3}},"29":{"start":{"line":76,"column":18},"end":{"line":76,"column":42}},"30":{"start":{"line":77,"column":21},"end":{"line":77,"column":31}},"31":{"start":{"line":78,"column":17},"end":{"line":78,"column":24}},"32":{"start":{"line":79,"column":16},"end":{"line":79,"column":59}},"33":{"start":{"line":80,"column":4},"end":{"line":80,"column":43}},"34":{"start":{"line":81,"column":4},"end":{"line":81,"column":31}},"35":{"start":{"line":83,"column":4},"end":{"line":91,"column":7}},"36":{"start":{"line":84,"column":6},"end":{"line":84,"column":39}},"37":{"start":{"line":85,"column":6},"end":{"line":88,"column":9}},"38":{"start":{"line":89,"column":6},"end":{"line":89,"column":30}},"39":{"start":{"line":90,"column":6},"end":{"line":90,"column":37}},"40":{"start":{"line":92,"column":4},"end":{"line":92,"column":70}},"41":{"start":{"line":97,"column":17},"end":{"line":97,"column":28}},"42":{"start":{"line":99,"column":28},"end":{"line":99,"column":40}},"43":{"start":{"line":100,"column":34},"end":{"line":100,"column":46}},"44":{"start":{"line":102,"column":26},"end":{"line":102,"column":41}},"45":{"start":{"line":104,"column":22},"end":{"line":107,"column":3}},"46":{"start":{"line":105,"column":10},"end":{"line":105,"column":74}},"47":{"start":{"line":110,"column":2},"end":{"line":125,"column":15}},"48":{"start":{"line":111,"column":16},"end":{"line":123,"column":5}},"49":{"start":{"line":112,"column":6},"end":{"line":122,"column":7}},"50":{"start":{"line":113,"column":22},"end":{"line":113,"column":64}},"51":{"start":{"line":114,"column":8},"end":{"line":114,"column":27}},"52":{"start":{"line":114,"column":20},"end":{"line":114,"column":27}},"53":{"start":{"line":116,"column":8},"end":{"line":116,"column":30}},"54":{"start":{"line":117,"column":8},"end":{"line":117,"column":58}},"55":{"start":{"line":118,"column":8},"end":{"line":118,"column":32}},"56":{"start":{"line":120,"column":8},"end":{"line":120,"column":54}},"57":{"start":{"line":121,"column":8},"end":{"line":121,"column":46}},"58":{"start":{"line":124,"column":4},"end":{"line":124,"column":10}},"59":{"start":{"line":128,"column":2},"end":{"line":144,"column":20}},"60":{"start":{"line":129,"column":17},"end":{"line":142,"column":5}},"61":{"start":{"line":130,"column":6},"end":{"line":141,"column":7}},"62":{"start":{"line":131,"column":8},"end":{"line":131,"column":33}},"63":{"start":{"line":131,"column":26},"end":{"line":131,"column":33}},"64":{"start":{"line":132,"column":33},"end":{"line":132,"column":57}},"65":{"start":{"line":133,"column":8},"end":{"line":137,"column":11}},"66":{"start":{"line":140,"column":8},"end":{"line":140,"column":35}},"67":{"start":{"line":143,"column":4},"end":{"line":143,"column":11}},"68":{"start":{"line":146,"column":22},"end":{"line":164,"column":3}},"69":{"start":{"line":147,"column":14},"end":{"line":147,"column":26}},"70":{"start":{"line":148,"column":4},"end":{"line":151,"column":5}},"71":{"start":{"line":149,"column":6},"end":{"line":149,"column":73}},"72":{"start":{"line":150,"column":6},"end":{"line":150,"column":13}},"73":{"start":{"line":153,"column":4},"end":{"line":153,"column":18}},"74":{"start":{"line":154,"column":4},"end":{"line":163,"column":5}},"75":{"start":{"line":155,"column":18},"end":{"line":155,"column":60}},"76":{"start":{"line":156,"column":6},"end":{"line":156,"column":54}},"77":{"start":{"line":157,"column":6},"end":{"line":157,"column":33}},"78":{"start":{"line":159,"column":6},"end":{"line":159,"column":35}},"79":{"start":{"line":160,"column":6},"end":{"line":160,"column":72}},"80":{"start":{"line":162,"column":6},"end":{"line":162,"column":21}},"81":{"start":{"line":166,"column":23},"end":{"line":235,"column":3}},"82":{"start":{"line":167,"column":4},"end":{"line":173,"column":5}},"83":{"start":{"line":168,"column":6},"end":{"line":171,"column":8}},"84":{"start":{"line":172,"column":6},"end":{"line":172,"column":13}},"85":{"start":{"line":175,"column":4},"end":{"line":175,"column":18}},"86":{"start":{"line":176,"column":4},"end":{"line":234,"column":5}},"87":{"start":{"line":183,"column":10},"end":{"line":183,"column":34}},"88":{"start":{"line":185,"column":6},"end":{"line":187,"column":9}},"89":{"start":{"line":189,"column":23},"end":{"line":189,"column":50}},"90":{"start":{"line":190,"column":6},"end":{"line":190,"column":47}},"91":{"start":{"line":190,"column":40},"end":{"line":190,"column":47}},"92":{"start":{"line":192,"column":25},"end":{"line":192,"column":44}},"93":{"start":{"line":193,"column":21},"end":{"line":193,"column":38}},"94":{"start":{"line":194,"column":19},"end":{"line":194,"column":60}},"95":{"start":{"line":196,"column":6},"end":{"line":199,"column":7}},"96":{"start":{"line":197,"column":8},"end":{"line":197,"column":62}},"97":{"start":{"line":198,"column":8},"end":{"line":198,"column":15}},"98":{"start":{"line":202,"column":30},"end":{"line":202,"column":40}},"99":{"start":{"line":204,"column":18},"end":{"line":204,"column":69}},"100":{"start":{"line":205,"column":6},"end":{"line":205,"column":54}},"101":{"start":{"line":206,"column":6},"end":{"line":206,"column":33}},"102":{"start":{"line":209,"column":6},"end":{"line":228,"column":16}},"103":{"start":{"line":211,"column":10},"end":{"line":211,"column":34}},"104":{"start":{"line":212,"column":8},"end":{"line":216,"column":17}},"105":{"start":{"line":216,"column":10},"end":{"line":216,"column":17}},"106":{"start":{"line":218,"column":8},"end":{"line":227,"column":9}},"107":{"start":{"line":222,"column":10},"end":{"line":225,"column":12}},"108":{"start":{"line":226,"column":10},"end":{"line":226,"column":17}},"109":{"start":{"line":230,"column":6},"end":{"line":230,"column":35}},"110":{"start":{"line":231,"column":6},"end":{"line":231,"column":74}},"111":{"start":{"line":233,"column":6},"end":{"line":233,"column":21}},"112":{"start":{"line":238,"column":4},"end":{"line":238,"column":92}},"113":{"start":{"line":239,"column":23},"end":{"line":239,"column":66}},"114":{"start":{"line":241,"column":2},"end":{"line":344,"column":4}},"115":{"start":{"line":331,"column":29},"end":{"line":331,"column":58}}},"fnMap":{"0":{"name":"asString","decl":{"start":{"line":23,"column":9},"end":{"line":23,"column":17}},"loc":{"start":{"line":23,"column":50},"end":{"line":27,"column":1}},"line":23},"1":{"name":"persistSession","decl":{"start":{"line":29,"column":15},"end":{"line":29,"column":29}},"loc":{"start":{"line":29,"column":51},"end":{"line":36,"column":1}},"line":29},"2":{"name":"signInWithEmailPassword","decl":{"start":{"line":38,"column":15},"end":{"line":38,"column":38}},"loc":{"start":{"line":38,"column":72},"end":{"line":43,"column":1}},"line":38},"3":{"name":"signInOrSignUp","decl":{"start":{"line":45,"column":15},"end":{"line":45,"column":29}},"loc":{"start":{"line":45,"column":78},"end":{"line":72,"column":1}},"line":45},"4":{"name":"(anonymous_4)","decl":{"start":{"line":49,"column":21},"end":{"line":49,"column":22}},"loc":{"start":{"line":49,"column":32},"end":{"line":57,"column":5}},"line":49},"5":{"name":"(anonymous_5)","decl":{"start":{"line":74,"column":29},"end":{"line":74,"column":30}},"loc":{"start":{"line":74,"column":41},"end":{"line":94,"column":1}},"line":74},"6":{"name":"(anonymous_6)","decl":{"start":{"line":83,"column":21},"end":{"line":83,"column":22}},"loc":{"start":{"line":83,"column":32},"end":{"line":91,"column":5}},"line":83},"7":{"name":"LoginScreen","decl":{"start":{"line":96,"column":24},"end":{"line":96,"column":35}},"loc":{"start":{"line":96,"column":38},"end":{"line":345,"column":1}},"line":96},"8":{"name":"(anonymous_8)","decl":{"start":{"line":105,"column":4},"end":{"line":105,"column":5}},"loc":{"start":{"line":105,"column":10},"end":{"line":105,"column":74}},"line":105},"9":{"name":"(anonymous_9)","decl":{"start":{"line":110,"column":12},"end":{"line":110,"column":13}},"loc":{"start":{"line":110,"column":18},"end":{"line":125,"column":3}},"line":110},"10":{"name":"(anonymous_10)","decl":{"start":{"line":111,"column":16},"end":{"line":111,"column":17}},"loc":{"start":{"line":111,"column":28},"end":{"line":123,"column":5}},"line":111},"11":{"name":"(anonymous_11)","decl":{"start":{"line":128,"column":12},"end":{"line":128,"column":13}},"loc":{"start":{"line":128,"column":18},"end":{"line":144,"column":3}},"line":128},"12":{"name":"(anonymous_12)","decl":{"start":{"line":129,"column":17},"end":{"line":129,"column":18}},"loc":{"start":{"line":129,"column":29},"end":{"line":142,"column":5}},"line":129},"13":{"name":"(anonymous_13)","decl":{"start":{"line":146,"column":22},"end":{"line":146,"column":23}},"loc":{"start":{"line":146,"column":34},"end":{"line":164,"column":3}},"line":146},"14":{"name":"(anonymous_14)","decl":{"start":{"line":166,"column":23},"end":{"line":166,"column":24}},"loc":{"start":{"line":166,"column":35},"end":{"line":235,"column":3}},"line":166},"15":{"name":"(anonymous_15)","decl":{"start":{"line":331,"column":23},"end":{"line":331,"column":24}},"loc":{"start":{"line":331,"column":29},"end":{"line":331,"column":58}},"line":331}},"branchMap":{"0":{"loc":{"start":{"line":24,"column":2},"end":{"line":24,"column":38}},"type":"if","locations":[{"start":{"line":24,"column":2},"end":{"line":24,"column":38}},{"start":{},"end":{}}],"line":24},"1":{"loc":{"start":{"line":25,"column":2},"end":{"line":25,"column":64}},"type":"if","locations":[{"start":{"line":25,"column":2},"end":{"line":25,"column":64}},{"start":{},"end":{}}],"line":25},"2":{"loc":{"start":{"line":25,"column":6},"end":{"line":25,"column":50}},"type":"binary-expr","locations":[{"start":{"line":25,"column":6},"end":{"line":25,"column":22}},{"start":{"line":25,"column":26},"end":{"line":25,"column":50}}],"line":25},"3":{"loc":{"start":{"line":59,"column":6},"end":{"line":59,"column":64}},"type":"binary-expr","locations":[{"start":{"line":59,"column":6},"end":{"line":59,"column":29}},{"start":{"line":59,"column":33},"end":{"line":59,"column":64}}],"line":59},"4":{"loc":{"start":{"line":60,"column":4},"end":{"line":60,"column":31}},"type":"if","locations":[{"start":{"line":60,"column":4},"end":{"line":60,"column":31}},{"start":{},"end":{}}],"line":60},"5":{"loc":{"start":{"line":61,"column":19},"end":{"line":61,"column":48}},"type":"binary-expr","locations":[{"start":{"line":61,"column":19},"end":{"line":61,"column":29}},{"start":{"line":61,"column":33},"end":{"line":61,"column":48}}],"line":61},"6":{"loc":{"start":{"line":62,"column":4},"end":{"line":69,"column":5}},"type":"if","locations":[{"start":{"line":62,"column":4},"end":{"line":69,"column":5}},{"start":{},"end":{}}],"line":62},"7":{"loc":{"start":{"line":62,"column":8},"end":{"line":62,"column":40}},"type":"binary-expr","locations":[{"start":{"line":62,"column":8},"end":{"line":62,"column":22}},{"start":{"line":62,"column":26},"end":{"line":62,"column":40}}],"line":62},"8":{"loc":{"start":{"line":114,"column":8},"end":{"line":114,"column":27}},"type":"if","locations":[{"start":{"line":114,"column":8},"end":{"line":114,"column":27}},{"start":{},"end":{}}],"line":114},"9":{"loc":{"start":{"line":131,"column":8},"end":{"line":131,"column":33}},"type":"if","locations":[{"start":{"line":131,"column":8},"end":{"line":131,"column":33}},{"start":{},"end":{}}],"line":131},"10":{"loc":{"start":{"line":148,"column":4},"end":{"line":151,"column":5}},"type":"if","locations":[{"start":{"line":148,"column":4},"end":{"line":151,"column":5}},{"start":{},"end":{}}],"line":148},"11":{"loc":{"start":{"line":148,"column":8},"end":{"line":148,"column":23}},"type":"binary-expr","locations":[{"start":{"line":148,"column":8},"end":{"line":148,"column":10}},{"start":{"line":148,"column":14},"end":{"line":148,"column":23}}],"line":148},"12":{"loc":{"start":{"line":167,"column":4},"end":{"line":173,"column":5}},"type":"if","locations":[{"start":{"line":167,"column":4},"end":{"line":173,"column":5}},{"start":{},"end":{}}],"line":167},"13":{"loc":{"start":{"line":190,"column":6},"end":{"line":190,"column":47}},"type":"if","locations":[{"start":{"line":190,"column":6},"end":{"line":190,"column":47}},{"start":{},"end":{}}],"line":190},"14":{"loc":{"start":{"line":194,"column":19},"end":{"line":194,"column":60}},"type":"binary-expr","locations":[{"start":{"line":194,"column":19},"end":{"line":194,"column":35}},{"start":{"line":194,"column":39},"end":{"line":194,"column":60}}],"line":194},"15":{"loc":{"start":{"line":196,"column":6},"end":{"line":199,"column":7}},"type":"if","locations":[{"start":{"line":196,"column":6},"end":{"line":199,"column":7}},{"start":{},"end":{}}],"line":196},"16":{"loc":{"start":{"line":212,"column":8},"end":{"line":216,"column":17}},"type":"if","locations":[{"start":{"line":212,"column":8},"end":{"line":216,"column":17}},{"start":{},"end":{}}],"line":212},"17":{"loc":{"start":{"line":213,"column":10},"end":{"line":214,"column":54}},"type":"binary-expr","locations":[{"start":{"line":213,"column":10},"end":{"line":213,"column":36}},{"start":{"line":214,"column":10},"end":{"line":214,"column":54}}],"line":213},"18":{"loc":{"start":{"line":218,"column":8},"end":{"line":227,"column":9}},"type":"if","locations":[{"start":{"line":218,"column":8},"end":{"line":227,"column":9}},{"start":{},"end":{}}],"line":218},"19":{"loc":{"start":{"line":219,"column":10},"end":{"line":220,"column":62}},"type":"binary-expr","locations":[{"start":{"line":219,"column":10},"end":{"line":219,"column":32}},{"start":{"line":220,"column":10},"end":{"line":220,"column":62}}],"line":219},"20":{"loc":{"start":{"line":319,"column":13},"end":{"line":323,"column":13}},"type":"cond-expr","locations":[{"start":{"line":320,"column":14},"end":{"line":320,"column":48}},{"start":{"line":322,"column":14},"end":{"line":322,"column":79}}],"line":319}},"s":{"0":0,"1":0,"2":0,"3":0,"4":0,"5":0,"6":0,"7":0,"8":0,"9":0,"10":0,"11":0,"12":0,"13":0,"14":0,"15":0,"16":0,"17":0,"18":0,"19":0,"20":0,"21":0,"22":0,"23":0,"24":0,"25":0,"26":0,"27":0,"28":0,"29":0,"30":0,"31":0,"32":0,"33":0,"34":0,"35":0,"36":0,"37":0,"38":0,"39":0,"40":0,"41":0,"42":0,"43":0,"44":0,"45":0,"46":0,"47":0,"48":0,"49":0,"50":0,"51":0,"52":0,"53":0,"54":0,"55":0,"56":0,"57":0,"58":0,"59":0,"60":0,"61":0,"62":0,"63":0,"64":0,"65":0,"66":0,"67":0,"68":0,"69":0,"70":0,"71":0,"72":0,"73":0,"74":0,"75":0,"76":0,"77":0,"78":0,"79":0,"80":0,"81":0,"82":0,"83":0,"84":0,"85":0,"86":0,"87":0,"88":0,"89":0,"90":0,"91":0,"92":0,"93":0,"94":0,"95":0,"96":0,"97":0,"98":0,"99":0,"100":0,"101":0,"102":0,"103":0,"104":0,"105":0,"106":0,"107":0,"108":0,"109":0,"110":0,"111":0,"112":0,"113":0,"114":0,"115":0},"f":{"0":0,"1":0,"2":0,"3":0,"4":0,"5":0,"6":0,"7":0,"8":0,"9":0,"10":0,"11":0,"12":0,"13":0,"14":0,"15":0},"b":{"0":[0,0],"1":[0,0],"2":[0,0],"3":[0,0],"4":[0,0],"5":[0,0],"6":[0,0],"7":[0,0],"8":[0,0],"9":[0,0],"10":[0,0],"11":[0,0],"12":[0,0],"13":[0,0],"14":[0,0],"15":[0,0],"16":[0,0],"17":[0,0],"18":[0,0],"19":[0,0],"20":[0,0]}}
,"D:\\book-exchange-fe\\src\\app\\auth\\phone\\index.tsx": {"path":"D:\\book-exchange-fe\\src\\app\\auth\\phone\\index.tsx","statementMap":{"0":{"start":{"line":27,"column":17},"end":{"line":27,"column":28}},"1":{"start":{"line":29,"column":34},"end":{"line":29,"column":48}},"2":{"start":{"line":30,"column":30},"end":{"line":30,"column":42}},"3":{"start":{"line":31,"column":38},"end":{"line":31,"column":53}},"4":{"start":{"line":32,"column":28},"end":{"line":32,"column":57}},"5":{"start":{"line":34,"column":2},"end":{"line":61,"column":9}},"6":{"start":{"line":35,"column":23},"end":{"line":58,"column":5}},"7":{"start":{"line":36,"column":6},"end":{"line":57,"column":7}},"8":{"start":{"line":37,"column":25},"end":{"line":37,"column":74}},"9":{"start":{"line":38,"column":19},"end":{"line":38,"column":42}},"10":{"start":{"line":40,"column":8},"end":{"line":43,"column":9}},"11":{"start":{"line":41,"column":10},"end":{"line":41,"column":34}},"12":{"start":{"line":42,"column":10},"end":{"line":42,"column":17}},"13":{"start":{"line":45,"column":8},"end":{"line":53,"column":11}},"14":{"start":{"line":46,"column":10},"end":{"line":46,"column":42}},"15":{"start":{"line":47,"column":10},"end":{"line":50,"column":13}},"16":{"start":{"line":51,"column":10},"end":{"line":51,"column":34}},"17":{"start":{"line":52,"column":10},"end":{"line":52,"column":37}},"18":{"start":{"line":54,"column":8},"end":{"line":54,"column":50}},"19":{"start":{"line":56,"column":8},"end":{"line":56,"column":27}},"20":{"start":{"line":60,"column":4},"end":{"line":60,"column":17}},"21":{"start":{"line":63,"column":22},"end":{"line":63,"column":29}},"22":{"start":{"line":65,"column":20},"end":{"line":70,"column":14}},"23":{"start":{"line":66,"column":14},"end":{"line":66,"column":39}},"24":{"start":{"line":67,"column":28},"end":{"line":67,"column":30}},"25":{"start":{"line":68,"column":4},"end":{"line":68,"column":72}},"26":{"start":{"line":68,"column":17},"end":{"line":68,"column":18}},"27":{"start":{"line":68,"column":42},"end":{"line":68,"column":72}},"28":{"start":{"line":69,"column":4},"end":{"line":69,"column":27}},"29":{"start":{"line":72,"column":23},"end":{"line":75,"column":3}},"30":{"start":{"line":73,"column":22},"end":{"line":73,"column":45}},"31":{"start":{"line":74,"column":4},"end":{"line":74,"column":53}},"32":{"start":{"line":74,"column":32},"end":{"line":74,"column":53}},"33":{"start":{"line":77,"column":21},"end":{"line":79,"column":3}},"34":{"start":{"line":78,"column":4},"end":{"line":78,"column":28}},"35":{"start":{"line":81,"column":22},"end":{"line":81,"column":55}},"36":{"start":{"line":82,"column":22},"end":{"line":110,"column":3}},"37":{"start":{"line":83,"column":4},"end":{"line":83,"column":29}},"38":{"start":{"line":83,"column":22},"end":{"line":83,"column":29}},"39":{"start":{"line":85,"column":4},"end":{"line":109,"column":5}},"40":{"start":{"line":86,"column":6},"end":{"line":86,"column":26}},"41":{"start":{"line":87,"column":6},"end":{"line":87,"column":21}},"42":{"start":{"line":89,"column":41},"end":{"line":89,"column":55}},"43":{"start":{"line":91,"column":6},"end":{"line":93,"column":9}},"44":{"start":{"line":94,"column":6},"end":{"line":94,"column":33}},"45":{"start":{"line":96,"column":6},"end":{"line":104,"column":9}},"46":{"start":{"line":97,"column":8},"end":{"line":97,"column":40}},"47":{"start":{"line":98,"column":8},"end":{"line":101,"column":11}},"48":{"start":{"line":102,"column":8},"end":{"line":102,"column":32}},"49":{"start":{"line":103,"column":8},"end":{"line":103,"column":35}},"50":{"start":{"line":105,"column":6},"end":{"line":105,"column":44}},"51":{"start":{"line":106,"column":6},"end":{"line":106,"column":52}},"52":{"start":{"line":108,"column":6},"end":{"line":108,"column":27}},"53":{"start":{"line":112,"column":2},"end":{"line":118,"column":3}},"54":{"start":{"line":113,"column":4},"end":{"line":117,"column":6}},"55":{"start":{"line":120,"column":2},"end":{"line":183,"column":4}}},"fnMap":{"0":{"name":"PhoneNumberScreen","decl":{"start":{"line":26,"column":24},"end":{"line":26,"column":41}},"loc":{"start":{"line":26,"column":44},"end":{"line":184,"column":1}},"line":26},"1":{"name":"(anonymous_1)","decl":{"start":{"line":34,"column":12},"end":{"line":34,"column":13}},"loc":{"start":{"line":34,"column":18},"end":{"line":61,"column":3}},"line":34},"2":{"name":"(anonymous_2)","decl":{"start":{"line":35,"column":23},"end":{"line":35,"column":24}},"loc":{"start":{"line":35,"column":35},"end":{"line":58,"column":5}},"line":35},"3":{"name":"(anonymous_3)","decl":{"start":{"line":45,"column":25},"end":{"line":45,"column":26}},"loc":{"start":{"line":45,"column":36},"end":{"line":53,"column":9}},"line":45},"4":{"name":"(anonymous_4)","decl":{"start":{"line":65,"column":28},"end":{"line":65,"column":29}},"loc":{"start":{"line":65,"column":34},"end":{"line":70,"column":3}},"line":65},"5":{"name":"(anonymous_5)","decl":{"start":{"line":72,"column":23},"end":{"line":72,"column":24}},"loc":{"start":{"line":72,"column":41},"end":{"line":75,"column":3}},"line":72},"6":{"name":"(anonymous_6)","decl":{"start":{"line":77,"column":21},"end":{"line":77,"column":22}},"loc":{"start":{"line":77,"column":27},"end":{"line":79,"column":3}},"line":77},"7":{"name":"(anonymous_7)","decl":{"start":{"line":82,"column":22},"end":{"line":82,"column":23}},"loc":{"start":{"line":82,"column":34},"end":{"line":110,"column":3}},"line":82},"8":{"name":"(anonymous_8)","decl":{"start":{"line":96,"column":23},"end":{"line":96,"column":24}},"loc":{"start":{"line":96,"column":34},"end":{"line":104,"column":7}},"line":96}},"branchMap":{"0":{"loc":{"start":{"line":40,"column":8},"end":{"line":43,"column":9}},"type":"if","locations":[{"start":{"line":40,"column":8},"end":{"line":43,"column":9}},{"start":{},"end":{}}],"line":40},"1":{"loc":{"start":{"line":74,"column":4},"end":{"line":74,"column":53}},"type":"if","locations":[{"start":{"line":74,"column":4},"end":{"line":74,"column":53}},{"start":{},"end":{}}],"line":74},"2":{"loc":{"start":{"line":81,"column":22},"end":{"line":81,"column":55}},"type":"binary-expr","locations":[{"start":{"line":81,"column":22},"end":{"line":81,"column":40}},{"start":{"line":81,"column":44},"end":{"line":81,"column":55}}],"line":81},"3":{"loc":{"start":{"line":83,"column":4},"end":{"line":83,"column":29}},"type":"if","locations":[{"start":{"line":83,"column":4},"end":{"line":83,"column":29}},{"start":{},"end":{}}],"line":83},"4":{"loc":{"start":{"line":112,"column":2},"end":{"line":118,"column":3}},"type":"if","locations":[{"start":{"line":112,"column":2},"end":{"line":118,"column":3}},{"start":{},"end":{}}],"line":112},"5":{"loc":{"start":{"line":123,"column":18},"end":{"line":123,"column":62}},"type":"cond-expr","locations":[{"start":{"line":123,"column":42},"end":{"line":123,"column":51}},{"start":{"line":123,"column":54},"end":{"line":123,"column":62}}],"line":123},"6":{"loc":{"start":{"line":137,"column":11},"end":{"line":137,"column":78}},"type":"binary-expr","locations":[{"start":{"line":137,"column":11},"end":{"line":137,"column":16}},{"start":{"line":137,"column":20},"end":{"line":137,"column":78}}],"line":137},"7":{"loc":{"start":{"line":174,"column":13},"end":{"line":178,"column":13}},"type":"cond-expr","locations":[{"start":{"line":175,"column":14},"end":{"line":175,"column":48}},{"start":{"line":177,"column":14},"end":{"line":177,"column":78}}],"line":174}},"s":{"0":8,"1":8,"2":8,"3":8,"4":8,"5":8,"6":4,"7":4,"8":4,"9":4,"10":4,"11":0,"12":0,"13":0,"14":0,"15":0,"16":0,"17":0,"18":0,"19":4,"20":4,"21":8,"22":8,"23":4,"24":4,"25":4,"26":4,"27":0,"28":4,"29":8,"30":0,"31":0,"32":0,"33":8,"34":0,"35":8,"36":8,"37":0,"38":0,"39":0,"40":0,"41":0,"42":0,"43":0,"44":0,"45":0,"46":0,"47":0,"48":0,"49":0,"50":0,"51":0,"52":0,"53":8,"54":4,"55":4},"f":{"0":8,"1":4,"2":4,"3":0,"4":4,"5":0,"6":0,"7":0,"8":0},"b":{"0":[0,4],"1":[0,0],"2":[8,0],"3":[0,0],"4":[4,4],"5":[4,0],"6":[4,0],"7":[0,4]},"_coverageSchema":"1a1c01bbd47fc00a2c39e90264f33305004495a9","hash":"937a50f83af07803fd57893e2cf5c3284d333c71"}
,"D:\\book-exchange-fe\\src\\app\\auth\\phone\\otp.tsx": {"path":"D:\\book-exchange-fe\\src\\app\\auth\\phone\\otp.tsx","statementMap":{"0":{"start":{"line":14,"column":19},"end":{"line":14,"column":20}},"1":{"start":{"line":17,"column":17},"end":{"line":17,"column":28}},"2":{"start":{"line":18,"column":18},"end":{"line":18,"column":47}},"3":{"start":{"line":19,"column":24},"end":{"line":19,"column":70}},"4":{"start":{"line":20,"column":32},"end":{"line":20,"column":47}},"5":{"start":{"line":21,"column":28},"end":{"line":21,"column":57}},"6":{"start":{"line":22,"column":38},"end":{"line":22,"column":50}},"7":{"start":{"line":23,"column":40},"end":{"line":23,"column":69}},"8":{"start":{"line":24,"column":17},"end":{"line":24,"column":49}},"9":{"start":{"line":26,"column":2},"end":{"line":36,"column":19}},"10":{"start":{"line":28,"column":6},"end":{"line":31,"column":14}},"11":{"start":{"line":30,"column":8},"end":{"line":30,"column":58}},"12":{"start":{"line":30,"column":44},"end":{"line":30,"column":56}},"13":{"start":{"line":33,"column":4},"end":{"line":35,"column":6}},"14":{"start":{"line":34,"column":6},"end":{"line":34,"column":38}},"15":{"start":{"line":34,"column":17},"end":{"line":34,"column":38}},"16":{"start":{"line":38,"column":26},"end":{"line":48,"column":3}},"17":{"start":{"line":39,"column":4},"end":{"line":39,"column":37}},"18":{"start":{"line":39,"column":30},"end":{"line":39,"column":37}},"19":{"start":{"line":41,"column":19},"end":{"line":41,"column":27}},"20":{"start":{"line":42,"column":4},"end":{"line":42,"column":54}},"21":{"start":{"line":43,"column":4},"end":{"line":43,"column":19}},"22":{"start":{"line":45,"column":4},"end":{"line":47,"column":5}},"23":{"start":{"line":46,"column":6},"end":{"line":46,"column":41}},"24":{"start":{"line":50,"column":25},"end":{"line":54,"column":3}},"25":{"start":{"line":51,"column":4},"end":{"line":53,"column":5}},"26":{"start":{"line":52,"column":6},"end":{"line":52,"column":41}},"27":{"start":{"line":56,"column":20},"end":{"line":82,"column":3}},"28":{"start":{"line":57,"column":4},"end":{"line":81,"column":5}},"29":{"start":{"line":58,"column":6},"end":{"line":58,"column":23}},"30":{"start":{"line":59,"column":6},"end":{"line":59,"column":21}},"31":{"start":{"line":61,"column":22},"end":{"line":61,"column":34}},"32":{"start":{"line":62,"column":6},"end":{"line":65,"column":7}},"33":{"start":{"line":63,"column":8},"end":{"line":63,"column":49}},"34":{"start":{"line":64,"column":8},"end":{"line":64,"column":15}},"35":{"start":{"line":73,"column":6},"end":{"line":73,"column":45}},"36":{"start":{"line":74,"column":6},"end":{"line":74,"column":64}},"37":{"start":{"line":74,"column":37},"end":{"line":74,"column":62}},"38":{"start":{"line":75,"column":6},"end":{"line":75,"column":33}},"39":{"start":{"line":77,"column":6},"end":{"line":77,"column":54}},"40":{"start":{"line":78,"column":6},"end":{"line":78,"column":60}},"41":{"start":{"line":80,"column":6},"end":{"line":80,"column":24}},"42":{"start":{"line":83,"column":21},"end":{"line":85,"column":3}},"43":{"start":{"line":84,"column":4},"end":{"line":84,"column":38}},"44":{"start":{"line":87,"column":26},"end":{"line":110,"column":3}},"45":{"start":{"line":88,"column":4},"end":{"line":88,"column":31}},"46":{"start":{"line":88,"column":24},"end":{"line":88,"column":31}},"47":{"start":{"line":90,"column":4},"end":{"line":109,"column":5}},"48":{"start":{"line":91,"column":6},"end":{"line":91,"column":23}},"49":{"start":{"line":92,"column":6},"end":{"line":92,"column":21}},"50":{"start":{"line":99,"column":6},"end":{"line":99,"column":46}},"51":{"start":{"line":100,"column":6},"end":{"line":100,"column":64}},"52":{"start":{"line":100,"column":37},"end":{"line":100,"column":62}},"53":{"start":{"line":102,"column":6},"end":{"line":102,"column":24}},"54":{"start":{"line":103,"column":6},"end":{"line":103,"column":41}},"55":{"start":{"line":105,"column":6},"end":{"line":105,"column":48}},"56":{"start":{"line":106,"column":6},"end":{"line":106,"column":62}},"57":{"start":{"line":108,"column":6},"end":{"line":108,"column":24}},"58":{"start":{"line":112,"column":24},"end":{"line":112,"column":66}},"59":{"start":{"line":112,"column":53},"end":{"line":112,"column":65}},"60":{"start":{"line":114,"column":2},"end":{"line":203,"column":4}},"61":{"start":{"line":144,"column":18},"end":{"line":167,"column":20}},"62":{"start":{"line":147,"column":22},"end":{"line":151,"column":23}},"63":{"start":{"line":148,"column":24},"end":{"line":148,"column":52}},"64":{"start":{"line":150,"column":24},"end":{"line":150,"column":53}},"65":{"start":{"line":161,"column":45},"end":{"line":161,"column":74}},"66":{"start":{"line":162,"column":39},"end":{"line":162,"column":63}},"67":{"start":{"line":163,"column":35},"end":{"line":163,"column":56}},"68":{"start":{"line":164,"column":34},"end":{"line":164,"column":54}}},"fnMap":{"0":{"name":"OTPScreen","decl":{"start":{"line":16,"column":24},"end":{"line":16,"column":33}},"loc":{"start":{"line":16,"column":36},"end":{"line":204,"column":1}},"line":16},"1":{"name":"(anonymous_1)","decl":{"start":{"line":26,"column":12},"end":{"line":26,"column":13}},"loc":{"start":{"line":26,"column":18},"end":{"line":36,"column":3}},"line":26},"2":{"name":"(anonymous_2)","decl":{"start":{"line":29,"column":18},"end":{"line":29,"column":19}},"loc":{"start":{"line":29,"column":24},"end":{"line":31,"column":7}},"line":29},"3":{"name":"(anonymous_3)","decl":{"start":{"line":30,"column":22},"end":{"line":30,"column":23}},"loc":{"start":{"line":30,"column":44},"end":{"line":30,"column":56}},"line":30},"4":{"name":"(anonymous_4)","decl":{"start":{"line":33,"column":11},"end":{"line":33,"column":12}},"loc":{"start":{"line":33,"column":17},"end":{"line":35,"column":5}},"line":33},"5":{"name":"(anonymous_5)","decl":{"start":{"line":38,"column":26},"end":{"line":38,"column":27}},"loc":{"start":{"line":38,"column":60},"end":{"line":48,"column":3}},"line":38},"6":{"name":"(anonymous_6)","decl":{"start":{"line":50,"column":25},"end":{"line":50,"column":26}},"loc":{"start":{"line":50,"column":52},"end":{"line":54,"column":3}},"line":50},"7":{"name":"(anonymous_7)","decl":{"start":{"line":56,"column":20},"end":{"line":56,"column":21}},"loc":{"start":{"line":56,"column":32},"end":{"line":82,"column":3}},"line":56},"8":{"name":"(anonymous_8)","decl":{"start":{"line":74,"column":24},"end":{"line":74,"column":25}},"loc":{"start":{"line":74,"column":37},"end":{"line":74,"column":62}},"line":74},"9":{"name":"(anonymous_9)","decl":{"start":{"line":83,"column":21},"end":{"line":83,"column":22}},"loc":{"start":{"line":83,"column":27},"end":{"line":85,"column":3}},"line":83},"10":{"name":"(anonymous_10)","decl":{"start":{"line":87,"column":26},"end":{"line":87,"column":27}},"loc":{"start":{"line":87,"column":38},"end":{"line":110,"column":3}},"line":87},"11":{"name":"(anonymous_11)","decl":{"start":{"line":100,"column":24},"end":{"line":100,"column":25}},"loc":{"start":{"line":100,"column":37},"end":{"line":100,"column":62}},"line":100},"12":{"name":"(anonymous_12)","decl":{"start":{"line":112,"column":34},"end":{"line":112,"column":35}},"loc":{"start":{"line":112,"column":53},"end":{"line":112,"column":65}},"line":112},"13":{"name":"(anonymous_13)","decl":{"start":{"line":143,"column":21},"end":{"line":143,"column":22}},"loc":{"start":{"line":144,"column":18},"end":{"line":167,"column":20}},"line":144},"14":{"name":"(anonymous_14)","decl":{"start":{"line":146,"column":25},"end":{"line":146,"column":26}},"loc":{"start":{"line":146,"column":34},"end":{"line":152,"column":21}},"line":146},"15":{"name":"(anonymous_15)","decl":{"start":{"line":161,"column":34},"end":{"line":161,"column":35}},"loc":{"start":{"line":161,"column":45},"end":{"line":161,"column":74}},"line":161},"16":{"name":"(anonymous_16)","decl":{"start":{"line":162,"column":32},"end":{"line":162,"column":33}},"loc":{"start":{"line":162,"column":39},"end":{"line":162,"column":63}},"line":162},"17":{"name":"(anonymous_17)","decl":{"start":{"line":163,"column":29},"end":{"line":163,"column":30}},"loc":{"start":{"line":163,"column":35},"end":{"line":163,"column":56}},"line":163},"18":{"name":"(anonymous_18)","decl":{"start":{"line":164,"column":28},"end":{"line":164,"column":29}},"loc":{"start":{"line":164,"column":34},"end":{"line":164,"column":54}},"line":164}},"branchMap":{"0":{"loc":{"start":{"line":28,"column":6},"end":{"line":31,"column":14}},"type":"binary-expr","locations":[{"start":{"line":28,"column":6},"end":{"line":28,"column":20}},{"start":{"line":29,"column":6},"end":{"line":31,"column":14}}],"line":28},"1":{"loc":{"start":{"line":34,"column":6},"end":{"line":34,"column":38}},"type":"if","locations":[{"start":{"line":34,"column":6},"end":{"line":34,"column":38}},{"start":{},"end":{}}],"line":34},"2":{"loc":{"start":{"line":39,"column":4},"end":{"line":39,"column":37}},"type":"if","locations":[{"start":{"line":39,"column":4},"end":{"line":39,"column":37}},{"start":{},"end":{}}],"line":39},"3":{"loc":{"start":{"line":45,"column":4},"end":{"line":47,"column":5}},"type":"if","locations":[{"start":{"line":45,"column":4},"end":{"line":47,"column":5}},{"start":{},"end":{}}],"line":45},"4":{"loc":{"start":{"line":45,"column":8},"end":{"line":45,"column":39}},"type":"binary-expr","locations":[{"start":{"line":45,"column":8},"end":{"line":45,"column":13}},{"start":{"line":45,"column":17},"end":{"line":45,"column":39}}],"line":45},"5":{"loc":{"start":{"line":51,"column":4},"end":{"line":53,"column":5}},"type":"if","locations":[{"start":{"line":51,"column":4},"end":{"line":53,"column":5}},{"start":{},"end":{}}],"line":51},"6":{"loc":{"start":{"line":51,"column":8},"end":{"line":51,"column":69}},"type":"binary-expr","locations":[{"start":{"line":51,"column":8},"end":{"line":51,"column":41}},{"start":{"line":51,"column":45},"end":{"line":51,"column":56}},{"start":{"line":51,"column":60},"end":{"line":51,"column":69}}],"line":51},"7":{"loc":{"start":{"line":62,"column":6},"end":{"line":65,"column":7}},"type":"if","locations":[{"start":{"line":62,"column":6},"end":{"line":65,"column":7}},{"start":{},"end":{}}],"line":62},"8":{"loc":{"start":{"line":88,"column":4},"end":{"line":88,"column":31}},"type":"if","locations":[{"start":{"line":88,"column":4},"end":{"line":88,"column":31}},{"start":{},"end":{}}],"line":88},"9":{"loc":{"start":{"line":117,"column":18},"end":{"line":117,"column":62}},"type":"cond-expr","locations":[{"start":{"line":117,"column":42},"end":{"line":117,"column":51}},{"start":{"line":117,"column":54},"end":{"line":117,"column":62}}],"line":117},"10":{"loc":{"start":{"line":133,"column":11},"end":{"line":137,"column":11}},"type":"binary-expr","locations":[{"start":{"line":133,"column":11},"end":{"line":133,"column":16}},{"start":{"line":134,"column":12},"end":{"line":136,"column":19}}],"line":133},"11":{"loc":{"start":{"line":147,"column":22},"end":{"line":151,"column":23}},"type":"if","locations":[{"start":{"line":147,"column":22},"end":{"line":151,"column":23}},{"start":{"line":149,"column":29},"end":{"line":151,"column":23}}],"line":147},"12":{"loc":{"start":{"line":154,"column":22},"end":{"line":156,"column":44}},"type":"cond-expr","locations":[{"start":{"line":155,"column":26},"end":{"line":155,"column":49}},{"start":{"line":156,"column":26},"end":{"line":156,"column":44}}],"line":154},"13":{"loc":{"start":{"line":178,"column":20},"end":{"line":178,"column":76}},"type":"cond-expr","locations":[{"start":{"line":178,"column":37},"end":{"line":178,"column":52}},{"start":{"line":178,"column":55},"end":{"line":178,"column":76}}],"line":178},"14":{"loc":{"start":{"line":181,"column":19},"end":{"line":181,"column":74}},"type":"cond-expr","locations":[{"start":{"line":181,"column":36},"end":{"line":181,"column":62}},{"start":{"line":181,"column":65},"end":{"line":181,"column":74}}],"line":181},"15":{"loc":{"start":{"line":190,"column":22},"end":{"line":190,"column":47}},"type":"binary-expr","locations":[{"start":{"line":190,"column":22},"end":{"line":190,"column":36}},{"start":{"line":190,"column":40},"end":{"line":190,"column":47}}],"line":190},"16":{"loc":{"start":{"line":194,"column":13},"end":{"line":198,"column":13}},"type":"cond-expr","locations":[{"start":{"line":195,"column":14},"end":{"line":195,"column":48}},{"start":{"line":197,"column":14},"end":{"line":197,"column":78}}],"line":194}},"s":{"0":0,"1":0,"2":0,"3":0,"4":0,"5":0,"6":0,"7":0,"8":0,"9":0,"10":0,"11":0,"12":0,"13":0,"14":0,"15":0,"16":0,"17":0,"18":0,"19":0,"20":0,"21":0,"22":0,"23":0,"24":0,"25":0,"26":0,"27":0,"28":0,"29":0,"30":0,"31":0,"32":0,"33":0,"34":0,"35":0,"36":0,"37":0,"38":0,"39":0,"40":0,"41":0,"42":0,"43":0,"44":0,"45":0,"46":0,"47":0,"48":0,"49":0,"50":0,"51":0,"52":0,"53":0,"54":0,"55":0,"56":0,"57":0,"58":0,"59":0,"60":0,"61":0,"62":0,"63":0,"64":0,"65":0,"66":0,"67":0,"68":0},"f":{"0":0,"1":0,"2":0,"3":0,"4":0,"5":0,"6":0,"7":0,"8":0,"9":0,"10":0,"11":0,"12":0,"13":0,"14":0,"15":0,"16":0,"17":0,"18":0},"b":{"0":[0,0],"1":[0,0],"2":[0,0],"3":[0,0],"4":[0,0],"5":[0,0],"6":[0,0,0],"7":[0,0],"8":[0,0],"9":[0,0],"10":[0,0],"11":[0,0],"12":[0,0],"13":[0,0],"14":[0,0],"15":[0,0],"16":[0,0]}}
,"D:\\book-exchange-fe\\src\\app\\auth\\register\\index.tsx": {"path":"D:\\book-exchange-fe\\src\\app\\auth\\register\\index.tsx","statementMap":{"0":{"start":{"line":20,"column":0},"end":{"line":20,"column":45}},"1":{"start":{"line":23,"column":2},"end":{"line":23,"column":38}},"2":{"start":{"line":23,"column":29},"end":{"line":23,"column":38}},"3":{"start":{"line":24,"column":2},"end":{"line":24,"column":64}},"4":{"start":{"line":24,"column":52},"end":{"line":24,"column":64}},"5":{"start":{"line":25,"column":2},"end":{"line":25,"column":19}},"6":{"start":{"line":29,"column":2},"end":{"line":29,"column":58}},"7":{"start":{"line":30,"column":2},"end":{"line":30,"column":30}},"8":{"start":{"line":32,"column":13},"end":{"line":32,"column":62}},"9":{"start":{"line":33,"column":2},"end":{"line":33,"column":57}},"10":{"start":{"line":34,"column":2},"end":{"line":34,"column":12}},"11":{"start":{"line":38,"column":2},"end":{"line":41,"column":12}},"12":{"start":{"line":45,"column":17},"end":{"line":45,"column":28}},"13":{"start":{"line":47,"column":26},"end":{"line":47,"column":38}},"14":{"start":{"line":48,"column":28},"end":{"line":48,"column":40}},"15":{"start":{"line":49,"column":34},"end":{"line":49,"column":46}},"16":{"start":{"line":51,"column":26},"end":{"line":51,"column":41}},"17":{"start":{"line":53,"column":22},"end":{"line":56,"column":3}},"18":{"start":{"line":54,"column":10},"end":{"line":54,"column":74}},"19":{"start":{"line":59,"column":2},"end":{"line":74,"column":20}},"20":{"start":{"line":60,"column":17},"end":{"line":72,"column":5}},"21":{"start":{"line":61,"column":6},"end":{"line":71,"column":7}},"22":{"start":{"line":62,"column":8},"end":{"line":62,"column":33}},"23":{"start":{"line":62,"column":26},"end":{"line":62,"column":33}},"24":{"start":{"line":63,"column":33},"end":{"line":63,"column":57}},"25":{"start":{"line":64,"column":8},"end":{"line":68,"column":11}},"26":{"start":{"line":70,"column":8},"end":{"line":70,"column":35}},"27":{"start":{"line":73,"column":4},"end":{"line":73,"column":11}},"28":{"start":{"line":76,"column":25},"end":{"line":106,"column":3}},"29":{"start":{"line":77,"column":14},"end":{"line":77,"column":25}},"30":{"start":{"line":78,"column":14},"end":{"line":78,"column":26}},"31":{"start":{"line":80,"column":4},"end":{"line":86,"column":5}},"32":{"start":{"line":81,"column":6},"end":{"line":84,"column":8}},"33":{"start":{"line":85,"column":6},"end":{"line":85,"column":13}},"34":{"start":{"line":88,"column":4},"end":{"line":88,"column":18}},"35":{"start":{"line":89,"column":4},"end":{"line":105,"column":5}},"36":{"start":{"line":90,"column":6},"end":{"line":94,"column":16}},"37":{"start":{"line":96,"column":18},"end":{"line":96,"column":43}},"38":{"start":{"line":97,"column":6},"end":{"line":97,"column":54}},"39":{"start":{"line":99,"column":6},"end":{"line":99,"column":33}},"40":{"start":{"line":101,"column":6},"end":{"line":101,"column":35}},"41":{"start":{"line":102,"column":6},"end":{"line":102,"column":65}},"42":{"start":{"line":104,"column":6},"end":{"line":104,"column":21}},"43":{"start":{"line":108,"column":29},"end":{"line":191,"column":3}},"44":{"start":{"line":109,"column":4},"end":{"line":115,"column":5}},"45":{"start":{"line":110,"column":6},"end":{"line":113,"column":8}},"46":{"start":{"line":114,"column":6},"end":{"line":114,"column":13}},"47":{"start":{"line":117,"column":4},"end":{"line":117,"column":18}},"48":{"start":{"line":118,"column":4},"end":{"line":190,"column":5}},"49":{"start":{"line":125,"column":10},"end":{"line":125,"column":34}},"50":{"start":{"line":127,"column":6},"end":{"line":129,"column":9}},"51":{"start":{"line":131,"column":23},"end":{"line":131,"column":50}},"52":{"start":{"line":132,"column":6},"end":{"line":132,"column":47}},"53":{"start":{"line":132,"column":40},"end":{"line":132,"column":47}},"54":{"start":{"line":134,"column":25},"end":{"line":134,"column":44}},"55":{"start":{"line":135,"column":21},"end":{"line":135,"column":38}},"56":{"start":{"line":136,"column":20},"end":{"line":136,"column":61}},"57":{"start":{"line":138,"column":6},"end":{"line":141,"column":7}},"58":{"start":{"line":139,"column":8},"end":{"line":139,"column":62}},"59":{"start":{"line":140,"column":8},"end":{"line":140,"column":15}},"60":{"start":{"line":143,"column":6},"end":{"line":163,"column":7}},"61":{"start":{"line":145,"column":20},"end":{"line":145,"column":52}},"62":{"start":{"line":146,"column":8},"end":{"line":146,"column":56}},"63":{"start":{"line":147,"column":8},"end":{"line":147,"column":35}},"64":{"start":{"line":150,"column":8},"end":{"line":162,"column":9}},"65":{"start":{"line":151,"column":10},"end":{"line":155,"column":20}},"66":{"start":{"line":157,"column":22},"end":{"line":157,"column":54}},"67":{"start":{"line":158,"column":10},"end":{"line":158,"column":58}},"68":{"start":{"line":159,"column":10},"end":{"line":159,"column":37}},"69":{"start":{"line":161,"column":10},"end":{"line":161,"column":20}},"70":{"start":{"line":165,"column":6},"end":{"line":184,"column":16}},"71":{"start":{"line":167,"column":10},"end":{"line":167,"column":34}},"72":{"start":{"line":168,"column":8},"end":{"line":172,"column":17}},"73":{"start":{"line":172,"column":10},"end":{"line":172,"column":17}},"74":{"start":{"line":174,"column":8},"end":{"line":183,"column":9}},"75":{"start":{"line":178,"column":10},"end":{"line":181,"column":12}},"76":{"start":{"line":182,"column":10},"end":{"line":182,"column":17}},"77":{"start":{"line":186,"column":6},"end":{"line":186,"column":35}},"78":{"start":{"line":187,"column":6},"end":{"line":187,"column":76}},"79":{"start":{"line":189,"column":6},"end":{"line":189,"column":21}},"80":{"start":{"line":194,"column":4},"end":{"line":194,"column":92}},"81":{"start":{"line":195,"column":23},"end":{"line":195,"column":66}},"82":{"start":{"line":197,"column":2},"end":{"line":306,"column":4}},"83":{"start":{"line":295,"column":29},"end":{"line":295,"column":55}}},"fnMap":{"0":{"name":"asString","decl":{"start":{"line":22,"column":9},"end":{"line":22,"column":17}},"loc":{"start":{"line":22,"column":50},"end":{"line":26,"column":1}},"line":22},"1":{"name":"persistSession","decl":{"start":{"line":28,"column":15},"end":{"line":28,"column":29}},"loc":{"start":{"line":28,"column":51},"end":{"line":35,"column":1}},"line":28},"2":{"name":"signIn","decl":{"start":{"line":37,"column":15},"end":{"line":37,"column":21}},"loc":{"start":{"line":37,"column":55},"end":{"line":42,"column":1}},"line":37},"3":{"name":"RegisterScreen","decl":{"start":{"line":44,"column":24},"end":{"line":44,"column":38}},"loc":{"start":{"line":44,"column":41},"end":{"line":307,"column":1}},"line":44},"4":{"name":"(anonymous_4)","decl":{"start":{"line":54,"column":4},"end":{"line":54,"column":5}},"loc":{"start":{"line":54,"column":10},"end":{"line":54,"column":74}},"line":54},"5":{"name":"(anonymous_5)","decl":{"start":{"line":59,"column":12},"end":{"line":59,"column":13}},"loc":{"start":{"line":59,"column":18},"end":{"line":74,"column":3}},"line":59},"6":{"name":"(anonymous_6)","decl":{"start":{"line":60,"column":17},"end":{"line":60,"column":18}},"loc":{"start":{"line":60,"column":29},"end":{"line":72,"column":5}},"line":60},"7":{"name":"(anonymous_7)","decl":{"start":{"line":76,"column":25},"end":{"line":76,"column":26}},"loc":{"start":{"line":76,"column":37},"end":{"line":106,"column":3}},"line":76},"8":{"name":"(anonymous_8)","decl":{"start":{"line":108,"column":29},"end":{"line":108,"column":30}},"loc":{"start":{"line":108,"column":41},"end":{"line":191,"column":3}},"line":108},"9":{"name":"(anonymous_9)","decl":{"start":{"line":295,"column":23},"end":{"line":295,"column":24}},"loc":{"start":{"line":295,"column":29},"end":{"line":295,"column":55}},"line":295}},"branchMap":{"0":{"loc":{"start":{"line":23,"column":2},"end":{"line":23,"column":38}},"type":"if","locations":[{"start":{"line":23,"column":2},"end":{"line":23,"column":38}},{"start":{},"end":{}}],"line":23},"1":{"loc":{"start":{"line":24,"column":2},"end":{"line":24,"column":64}},"type":"if","locations":[{"start":{"line":24,"column":2},"end":{"line":24,"column":64}},{"start":{},"end":{}}],"line":24},"2":{"loc":{"start":{"line":24,"column":6},"end":{"line":24,"column":50}},"type":"binary-expr","locations":[{"start":{"line":24,"column":6},"end":{"line":24,"column":22}},{"start":{"line":24,"column":26},"end":{"line":24,"column":50}}],"line":24},"3":{"loc":{"start":{"line":62,"column":8},"end":{"line":62,"column":33}},"type":"if","locations":[{"start":{"line":62,"column":8},"end":{"line":62,"column":33}},{"start":{},"end":{}}],"line":62},"4":{"loc":{"start":{"line":80,"column":4},"end":{"line":86,"column":5}},"type":"if","locations":[{"start":{"line":80,"column":4},"end":{"line":86,"column":5}},{"start":{},"end":{}}],"line":80},"5":{"loc":{"start":{"line":80,"column":8},"end":{"line":80,"column":29}},"type":"binary-expr","locations":[{"start":{"line":80,"column":8},"end":{"line":80,"column":10}},{"start":{"line":80,"column":14},"end":{"line":80,"column":16}},{"start":{"line":80,"column":20},"end":{"line":80,"column":29}}],"line":80},"6":{"loc":{"start":{"line":109,"column":4},"end":{"line":115,"column":5}},"type":"if","locations":[{"start":{"line":109,"column":4},"end":{"line":115,"column":5}},{"start":{},"end":{}}],"line":109},"7":{"loc":{"start":{"line":132,"column":6},"end":{"line":132,"column":47}},"type":"if","locations":[{"start":{"line":132,"column":6},"end":{"line":132,"column":47}},{"start":{},"end":{}}],"line":132},"8":{"loc":{"start":{"line":136,"column":20},"end":{"line":136,"column":61}},"type":"binary-expr","locations":[{"start":{"line":136,"column":20},"end":{"line":136,"column":36}},{"start":{"line":136,"column":40},"end":{"line":136,"column":61}}],"line":136},"9":{"loc":{"start":{"line":138,"column":6},"end":{"line":141,"column":7}},"type":"if","locations":[{"start":{"line":138,"column":6},"end":{"line":141,"column":7}},{"start":{},"end":{}}],"line":138},"10":{"loc":{"start":{"line":150,"column":8},"end":{"line":162,"column":9}},"type":"if","locations":[{"start":{"line":150,"column":8},"end":{"line":162,"column":9}},{"start":{"line":160,"column":15},"end":{"line":162,"column":9}}],"line":150},"11":{"loc":{"start":{"line":150,"column":12},"end":{"line":150,"column":52}},"type":"binary-expr","locations":[{"start":{"line":150,"column":12},"end":{"line":150,"column":30}},{"start":{"line":150,"column":34},"end":{"line":150,"column":52}}],"line":150},"12":{"loc":{"start":{"line":152,"column":18},"end":{"line":152,"column":33}},"type":"binary-expr","locations":[{"start":{"line":152,"column":18},"end":{"line":152,"column":23}},{"start":{"line":152,"column":27},"end":{"line":152,"column":33}}],"line":152},"13":{"loc":{"start":{"line":168,"column":8},"end":{"line":172,"column":17}},"type":"if","locations":[{"start":{"line":168,"column":8},"end":{"line":172,"column":17}},{"start":{},"end":{}}],"line":168},"14":{"loc":{"start":{"line":169,"column":10},"end":{"line":170,"column":54}},"type":"binary-expr","locations":[{"start":{"line":169,"column":10},"end":{"line":169,"column":36}},{"start":{"line":170,"column":10},"end":{"line":170,"column":54}}],"line":169},"15":{"loc":{"start":{"line":174,"column":8},"end":{"line":183,"column":9}},"type":"if","locations":[{"start":{"line":174,"column":8},"end":{"line":183,"column":9}},{"start":{},"end":{}}],"line":174},"16":{"loc":{"start":{"line":175,"column":10},"end":{"line":176,"column":62}},"type":"binary-expr","locations":[{"start":{"line":175,"column":10},"end":{"line":175,"column":32}},{"start":{"line":176,"column":10},"end":{"line":176,"column":62}}],"line":175},"17":{"loc":{"start":{"line":281,"column":13},"end":{"line":287,"column":13}},"type":"cond-expr","locations":[{"start":{"line":282,"column":14},"end":{"line":282,"column":48}},{"start":{"line":284,"column":14},"end":{"line":286,"column":21}}],"line":281}},"s":{"0":0,"1":0,"2":0,"3":0,"4":0,"5":0,"6":0,"7":0,"8":0,"9":0,"10":0,"11":0,"12":0,"13":0,"14":0,"15":0,"16":0,"17":0,"18":0,"19":0,"20":0,"21":0,"22":0,"23":0,"24":0,"25":0,"26":0,"27":0,"28":0,"29":0,"30":0,"31":0,"32":0,"33":0,"34":0,"35":0,"36":0,"37":0,"38":0,"39":0,"40":0,"41":0,"42":0,"43":0,"44":0,"45":0,"46":0,"47":0,"48":0,"49":0,"50":0,"51":0,"52":0,"53":0,"54":0,"55":0,"56":0,"57":0,"58":0,"59":0,"60":0,"61":0,"62":0,"63":0,"64":0,"65":0,"66":0,"67":0,"68":0,"69":0,"70":0,"71":0,"72":0,"73":0,"74":0,"75":0,"76":0,"77":0,"78":0,"79":0,"80":0,"81":0,"82":0,"83":0},"f":{"0":0,"1":0,"2":0,"3":0,"4":0,"5":0,"6":0,"7":0,"8":0,"9":0},"b":{"0":[0,0],"1":[0,0],"2":[0,0],"3":[0,0],"4":[0,0],"5":[0,0,0],"6":[0,0],"7":[0,0],"8":[0,0],"9":[0,0],"10":[0,0],"11":[0,0],"12":[0,0],"13":[0,0],"14":[0,0],"15":[0,0],"16":[0,0],"17":[0,0]}}
,"D:\\book-exchange-fe\\src\\app\\cart\\index.tsx": {"path":"D:\\book-exchange-fe\\src\\app\\cart\\index.tsx","statementMap":{"0":{"start":{"line":55,"column":30},"end":{"line":55,"column":55}},"1":{"start":{"line":56,"column":32},"end":{"line":56,"column":46}},"2":{"start":{"line":57,"column":38},"end":{"line":57,"column":53}},"3":{"start":{"line":58,"column":44},"end":{"line":58,"column":76}},"4":{"start":{"line":59,"column":58},"end":{"line":59,"column":73}},"5":{"start":{"line":60,"column":52},"end":{"line":60,"column":67}},"6":{"start":{"line":61,"column":48},"end":{"line":61,"column":77}},"7":{"start":{"line":62,"column":38},"end":{"line":62,"column":53}},"8":{"start":{"line":63,"column":40},"end":{"line":63,"column":55}},"9":{"start":{"line":64,"column":60},"end":{"line":64,"column":75}},"10":{"start":{"line":67,"column":20},"end":{"line":69,"column":3}},"11":{"start":{"line":68,"column":4},"end":{"line":68,"column":67}},"12":{"start":{"line":72,"column":4},"end":{"line":75,"column":32}},"13":{"start":{"line":77,"column":21},"end":{"line":110,"column":3}},"14":{"start":{"line":78,"column":4},"end":{"line":78,"column":28}},"15":{"start":{"line":79,"column":4},"end":{"line":79,"column":35}},"16":{"start":{"line":80,"column":4},"end":{"line":80,"column":34}},"17":{"start":{"line":82,"column":4},"end":{"line":109,"column":5}},"18":{"start":{"line":83,"column":20},"end":{"line":83,"column":62}},"19":{"start":{"line":84,"column":6},"end":{"line":87,"column":7}},"20":{"start":{"line":85,"column":8},"end":{"line":85,"column":53}},"21":{"start":{"line":86,"column":8},"end":{"line":86,"column":30}},"22":{"start":{"line":88,"column":27},"end":{"line":90,"column":7}},"23":{"start":{"line":91,"column":6},"end":{"line":95,"column":10}},"24":{"start":{"line":91,"column":34},"end":{"line":95,"column":7}},"25":{"start":{"line":97,"column":6},"end":{"line":105,"column":9}},"26":{"start":{"line":98,"column":8},"end":{"line":98,"column":40}},"27":{"start":{"line":99,"column":8},"end":{"line":102,"column":11}},"28":{"start":{"line":103,"column":8},"end":{"line":103,"column":32}},"29":{"start":{"line":104,"column":8},"end":{"line":104,"column":39}},"30":{"start":{"line":106,"column":6},"end":{"line":106,"column":60}},"31":{"start":{"line":108,"column":6},"end":{"line":108,"column":38}},"32":{"start":{"line":112,"column":22},"end":{"line":140,"column":3}},"33":{"start":{"line":113,"column":4},"end":{"line":139,"column":5}},"34":{"start":{"line":114,"column":20},"end":{"line":114,"column":62}},"35":{"start":{"line":115,"column":6},"end":{"line":118,"column":7}},"36":{"start":{"line":116,"column":8},"end":{"line":116,"column":53}},"37":{"start":{"line":117,"column":8},"end":{"line":117,"column":30}},"38":{"start":{"line":119,"column":23},"end":{"line":119,"column":75}},"39":{"start":{"line":120,"column":24},"end":{"line":122,"column":58}},"40":{"start":{"line":121,"column":37},"end":{"line":121,"column":73}},"41":{"start":{"line":122,"column":34},"end":{"line":122,"column":57}},"42":{"start":{"line":124,"column":6},"end":{"line":124,"column":27}},"43":{"start":{"line":126,"column":6},"end":{"line":134,"column":9}},"44":{"start":{"line":127,"column":8},"end":{"line":127,"column":40}},"45":{"start":{"line":128,"column":8},"end":{"line":131,"column":11}},"46":{"start":{"line":132,"column":8},"end":{"line":132,"column":32}},"47":{"start":{"line":133,"column":8},"end":{"line":133,"column":39}},"48":{"start":{"line":135,"column":6},"end":{"line":135,"column":48}},"49":{"start":{"line":137,"column":6},"end":{"line":137,"column":24}},"50":{"start":{"line":138,"column":6},"end":{"line":138,"column":27}},"51":{"start":{"line":142,"column":2},"end":{"line":146,"column":4}},"52":{"start":{"line":144,"column":6},"end":{"line":144,"column":20}},"53":{"start":{"line":148,"column":20},"end":{"line":151,"column":3}},"54":{"start":{"line":149,"column":4},"end":{"line":149,"column":24}},"55":{"start":{"line":150,"column":4},"end":{"line":150,"column":18}},"56":{"start":{"line":152,"column":28},"end":{"line":155,"column":3}},"57":{"start":{"line":153,"column":4},"end":{"line":153,"column":32}},"58":{"start":{"line":154,"column":4},"end":{"line":154,"column":31}},"59":{"start":{"line":157,"column":30},"end":{"line":185,"column":3}},"60":{"start":{"line":158,"column":4},"end":{"line":158,"column":33}},"61":{"start":{"line":158,"column":26},"end":{"line":158,"column":33}},"62":{"start":{"line":160,"column":4},"end":{"line":160,"column":24}},"63":{"start":{"line":161,"column":4},"end":{"line":184,"column":5}},"64":{"start":{"line":162,"column":6},"end":{"line":164,"column":8}},"65":{"start":{"line":165,"column":6},"end":{"line":167,"column":8}},"66":{"start":{"line":166,"column":8},"end":{"line":166,"column":70}},"67":{"start":{"line":166,"column":36},"end":{"line":166,"column":69}},"68":{"start":{"line":168,"column":6},"end":{"line":168,"column":34}},"69":{"start":{"line":169,"column":6},"end":{"line":169,"column":27}},"70":{"start":{"line":171,"column":6},"end":{"line":179,"column":9}},"71":{"start":{"line":172,"column":8},"end":{"line":172,"column":40}},"72":{"start":{"line":173,"column":8},"end":{"line":176,"column":11}},"73":{"start":{"line":177,"column":8},"end":{"line":177,"column":32}},"74":{"start":{"line":178,"column":8},"end":{"line":178,"column":39}},"75":{"start":{"line":180,"column":6},"end":{"line":180,"column":52}},"76":{"start":{"line":181,"column":6},"end":{"line":181,"column":74}},"77":{"start":{"line":183,"column":6},"end":{"line":183,"column":27}},"78":{"start":{"line":209,"column":2},"end":{"line":215,"column":3}},"79":{"start":{"line":210,"column":4},"end":{"line":214,"column":6}},"80":{"start":{"line":217,"column":2},"end":{"line":473,"column":4}},"81":{"start":{"line":237,"column":38},"end":{"line":237,"column":62}},"82":{"start":{"line":239,"column":16},"end":{"line":248,"column":18}},"83":{"start":{"line":246,"column":34},"end":{"line":246,"column":66}},"84":{"start":{"line":247,"column":33},"end":{"line":247,"column":49}},"85":{"start":{"line":254,"column":44},"end":{"line":254,"column":68}},"86":{"start":{"line":275,"column":30},"end":{"line":275,"column":60}},"87":{"start":{"line":280,"column":27},"end":{"line":280,"column":57}},"88":{"start":{"line":364,"column":36},"end":{"line":364,"column":62}},"89":{"start":{"line":365,"column":22},"end":{"line":365,"column":41}},"90":{"start":{"line":365,"column":34},"end":{"line":365,"column":41}},"91":{"start":{"line":366,"column":22},"end":{"line":366,"column":54}},"92":{"start":{"line":429,"column":36},"end":{"line":429,"column":62}},"93":{"start":{"line":430,"column":22},"end":{"line":430,"column":65}},"94":{"start":{"line":430,"column":33},"end":{"line":430,"column":65}},"95":{"start":{"line":440,"column":35},"end":{"line":440,"column":65}},"96":{"start":{"line":453,"column":23},"end":{"line":453,"column":50}},"97":{"start":{"line":465,"column":23},"end":{"line":465,"column":44}},"98":{"start":{"line":466,"column":27},"end":{"line":466,"column":48}}},"fnMap":{"0":{"name":"Index","decl":{"start":{"line":54,"column":24},"end":{"line":54,"column":29}},"loc":{"start":{"line":54,"column":32},"end":{"line":474,"column":1}},"line":54},"1":{"name":"(anonymous_1)","decl":{"start":{"line":67,"column":20},"end":{"line":67,"column":21}},"loc":{"start":{"line":67,"column":39},"end":{"line":69,"column":3}},"line":67},"2":{"name":"(anonymous_2)","decl":{"start":{"line":77,"column":21},"end":{"line":77,"column":22}},"loc":{"start":{"line":77,"column":49},"end":{"line":110,"column":3}},"line":77},"3":{"name":"(anonymous_3)","decl":{"start":{"line":91,"column":23},"end":{"line":91,"column":24}},"loc":{"start":{"line":91,"column":34},"end":{"line":95,"column":7}},"line":91},"4":{"name":"(anonymous_4)","decl":{"start":{"line":97,"column":23},"end":{"line":97,"column":24}},"loc":{"start":{"line":97,"column":34},"end":{"line":105,"column":7}},"line":97},"5":{"name":"(anonymous_5)","decl":{"start":{"line":112,"column":22},"end":{"line":112,"column":23}},"loc":{"start":{"line":112,"column":34},"end":{"line":140,"column":3}},"line":112},"6":{"name":"(anonymous_6)","decl":{"start":{"line":121,"column":16},"end":{"line":121,"column":17}},"loc":{"start":{"line":121,"column":37},"end":{"line":121,"column":73}},"line":121},"7":{"name":"(anonymous_7)","decl":{"start":{"line":122,"column":14},"end":{"line":122,"column":15}},"loc":{"start":{"line":122,"column":34},"end":{"line":122,"column":57}},"line":122},"8":{"name":"(anonymous_8)","decl":{"start":{"line":126,"column":23},"end":{"line":126,"column":24}},"loc":{"start":{"line":126,"column":34},"end":{"line":134,"column":7}},"line":126},"9":{"name":"(anonymous_9)","decl":{"start":{"line":143,"column":16},"end":{"line":143,"column":17}},"loc":{"start":{"line":143,"column":22},"end":{"line":145,"column":5}},"line":143},"10":{"name":"(anonymous_10)","decl":{"start":{"line":148,"column":20},"end":{"line":148,"column":21}},"loc":{"start":{"line":148,"column":26},"end":{"line":151,"column":3}},"line":148},"11":{"name":"(anonymous_11)","decl":{"start":{"line":152,"column":28},"end":{"line":152,"column":29}},"loc":{"start":{"line":152,"column":49},"end":{"line":155,"column":3}},"line":152},"12":{"name":"(anonymous_12)","decl":{"start":{"line":157,"column":30},"end":{"line":157,"column":31}},"loc":{"start":{"line":157,"column":42},"end":{"line":185,"column":3}},"line":157},"13":{"name":"(anonymous_13)","decl":{"start":{"line":165,"column":16},"end":{"line":165,"column":17}},"loc":{"start":{"line":166,"column":8},"end":{"line":166,"column":70}},"line":166},"14":{"name":"(anonymous_14)","decl":{"start":{"line":166,"column":26},"end":{"line":166,"column":27}},"loc":{"start":{"line":166,"column":36},"end":{"line":166,"column":69}},"line":166},"15":{"name":"(anonymous_15)","decl":{"start":{"line":171,"column":23},"end":{"line":171,"column":24}},"loc":{"start":{"line":171,"column":34},"end":{"line":179,"column":7}},"line":171},"16":{"name":"(anonymous_16)","decl":{"start":{"line":237,"column":28},"end":{"line":237,"column":29}},"loc":{"start":{"line":237,"column":38},"end":{"line":237,"column":62}},"line":237},"17":{"name":"(anonymous_17)","decl":{"start":{"line":238,"column":26},"end":{"line":238,"column":27}},"loc":{"start":{"line":239,"column":16},"end":{"line":248,"column":18}},"line":239},"18":{"name":"(anonymous_18)","decl":{"start":{"line":246,"column":28},"end":{"line":246,"column":29}},"loc":{"start":{"line":246,"column":34},"end":{"line":246,"column":66}},"line":246},"19":{"name":"(anonymous_19)","decl":{"start":{"line":247,"column":27},"end":{"line":247,"column":28}},"loc":{"start":{"line":247,"column":33},"end":{"line":247,"column":49}},"line":247},"20":{"name":"(anonymous_20)","decl":{"start":{"line":254,"column":38},"end":{"line":254,"column":39}},"loc":{"start":{"line":254,"column":44},"end":{"line":254,"column":68}},"line":254},"21":{"name":"(anonymous_21)","decl":{"start":{"line":275,"column":24},"end":{"line":275,"column":25}},"loc":{"start":{"line":275,"column":30},"end":{"line":275,"column":60}},"line":275},"22":{"name":"(anonymous_22)","decl":{"start":{"line":280,"column":21},"end":{"line":280,"column":22}},"loc":{"start":{"line":280,"column":27},"end":{"line":280,"column":57}},"line":280},"23":{"name":"(anonymous_23)","decl":{"start":{"line":363,"column":29},"end":{"line":363,"column":30}},"loc":{"start":{"line":363,"column":35},"end":{"line":367,"column":21}},"line":363},"24":{"name":"(anonymous_24)","decl":{"start":{"line":428,"column":29},"end":{"line":428,"column":30}},"loc":{"start":{"line":428,"column":35},"end":{"line":431,"column":21}},"line":428},"25":{"name":"(anonymous_25)","decl":{"start":{"line":440,"column":29},"end":{"line":440,"column":30}},"loc":{"start":{"line":440,"column":35},"end":{"line":440,"column":65}},"line":440},"26":{"name":"(anonymous_26)","decl":{"start":{"line":453,"column":17},"end":{"line":453,"column":18}},"loc":{"start":{"line":453,"column":23},"end":{"line":453,"column":50}},"line":453},"27":{"name":"(anonymous_27)","decl":{"start":{"line":465,"column":17},"end":{"line":465,"column":18}},"loc":{"start":{"line":465,"column":23},"end":{"line":465,"column":44}},"line":465},"28":{"name":"(anonymous_28)","decl":{"start":{"line":466,"column":21},"end":{"line":466,"column":22}},"loc":{"start":{"line":466,"column":27},"end":{"line":466,"column":48}},"line":466}},"branchMap":{"0":{"loc":{"start":{"line":72,"column":4},"end":{"line":75,"column":32}},"type":"cond-expr","locations":[{"start":{"line":74,"column":8},"end":{"line":74,"column":108}},{"start":{"line":75,"column":8},"end":{"line":75,"column":32}}],"line":72},"1":{"loc":{"start":{"line":72,"column":4},"end":{"line":73,"column":30}},"type":"binary-expr","locations":[{"start":{"line":72,"column":4},"end":{"line":72,"column":52}},{"start":{"line":73,"column":4},"end":{"line":73,"column":30}}],"line":72},"2":{"loc":{"start":{"line":84,"column":6},"end":{"line":87,"column":7}},"type":"if","locations":[{"start":{"line":84,"column":6},"end":{"line":87,"column":7}},{"start":{},"end":{}}],"line":84},"3":{"loc":{"start":{"line":115,"column":6},"end":{"line":118,"column":7}},"type":"if","locations":[{"start":{"line":115,"column":6},"end":{"line":118,"column":7}},{"start":{},"end":{}}],"line":115},"4":{"loc":{"start":{"line":158,"column":4},"end":{"line":158,"column":33}},"type":"if","locations":[{"start":{"line":158,"column":4},"end":{"line":158,"column":33}},{"start":{},"end":{}}],"line":158},"5":{"loc":{"start":{"line":209,"column":2},"end":{"line":215,"column":3}},"type":"if","locations":[{"start":{"line":209,"column":2},"end":{"l
[...]
57}},"type":"binary-expr","locations":[{"start":{"line":271,"column":19},"end":{"line":271,"column":39}},{"start":{"line":271,"column":43},"end":{"line":271,"column":57}}],"line":271},"38":{"loc":{"start":{"line":276,"column":15},"end":{"line":280,"column":15}},"type":"binary-expr","locations":[{"start":{"line":276,"column":15},"end":{"line":276,"column":27}},{"start":{"line":277,"column":16},"end":{"line":279,"column":23}}],"line":276},"39":{"loc":{"start":{"line":282,"column":15},"end":{"line":291,"column":15}},"type":"binary-expr","locations":[{"start":{"line":282,"column":15},"end":{"line":282,"column":29}},{"start":{"line":283,"column":16},"end":{"line":290,"column":28}}],"line":282},"40":{"loc":{"start":{"line":344,"column":13},"end":{"line":350,"column":13}},"type":"cond-expr","locations":[{"start":{"line":345,"column":14},"end":{"line":345,"column":48}},{"start":{"line":347,"column":14},"end":{"line":349,"column":21}}],"line":344},"41":{"loc":{"start":{"line":388,"column":44},"end":{"line":388,"column":103}},"type":"cond-expr","locations":[{"start":{"line":388,"column":61},"end":{"line":388,"column":82}},{"start":{"line":388,"column":85},"end":{"line":388,"column":103}}],"line":388},"42":{"loc":{"start":{"line":440,"column":13},"end":{"line":482,"column":13}},"type":"cond-expr","locations":[{"start":{"line":441,"column":14},"end":{"line":441,"column":74}},{"start":{"line":443,"column":14},"end":{"line":481,"column":16}}],"line":440},"43":{"loc":{"start":{"line":464,"column":26},"end":{"line":466,"column":51}},"type":"cond-expr","locations":[{"start":{"line":465,"column":30},"end":{"line":465,"column":61}},{"start":{"line":466,"column":30},"end":{"line":466,"column":51}}],"line":464}},"s":{"0":0,"1":0,"2":0,"3":0,"4":0,"5":0,"6":0,"7":0,"8":0,"9":0,"10":0,"11":0,"12":0,"13":0,"14":0,"15":0,"16":0,"17":0,"18":0,"19":0,"20":0,"21":0,"22":0,"23":0,"24":0,"25":0,"26":0,"27":0,"28":0,"29":0,"30":0,"31":0,"32":0,"33":0,"34":0,"35":0,"36":0,"37":0,"38":0,"39":0,"40":0,"41":0,"42":0,"43":0,"44":0,"45":0,"46":0,"47":0,"48":0,"49":0,"50":0,"51":0,"52":0,"53":0,"54":0,"55":0,"56":0,"57":0,"58":0,"59":0,"60":0,"61":0,"62":0,"63":0,"64":0,"65":0,"66":0,"67":0,"68":0,"69":0,"70":0,"71":0,"72":0,"73":0,"74":0,"75":0,"76":0,"77":0,"78":0,"79":0,"80":0,"81":0,"82":0,"83":0,"84":0,"85":0,"86":0,"87":0,"88":0,"89":0,"90":0,"91":0,"92":0,"93":0,"94":0,"95":0,"96":0,"97":0,"98":0,"99":0,"100":0,"101":0,"102":0,"103":0,"104":0,"105":0,"106":0,"107":0,"108":0,"109":0,"110":0,"111":0,"112":0,"113":0,"114":0,"115":0,"116":0,"117":0,"118":0,"119":0,"120":0,"121":0,"122":0,"123":0,"124":0,"125":0,"126":0},"f":{"0":0,"1":0,"2":0,"3":0,"4":0,"5":0,"6":0,"7":0,"8":0,"9":0,"10":0,"11":0,"12":0,"13":0,"14":0,"15":0,"16":0,"17":0,"18":0,"19":0,"20":0,"21":0,"22":0,"23":0,"24":0,"25":0,"26":0,"27":0,"28":0,"29":0,"30":0,"31":0},"b":{"0":[0,0],"1":[0,0],"2":[0,0],"3":[0,0],"4":[0,0],"5":[0,0],"6":[0,0],"7":[0,0],"8":[0,0],"9":[0,0],"10":[0,0],"11":[0,0],"12":[0,0],"13":[0,0],"14":[0,0],"15":[0,0],"16":[0,0],"17":[0,0],"18":[0,0],"19":[0,0],"20":[0,0],"21":[0,0],"22":[0,0],"23":[0,0],"24":[0,0],"25":[0,0],"26":[0,0],"27":[0,0],"28":[0,0],"29":[0,0],"30":[0,0],"31":[0,0],"32":[0,0],"33":[0,0],"34":[0,0],"35":[0,0],"36":[0,0],"37":[0,0],"38":[0,0],"39":[0,0],"40":[0,0],"41":[0,0],"42":[0,0],"43":[0,0]}}
,"D:\\book-exchange-fe\\src\\app\\profile\\wishlist.tsx": {"path":"D:\\book-exchange-fe\\src\\app\\profile\\wishlist.tsx","statementMap":{"0":{"start":{"line":44,"column":12},"end":{"line":44,"column":25}},"1":{"start":{"line":45,"column":13},"end":{"line":45,"column":49}},"2":{"start":{"line":46,"column":13},"end":{"line":46,"column":54}},"3":{"start":{"line":47,"column":15},"end":{"line":47,"column":30}},"4":{"start":{"line":48,"column":2},"end":{"line":48,"column":31}},"5":{"start":{"line":52,"column":2},"end":{"line":52,"column":41}},"6":{"start":{"line":56,"column":17},"end":{"line":56,"column":28}},"7":{"start":{"line":58,"column":32},"end":{"line":58,"column":46}},"8":{"start":{"line":59,"column":28},"end":{"line":59,"column":57}},"9":{"start":{"line":61,"column":36},"end":{"line":61,"column":63}},"10":{"start":{"line":62,"column":32},"end":{"line":62,"column":54}},"11":{"start":{"line":63,"column":38},"end":{"line":63,"column":67}},"12":{"start":{"line":64,"column":52},"end":{"line":64,"column":67}},"13":{"start":{"line":65,"column":40},"end":{"line":65,"column":55}},"14":{"start":{"line":66,"column":50},"end":{"line":68,"column":3}},"15":{"start":{"line":70,"column":2},"end":{"line":110,"column":9}},"16":{"start":{"line":71,"column":21},"end":{"line":107,"column":5}},"17":{"start":{"line":72,"column":6},"end":{"line":106,"column":7}},"18":{"start":{"line":73,"column":8},"end":{"line":73,"column":25}},"19":{"start":{"line":74,"column":8},"end":{"line":74,"column":23}},"20":{"start":{"line":76,"column":35},"end":{"line":79,"column":10}},"21":{"start":{"line":81,"column":37},"end":{"line":81,"column":70}},"22":{"start":{"line":82,"column":8},"end":{"line":85,"column":10}},"23":{"start":{"line":84,"column":12},"end":{"line":84,"column":79}},"24":{"start":{"line":87,"column":31},"end":{"line":87,"column":72}},"25":{"start":{"line":88,"column":8},"end":{"line":88,"column":25}},"26":{"start":{"line":89,"column":8},"end":{"line":89,"column":28}},"27":{"start":{"line":91,"column":8},"end":{"line":99,"column":11}},"28":{"start":{"line":92,"column":10},"end":{"line":92,"column":52}},"29":{"start":{"line":93,"column":10},"end":{"line":96,"column":13}},"30":{"start":{"line":97,"column":10},"end":{"line":97,"column":34}},"31":{"start":{"line":98,"column":10},"end":{"line":98,"column":37}},"32":{"start":{"line":100,"column":8},"end":{"line":100,"column":56}},"33":{"start":{"line":101,"column":8},"end":{"line":101,"column":54}},"34":{"start":{"line":102,"column":8},"end":{"line":102,"column":23}},"35":{"start":{"line":103,"column":8},"end":{"line":103,"column":25}},"36":{"start":{"line":105,"column":8},"end":{"line":105,"column":26}},"37":{"start":{"line":109,"column":4},"end":{"line":109,"column":15}},"38":{"start":{"line":112,"column":31},"end":{"line":137,"column":8}},"39":{"start":{"line":113,"column":4},"end":{"line":136,"column":5}},"40":{"start":{"line":114,"column":6},"end":{"line":114,"column":24}},"41":{"start":{"line":115,"column":6},"end":{"line":117,"column":8}},"42":{"start":{"line":118,"column":6},"end":{"line":118,"column":62}},"43":{"start":{"line":118,"column":29},"end":{"line":118,"column":60}},"44":{"start":{"line":118,"column":48},"end":{"line":118,"column":59}},"45":{"start":{"line":119,"column":6},"end":{"line":119,"column":34}},"46":{"start":{"line":120,"column":6},"end":{"line":120,"column":27}},"47":{"start":{"line":122,"column":6},"end":{"line":130,"column":9}},"48":{"start":{"line":123,"column":8},"end":{"line":123,"column":50}},"49":{"start":{"line":124,"column":8},"end":{"line":127,"column":11}},"50":{"start":{"line":128,"column":8},"end":{"line":128,"column":32}},"51":{"start":{"line":129,"column":8},"end":{"line":129,"column":39}},"52":{"start":{"line":131,"column":6},"end":{"line":131,"column":53}},"53":{"start":{"line":132,"column":6},"end":{"line":132,"column":70}},"54":{"start":{"line":134,"column":6},"end":{"line":134,"column":26}},"55":{"start":{"line":135,"column":6},"end":{"line":135,"column":32}},"56":{"start":{"line":139,"column":28},"end":{"line":142,"column":8}},"57":{"start":{"line":140,"column":4},"end":{"line":140,"column":34}},"58":{"start":{"line":141,"column":4},"end":{"line":141,"column":31}},"59":{"start":{"line":144,"column":25},"end":{"line":148,"column":15}},"60":{"start":{"line":145,"column":16},"end":{"line":145,"column":41}},"61":{"start":{"line":146,"column":4},"end":{"line":146,"column":51}},"62":{"start":{"line":146,"column":29},"end":{"line":146,"column":51}},"63":{"start":{"line":147,"column":4},"end":{"line":147,"column":15}},"64":{"start":{"line":150,"column":38},"end":{"line":169,"column":33}},"65":{"start":{"line":151,"column":4},"end":{"line":168,"column":7}},"66":{"start":{"line":153,"column":8},"end":{"line":155,"column":28}},"67":{"start":{"line":158,"column":8},"end":{"line":160,"column":28}},"68":{"start":{"line":162,"column":6},"end":{"line":167,"column":8}},"69":{"start":{"line":171,"column":2},"end":{"line":177,"column":3}},"70":{"start":{"line":172,"column":4},"end":{"line":176,"column":6}},"71":{"start":{"line":179,"column":2},"end":{"line":273,"column":4}},"72":{"start":{"line":183,"column":25},"end":{"line":183,"column":38}},"73":{"start":{"line":204,"column":29},"end":{"line":204,"column":45}},"74":{"start":{"line":205,"column":12},"end":{"line":223,"column":14}},"75":{"start":{"line":209,"column":34},"end":{"line":209,"column":61}},"76":{"start":{"line":211,"column":20},"end":{"line":219,"column":23}},"77":{"start":{"line":237,"column":27},"end":{"line":237,"column":66}},"78":{"start":{"line":249,"column":10},"end":{"line":249,"column":38}},"79":{"start":{"line":250,"column":10},"end":{"line":250,"column":36}},"80":{"start":{"line":253,"column":10},"end":{"line":253,"column":71}},"81":{"start":{"line":265,"column":23},"end":{"line":265,"column":44}},"82":{"start":{"line":266,"column":27},"end":{"line":266,"column":48}}},"fnMap":{"0":{"name":"formatDateDDMMYYYY","decl":{"start":{"line":43,"column":9},"end":{"line":43,"column":27}},"loc":{"start":{"line":43,"column":41},"end":{"line":49,"column":1}},"line":43},"1":{"name":"formatVnd","decl":{"start":{"line":51,"column":9},"end":{"line":51,"column":18}},"loc":{"start":{"line":51,"column":30},"end":{"line":53,"column":1}},"line":51},"2":{"name":"WishlistScreen","decl":{"start":{"line":55,"column":24},"end":{"line":55,"column":38}},"loc":{"start":{"line":55,"column":41},"end":{"line":274,"column":1}},"line":55},"3":{"name":"(anonymous_3)","decl":{"start":{"line":70,"column":12},"end":{"line":70,"column":13}},"loc":{"start":{"line":70,"column":18},"end":{"line":110,"column":3}},"line":70},"4":{"name":"(anonymous_4)","decl":{"start":{"line":71,"column":21},"end":{"line":71,"column":22}},"loc":{"start":{"line":71,"column":33},"end":{"line":107,"column":5}},"line":71},"5":{"name":"(anonymous_5)","decl":{"start":{"line":83,"column":10},"end":{"line":83,"column":11}},"loc":{"start":{"line":84,"column":12},"end":{"line":84,"column":79}},"line":84},"6":{"name":"(anonymous_6)","decl":{"start":{"line":91,"column":25},"end":{"line":91,"column":26}},"loc":{"start":{"line":91,"column":36},"end":{"line":99,"column":9}},"line":91},"7":{"name":"(anonymous_7)","decl":{"start":{"line":112,"column":43},"end":{"line":112,"column":44}},"loc":{"start":{"line":112,"column":65},"end":{"line":137,"column":3}},"line":112},"8":{"name":"(anonymous_8)","decl":{"start":{"line":118,"column":19},"end":{"line":118,"column":20}},"loc":{"start":{"line":118,"column":29},"end":{"line":118,"column":60}},"line":118},"9":{"name":"(anonymous_9)","decl":{"start":{"line":118,"column":41},"end":{"line":118,"column":42}},"loc":{"start":{"line":118,"column":48},"end":{"line":118,"column":59}},"line":118},"10":{"name":"(anonymous_10)","decl":{"start":{"line":122,"column":23},"end":{"line":122,"column":24}},"loc":{"start":{"line":122,"column":34},"end":{"line":130,"column":7}},"line":122},"11":{"name":"(anonymous_11)","decl":{"start":{"line":139,"column":40},"end":{"line":139,"column":41}},"loc":{"start":{"line":139,"column":67},"end":{"line":142,"column":3}},"line":139},"12":{"name":"(anonymous_12)","decl":{"start":{"line":144,"column":33},"end":{"line":144,"column":34}},"loc":{"start":{"line":144,"column":39},"end":{"line":148,"column":3}},"line":144},"13":{"name":"(anonymous_13)","decl":{"start":{"line":150,"column":46},"end":{"line":150,"column":47}},"loc":{"start":{"line":150,"column":52},"end":{"line":169,"column":3}},"line":150},"14":{"name":"(anonymous_14)","decl":{"start":{"line":151,"column":25},"end":{"line":151,"column":26}},"loc":{"start":{"line":151,"column":32},"end":{"line":168,"column":5}},"line":151},"15":{"name":"(anonymous_15)","decl":{"start":{"line":183,"column":19},"end":{"line":183,"column":20}},"loc":{"start":{"line":183,"column":25},"end":{"line":183,"column":38}},"line":183},"16":{"name":"(anonymous_16)","decl":{"start":{"line":203,"column":29},"end":{"line":203,"column":30}},"loc":{"start":{"line":203,"column":46},"end":{"line":224,"column":11}},"line":203},"17":{"name":"(anonymous_17)","decl":{"start":{"line":209,"column":28},"end":{"line":209,"column":29}},"loc":{"start":{"line":209,"column":34},"end":{"line":209,"column":61}},"line":209},"18":{"name":"(anonymous_18)","decl":{"start":{"line":210,"column":26},"end":{"line":210,"column":27}},"loc":{"start":{"line":210,"column":32},"end":{"line":220,"column":19}},"line":210},"19":{"name":"(anonymous_19)","decl":{"start":{"line":237,"column":21},"end":{"line":237,"column":22}},"loc":{"start":{"line":237,"column":27},"end":{"line":237,"column":66}},"line":237},"20":{"name":"(anonymous_20)","decl":{"start":{"line":248,"column":17},"end":{"line":248,"column":18}},"loc":{"start":{"line":248,"column":23},"end":{"line":251,"column":9}},"line":248},"21":{"name":"(anonymous_21)","decl":{"start":{"line":252,"column":19},"end":{"line":252,"column":20}},"loc":{"start":{"line":253,"column":10},"end":{"line":253,"column":71}},"line":253},"22":{"name":"(anonymous_22)","decl":{"start":{"line":265,"column":17},"end":{"line":265,"column":18}},"loc":{"start":{"line":265,"column":23},"end":{"line":265,"column":44}},"line":265},"23":{"name":"(anonymous_23)","decl":{"start":{"line":266,"column":21},"end":{"line":266,"column":22}},"loc":{"start":{"line":266,"column":27},"end":{"line":266,"column":48}},"line":266}},"branchMap":{"0":{"loc":{"start":{"line":81,"column":37},"end":{"line":81,"column":70}},"type":"cond-expr","locations":[{"start":{"line":81,"column":60},"end":{"line":81,"column":65}},{"start":{"line":81,"column":68},"end":{"line":81,"column":70}}],"line":81},"1":{"loc":{"start":{"line":87,"column":31},"end":{"line":87,"column":72}},"type":"cond-expr","locations":[{"start":{"line":87,"column":58},"end":{"line":87,"column":67}},{"start":{"line":87,"column":70},"end":{"line":87,"column":72}}],"line":87},"2":{"loc":{"start":{"line":153,"column":8},"end":{"line":155,"column":28}},"type":"cond-expr","locations":[{"start":{"line":154,"column":13},"end":{"line":154,"column":67}},{"start":{"line":155,"column":12},"end":{"line":155,"column":28}}],"line":153},"3":{"loc":{"start":{"line":154,"column":13},"end":{"line":154,"column":67}},"type":"binary-expr","locations":[{"start":{"line":154,"column":13},"end":{"line":154,"column":44}},{"start":{"line":154,"column":48},"end":{"line":154,"column":67}}],"line":154},"4":{"loc":{"start":{"line":158,"column":8},"end":{"line":160,"column":28}},"type":"cond-expr","locations":[{"start":{"line":159,"column":12},"end":{"line":159,"column":41}},{"start":{"line":160,"column":12},"end":{"line":160,"column":28}}],"line":158},"5":{"loc":{"start":{"line":158,"column":8},"end":{"line":158,"column":38}},"type":"binary-expr","locations":[{"start":{"line":158,"column":8},"end":{"line":158,"column":19}},{"start":{"line":158,"column":23},"end":{"line":158,"column":38}}],"line":158},"6":{"loc":{"start":{"line":163,"column":15},"end":{"line":163,"column":28}},"type":"binary-expr","locations":[{"start":{"line":163,"column":15},"end":{"line":163,"column":22}},{"start":{"line":163,"column":26},"end":{"line":163,"column":28}}],"line":163},"7":{"loc":{"start":{"line":166,"column":19},"end":{"line":166,"column":71}},"type":"cond-expr","locations":[{"start":{"line":166,"column":34},"end":{"line":166,"column":66}},{"start":{"line":166,"column":69},"end":{"line":166,"column":71}}],"line":166},"8":{"loc":{"start":{"line":171,"column":2},"end":{"line":177,"column":3}},"type":"if","locations":[{"start":{"line":171,"column":2},"end":{"line":177,"column":3}},{"start":{},"end":{}}],"line":171},"9":{"loc":{"start":{"line":201,"column":11},"end":{"line":201,"column":78}},"type":"binary-expr","locations":[{"start":{"line":201,"column":11},"end":{"line":201,"column":16}},{"start":{"line":201,"column":20},"end":{"line":201,"column":78}}],"line":201},"10":{"loc":{"start":{"line":216,"column":35},"end":{"line":216,"column":71}},"type":"binary-expr","locations":[{"start":{"line":216,"column":35},"end":{"line":216,"column":65}},{"start":{"line":216,"column":69},"end":{"line":216,"column":71}}],"line":216},"11":{"loc":{"start":{"line":217,"column":35},"end":{"line":217,"column":71}},"type":"binary-expr","locations":[{"start":{"line":217,"column":35},"end":{"line":217,"column":65}},{"start":{"line":217,"column":69},"end":{"line":217,"column":71}}],"line":217},"12":{"loc":{"start":{"line":226,"column":11},"end":{"line":230,"column":11}},"type":"binary-expr","locations":[{"start":{"line":226,"column":11},"end":{"line":226,"column":17}},{"start":{"line":226,"column":21},"end":{"line":226,"column":47}},{"start":{"line":227,"column":12},"end":{"line":229,"column":19}}],"line":226},"13":{"loc":{"start":{"line":253,"column":10},"end":{"line":253,"column":71}},"type":"binary-expr","locations":[{"start":{"line":253,"column":10},"end":{"line":253,"column":26}},{"start":{"line":253,"column":30},"end":{"line":253,"column":71}}],"line":253}},"s":{"0":3,"1":3,"2":3,"3":3,"4":3,"5":3,"6":6,"7":6,"8":6,"9":6,"10":6,"11":6,"12":6,"13":6,"14":6,"15":6,"16":3,"17":3,"18":3,"19":3,"20":3,"21":3,"22":3,"23":0,"24":3,"25":3,"26":3,"27":0,"28":0,"29":0,"30":0,"31":0,"32":0,"33":0,"34":0,"35":0,"36":3,"37":3,"38":6,"39":0,"40":0,"41":0,"42":0,"43":0,"44":0,"45":0,"46":0,"47":0,"48":0,"49":0,"50":0,"51":0,"52":0,"53":0,"54":0,"55":0,"56":6,"57":0,"58":0,"59":6,"60":6,"61":6,"62":6,"63":6,"64":6,"65":6,"66":3,"67":3,"68":3,"69":6,"70":3,"71":3,"72":0,"73":3,"74":3,"75":0,"76":0,"77":0,"78":0,"79":0,"80":0,"81":0,"82":0},"f":{"0":3,"1":3,"2":6,"3":3,"4":3,"5":0,"6":0,"7":0,"8":0,"9":0,"10":0,"11":0,"12":6,"13":6,"14":3,"15":0,"16":3,"17":0,"18":0,"19":0,"20":0,"21":0,"22":0,"23":0},"b":{"0":[3,0],"1":[3,0],"2":[3,0],"3":[3,0],"4":[3,0],"5":[3,3],"6":[3,0],"7":[3,0],"8":[3,3],"9":[3,0],"10":[0,0],"11":[0,0],"12":[3,3,0],"13":[0,0]},"_coverageSchema":"1a1c01bbd47fc00a2c39e90264f33305004495a9","hash":"2f343413ed83c516194e579dcdeede38f345abd0"}
,"D:\\book-exchange-fe\\utils\\asyncStorage.tsx": {"path":"D:\\book-exchange-fe\\utils\\asyncStorage.tsx","statementMap":{"0":{"start":{"line":3,"column":25},"end":{"line":9,"column":1}},"1":{"start":{"line":4,"column":2},"end":{"line":8,"column":3}},"2":{"start":{"line":5,"column":4},"end":{"line":5,"column":43}},"3":{"start":{"line":7,"column":4},"end":{"line":7,"column":41}},"4":{"start":{"line":11,"column":23},"end":{"line":18,"column":1}},"5":{"start":{"line":12,"column":2},"end":{"line":17,"column":3}},"6":{"start":{"line":13,"column":18},"end":{"line":13,"column":49}},"7":{"start":{"line":14,"column":4},"end":{"line":14,"column":17}},"8":{"start":{"line":16,"column":4},"end":{"line":16,"column":41}},"9":{"start":{"line":20,"column":26},"end":{"line":27,"column":1}},"10":{"start":{"line":21,"column":2},"end":{"line":25,"column":3}},"11":{"start":{"line":22,"column":4},"end":{"line":22,"column":39}},"12":{"start":{"line":24,"column":4},"end":{"line":24,"column":42}},"13":{"start":{"line":26,"column":2},"end":{"line":26,"column":23}}},"fnMap":{"0":{"name":"(anonymous_0)","decl":{"start":{"line":3,"column":25},"end":{"line":3,"column":26}},"loc":{"start":{"line":3,"column":63},"end":{"line":9,"column":1}},"line":3},"1":{"name":"(anonymous_1)","decl":{"start":{"line":11,"column":23},"end":{"line":11,"column":24}},"loc":{"start":{"line":11,"column":46},"end":{"line":18,"column":1}},"line":11},"2":{"name":"(anonymous_2)","decl":{"start":{"line":20,"column":26},"end":{"line":20,"column":27}},"loc":{"start":{"line":20,"column":49},"end":{"line":27,"column":1}},"line":20}},"branchMap":{},"s":{"0":0,"1":0,"2":0,"3":0,"4":0,"5":0,"6":0,"7":0,"8":0,"9":0,"10":0,"11":0,"12":0,"13":0},"f":{"0":0,"1":0,"2":0},"b":{}}
}
