TN:
SF:src\app\_layout.tsx
FN:13,(anonymous_0)
FN:15,RootLayout
FN:24,(anonymous_2)
FN:31,(anonymous_3)
FNF:4
FNH:3
FNDA:0,(anonymous_0)
FNDA:5,RootLayout
FNDA:5,(anonymous_2)
FNDA:5,(anonymous_3)
DA:12,1
DA:13,1
DA:16,5
DA:21,5
DA:24,5
DA:25,5
DA:26,5
DA:31,5
DA:32,5
DA:37,5
DA:40,5
DA:41,0
DA:48,5
LF:13
LH:12
BRDA:13,0,0,0
BRDA:13,0,1,0
BRDA:25,1,0,5
BRDA:25,1,1,0
BRDA:40,2,0,0
BRDA:40,2,1,5
BRDA:40,3,0,5
BRDA:40,3,1,0
BRF:8
BRH:3
end_of_record
TN:
SF:src\app\success.tsx
FN:8,SuccessScreen
FN:10,(anonymous_1)
FNF:2
FNH:2
FNDA:1,SuccessScreen
FNDA:1,(anonymous_1)
DA:10,1
DA:11,1
DA:14,1
LF:3
LH:3
BRF:0
BRH:0
end_of_record
TN:
SF:src\app\auth\phone\index.tsx
FN:26,PhoneNumberScreen
FN:34,(anonymous_1)
FN:35,(anonymous_2)
FN:45,(anonymous_3)
FN:65,(anonymous_4)
FN:72,(anonymous_5)
FN:77,(anonymous_6)
FN:82,(anonymous_7)
FN:96,(anonymous_8)
FNF:9
FNH:9
FNDA:68,PhoneNumberScreen
FNDA:26,(anonymous_1)
FNDA:26,(anonymous_2)
FNDA:1,(anonymous_3)
FNDA:36,(anonymous_4)
FNDA:11,(anonymous_5)
FNDA:1,(anonymous_6)
FNDA:7,(anonymous_7)
FNDA:2,(anonymous_8)
DA:27,68
DA:29,68
DA:30,68
DA:31,68
DA:32,68
DA:34,68
DA:35,26
DA:36,26
DA:37,26
DA:38,24
DA:40,24
DA:41,1
DA:42,1
DA:45,1
DA:46,1
DA:47,1
DA:51,1
DA:52,1
DA:54,1
DA:56,25
DA:60,26
DA:63,68
DA:65,68
DA:66,36
DA:67,36
DA:68,36
DA:69,36
DA:72,68
DA:73,11
DA:74,11
DA:77,68
DA:78,1
DA:81,68
DA:82,68
DA:83,7
DA:85,7
DA:86,7
DA:87,7
DA:89,7
DA:91,7
DA:94,4
DA:96,2
DA:97,2
DA:98,2
DA:102,2
DA:103,2
DA:105,2
DA:106,2
DA:108,6
DA:112,68
DA:113,26
DA:120,42
LF:52
LH:52
BRDA:40,0,0,1
BRDA:40,0,1,23
BRDA:74,1,0,10
BRDA:74,1,1,1
BRDA:81,2,0,68
BRDA:81,2,1,16
BRDA:83,3,0,0
BRDA:83,3,1,7
BRDA:112,4,0,26
BRDA:112,4,1,42
BRDA:123,5,0,42
BRDA:123,5,1,0
BRDA:137,6,0,42
BRDA:137,6,1,2
BRDA:174,7,0,1
BRDA:174,7,1,41
BRF:16
BRH:14
end_of_record
TN:
SF:src\app\auth\phone\otp.tsx
FN:16,OTPScreen
FN:26,(anonymous_1)
FN:29,(anonymous_2)
FN:30,(anonymous_3)
FN:33,(anonymous_4)
FN:38,(anonymous_5)
FN:50,(anonymous_6)
FN:56,(anonymous_7)
FN:74,(anonymous_8)
FN:83,(anonymous_9)
FN:87,(anonymous_10)
FN:100,(anonymous_11)
FN:112,(anonymous_12)
FN:143,(anonymous_13)
FN:146,(anonymous_14)
FN:161,(anonymous_15)
FN:162,(anonymous_16)
FN:163,(anonymous_17)
FN:164,(anonymous_18)
FNF:19
FNH:17
FNDA:50,OTPScreen
FNDA:39,(anonymous_1)
FNDA:181,(anonymous_2)
FNDA:181,(anonymous_3)
FNDA:39,(anonymous_4)
FNDA:22,(anonymous_5)
FNDA:4,(anonymous_6)
FNDA:0,(anonymous_7)
FNDA:0,(anonymous_8)
FNDA:1,(anonymous_9)
FNDA:2,(anonymous_10)
FNDA:2,(anonymous_11)
FNDA:55,(anonymous_12)
FNDA:300,(anonymous_13)
FNDA:588,(anonymous_14)
FNDA:22,(anonymous_15)
FNDA:4,(anonymous_16)
FNDA:3,(anonymous_17)
FNDA:1,(anonymous_18)
DA:14,1
DA:17,50
DA:18,50
DA:19,50
DA:20,50
DA:21,50
DA:22,50
DA:23,50
DA:24,50
DA:26,50
DA:28,39
DA:30,181
DA:33,39
DA:34,39
DA:38,50
DA:39,22
DA:41,21
DA:42,21
DA:43,21
DA:45,21
DA:46,19
DA:50,50
DA:51,4
DA:52,1
DA:56,50
DA:57,0
DA:58,0
DA:59,0
DA:61,0
DA:62,0
DA:63,0
DA:64,0
DA:73,0
DA:74,0
DA:75,0
DA:77,0
DA:78,0
DA:80,0
DA:83,50
DA:84,1
DA:87,50
DA:88,2
DA:90,2
DA:91,2
DA:92,2
DA:99,2
DA:100,2
DA:102,2
DA:103,2
DA:105,0
DA:106,0
DA:108,2
DA:112,55
DA:114,50
DA:144,300
DA:147,588
DA:148,294
DA:150,294
DA:161,22
DA:162,4
DA:163,3
DA:164,1
LF:62
LH:47
BRDA:28,0,0,39
BRDA:28,0,1,36
BRDA:34,1,0,36
BRDA:34,1,1,3
BRDA:39,2,0,1
BRDA:39,2,1,21
BRDA:45,3,0,19
BRDA:45,3,1,2
BRDA:45,4,0,21
BRDA:45,4,1,21
BRDA:51,5,0,1
BRDA:51,5,1,3
BRDA:51,6,0,4
BRDA:51,6,1,3
BRDA:51,6,2,2
BRDA:62,7,0,0
BRDA:62,7,1,0
BRDA:88,8,0,0
BRDA:88,8,1,2
BRDA:117,9,0,50
BRDA:117,9,1,0
BRDA:133,10,0,50
BRDA:133,10,1,0
BRDA:147,11,0,294
BRDA:147,11,1,294
BRDA:154,12,0,2
BRDA:154,12,1,298
BRDA:178,13,0,47
BRDA:178,13,1,3
BRDA:181,14,0,47
BRDA:181,14,1,3
BRDA:190,15,0,50
BRDA:190,15,1,0
BRDA:194,16,0,0
BRDA:194,16,1,50
BRF:35
BRH:28
end_of_record
TN:
SF:src\app\cart\index.tsx
FN:54,Index
FN:67,(anonymous_1)
FN:77,(anonymous_2)
FN:91,(anonymous_3)
FN:97,(anonymous_4)
FN:112,(anonymous_5)
FN:121,(anonymous_6)
FN:122,(anonymous_7)
FN:126,(anonymous_8)
FN:143,(anonymous_9)
FN:148,(anonymous_10)
FN:152,(anonymous_11)
FN:157,(anonymous_12)
FN:165,(anonymous_13)
FN:166,(anonymous_14)
FN:171,(anonymous_15)
FN:237,(anonymous_16)
FN:238,(anonymous_17)
FN:246,(anonymous_18)
FN:247,(anonymous_19)
FN:254,(anonymous_20)
FN:275,(anonymous_21)
FN:280,(anonymous_22)
FN:363,(anonymous_23)
FN:428,(anonymous_24)
FN:440,(anonymous_25)
FN:453,(anonymous_26)
FN:465,(anonymous_27)
FN:466,(anonymous_28)
FNF:29
FNH:21
FNDA:57,Index
FNDA:3,(anonymous_1)
FNDA:2,(anonymous_2)
FNDA:1,(anonymous_3)
FNDA:1,(anonymous_4)
FNDA:22,(anonymous_5)
FNDA:20,(anonymous_6)
FNDA:6,(anonymous_7)
FNDA:1,(anonymous_8)
FNDA:22,(anonymous_9)
FNDA:0,(anonymous_10)
FNDA:6,(anonymous_11)
FNDA:4,(anonymous_12)
FNDA:3,(anonymous_13)
FNDA:3,(anonymous_14)
FNDA:1,(anonymous_15)
FNDA:43,(anonymous_16)
FNDA:28,(anonymous_17)
FNDA:6,(anonymous_18)
FNDA:2,(anonymous_19)
FNDA:4,(anonymous_20)
FNDA:0,(anonymous_21)
FNDA:0,(anonymous_22)
FNDA:0,(anonymous_23)
FNDA:0,(anonymous_24)
FNDA:0,(anonymous_25)
FNDA:1,(anonymous_26)
FNDA:0,(anonymous_27)
FNDA:0,(anonymous_28)
DA:55,57
DA:56,57
DA:57,57
DA:58,57
DA:59,57
DA:60,57
DA:61,57
DA:62,57
DA:63,57
DA:64,57
DA:67,57
DA:68,3
DA:72,57
DA:77,57
DA:78,2
DA:79,2
DA:80,2
DA:82,2
DA:83,2
DA:84,2
DA:85,2
DA:86,2
DA:88,2
DA:91,1
DA:97,1
DA:98,1
DA:99,1
DA:103,1
DA:104,1
DA:106,1
DA:108,2
DA:112,57
DA:113,22
DA:114,22
DA:115,22
DA:116,22
DA:117,22
DA:119,22
DA:120,21
DA:121,20
DA:122,6
DA:124,21
DA:126,1
DA:127,1
DA:128,1
DA:132,1
DA:133,1
DA:135,1
DA:137,22
DA:138,22
DA:142,57
DA:144,22
DA:148,57
DA:149,0
DA:150,0
DA:152,57
DA:153,6
DA:154,6
DA:157,57
DA:158,4
DA:160,4
DA:161,4
DA:162,4
DA:165,3
DA:166,3
DA:168,3
DA:169,3
DA:171,1
DA:172,1
DA:173,1
DA:177,1
DA:178,1
DA:180,1
DA:181,1
DA:183,4
DA:209,57
DA:210,22
DA:217,35
DA:237,43
DA:239,28
DA:246,6
DA:247,2
DA:254,4
DA:275,0
DA:280,0
DA:364,0
DA:365,0
DA:366,0
DA:429,0
DA:430,0
DA:440,0
DA:453,1
DA:465,0
DA:466,0
LF:94
LH:82
BRDA:72,0,0,56
BRDA:72,0,1,1
BRDA:72,1,0,57
BRDA:72,1,1,57
BRDA:84,2,0,2
BRDA:84,2,1,0
BRDA:115,3,0,22
BRDA:115,3,1,0
BRDA:158,4,0,0
BRDA:158,4,1,4
BRDA:209,5,0,22
BRDA:209,5,1,35
BRDA:224,6,0,0
BRDA:224,6,1,35
BRDA:288,7,0,0
BRDA:288,7,1,35
BRDA:292,8,0,2
BRDA:292,8,1,33
BRDA:317,9,0,2
BRDA:317,9,1,1
BRDA:320,10,0,2
BRDA:320,10,1,1
BRDA:328,11,0,2
BRDA:328,11,1,1
BRDA:328,11,2,1
BRDA:344,12,0,2
BRDA:344,12,1,1
BRDA:358,13,0,2
BRDA:358,13,1,1
BRDA:365,14,0,0
BRDA:365,14,1,0
BRDA:374,15,0,2
BRDA:374,15,1,1
BRDA:389,16,0,2
BRDA:389,16,1,0
BRDA:391,17,0,2
BRDA:391,17,1,1
BRDA:430,18,0,0
BRDA:430,18,1,0
BRF:39
BRH:29
end_of_record
TN:
SF:src\app\hooks\useOnboardingGate.ts
FN:6,useOnboardingGate
FN:10,(anonymous_1)
FN:11,(anonymous_2)
FN:21,(anonymous_3)
FNF:4
FNH:3
FNDA:4,useOnboardingGate
FNDA:2,(anonymous_1)
FNDA:2,(anonymous_2)
FNDA:0,(anonymous_3)
DA:4,1
DA:7,4
DA:8,4
DA:10,4
DA:11,2
DA:12,2
DA:13,2
DA:14,2
DA:16,2
DA:21,4
DA:22,0
DA:23,0
DA:26,4
LF:13
LH:11
BRF:0
BRH:0
end_of_record
TN:
SF:src\app\notification\index.tsx
FN:37,pad2
FN:41,formatDDMMYYYY
FN:45,formatHHmm
FN:49,toUiItem
FN:63,NotificationRow
FN:107,NotificationScreen
FN:113,(anonymous_6)
FN:114,(anonymous_7)
FN:124,(anonymous_8)
FN:130,(anonymous_9)
FN:150,(anonymous_10)
FN:157,(anonymous_11)
FN:162,(anonymous_12)
FN:164,(anonymous_13)
FN:167,(anonymous_14)
FN:168,(anonymous_15)
FN:170,(anonymous_16)
FN:177,(anonymous_17)
FN:187,(anonymous_18)
FN:188,(anonymous_19)
FN:191,(anonymous_20)
FN:214,(anonymous_21)
FN:242,(anonymous_22)
FN:249,(anonymous_23)
FN:257,(anonymous_24)
FNF:25
FNH:24
FNDA:66,pad2
FNDA:11,formatDDMMYYYY
FNDA:11,formatHHmm
FNDA:11,toUiItem
FNDA:13,NotificationRow
FNDA:32,NotificationScreen
FNDA:15,(anonymous_6)
FNDA:15,(anonymous_7)
FNDA:4,(anonymous_8)
FNDA:1,(anonymous_9)
FNDA:32,(anonymous_10)
FNDA:10,(anonymous_11)
FNDA:2,(anonymous_12)
FNDA:2,(anonymous_13)
FNDA:2,(anonymous_14)
FNDA:2,(anonymous_15)
FNDA:2,(anonymous_16)
FNDA:1,(anonymous_17)
FNDA:1,(anonymous_18)
FNDA:1,(anonymous_19)
FNDA:2,(anonymous_20)
FNDA:0,(anonymous_21)
FNDA:10,(anonymous_22)
FNDA:13,(anonymous_23)
FNDA:3,(anonymous_24)
DA:38,66
DA:42,11
DA:46,11
DA:50,11
DA:51,11
DA:52,11
DA:78,13
DA:108,32
DA:109,32
DA:110,32
DA:111,32
DA:113,32
DA:114,15
DA:115,15
DA:116,15
DA:117,15
DA:120,15
DA:122,14
DA:123,14
DA:125,4
DA:128,14
DA:130,1
DA:131,1
DA:132,1
DA:136,1
DA:137,1
DA:139,1
DA:140,1
DA:141,1
DA:143,15
DA:147,15
DA:150,32
DA:151,32
DA:152,32
DA:153,13
DA:154,13
DA:155,13
DA:157,32
DA:160,32
DA:162,32
DA:163,2
DA:164,2
DA:165,2
DA:167,2
DA:168,2
DA:170,2
DA:172,2
DA:173,2
DA:177,1
DA:178,1
DA:179,1
DA:183,1
DA:184,1
DA:186,1
DA:187,1
DA:188,1
DA:191,2
DA:192,2
DA:193,2
DA:194,2
DA:199,32
DA:200,15
DA:207,17
DA:214,0
DA:243,10
DA:250,13
DA:258,3
LF:67
LH:66
BRDA:55,0,0,11
BRDA:55,0,1,0
BRDA:56,1,0,11
BRDA:56,1,1,0
BRDA:80,2,0,10
BRDA:80,2,1,3
BRDA:80,3,0,4
BRDA:80,3,1,9
BRDA:86,4,0,4
BRDA:86,4,1,9
BRDA:91,5,0,4
BRDA:91,5,1,9
BRDA:98,6,0,4
BRDA:98,6,1,9
BRDA:122,7,0,14
BRDA:122,7,1,0
BRDA:153,8,0,13
BRDA:153,8,1,10
BRDA:160,9,0,32
BRDA:160,9,1,17
BRDA:165,10,0,0
BRDA:165,10,1,2
BRDA:165,11,0,2
BRDA:165,11,1,2
BRDA:165,11,2,2
BRDA:168,12,0,2
BRDA:168,12,1,0
BRDA:188,13,0,1
BRDA:188,13,1,0
BRDA:199,14,0,15
BRDA:199,14,1,17
BRDA:228,15,0,8
BRDA:228,15,1,9
BRDA:258,16,0,2
BRDA:258,16,1,1
BRF:35
BRH:29
end_of_record
TN:
SF:src\components\BottomNav.tsx
FN:33,BottomNav
FN:42,(anonymous_1)
FN:47,(anonymous_2)
FNF:3
FNH:2
FNDA:3,BottomNav
FNDA:9,(anonymous_1)
FNDA:0,(anonymous_2)
DA:15,1
DA:34,3
DA:36,3
DA:43,9
DA:44,9
DA:45,9
DA:47,9
DA:48,0
DA:57,9
LF:9
LH:8
BRDA:45,0,0,3
BRDA:45,0,1,6
BRDA:64,1,0,3
BRDA:64,1,1,6
BRDA:69,2,0,3
BRDA:69,2,1,6
BRF:6
BRH:6
end_of_record
TN:
SF:src\components\Button.tsx
FN:14,(anonymous_0)
FNF:1
FNH:1
FNDA:5,(anonymous_0)
DA:14,1
DA:15,5
DA:20,5
LF:3
LH:3
BRDA:14,0,0,3
BRDA:22,1,0,1
BRDA:22,1,1,4
BRF:3
BRH:3
end_of_record
TN:
SF:src\components\CartItem.tsx
FN:16,(anonymous_0)
FN:20,CartItem
FN:79,(anonymous_2)
FNF:3
FNH:2
FNDA:9,(anonymous_0)
FNDA:9,CartItem
FNDA:0,(anonymous_2)
DA:16,1
DA:17,9
DA:30,9
DA:80,0
DA:81,0
LF:5
LH:3
BRDA:42,0,0,2
BRDA:42,0,1,7
BRDA:42,1,0,9
BRDA:42,1,1,8
BRDA:81,2,0,0
BRDA:81,2,1,0
BRF:6
BRH:4
end_of_record
TN:
SF:src\components\ConfirmationModal.tsx
FN:17,(anonymous_0)
FN:28,(anonymous_1)
FN:45,(anonymous_2)
FNF:3
FNH:3
FNDA:2,(anonymous_0)
FNDA:2,(anonymous_1)
FNDA:2,(anonymous_2)
DA:17,1
DA:28,2
DA:29,2
DA:31,0
DA:33,0
DA:35,2
DA:45,2
DA:46,2
DA:48,0
DA:50,0
DA:52,2
DA:56,2
LF:12
LH:8
BRDA:23,0,0,2
BRDA:24,1,0,2
BRDA:25,2,0,2
BRDA:26,3,0,2
BRDA:29,4,0,0
BRDA:29,4,1,0
BRDA:29,4,2,2
BRDA:46,5,0,0
BRDA:46,5,1,0
BRDA:46,5,2,2
BRDA:82,6,0,0
BRDA:82,6,1,2
BRDA:92,7,0,0
BRDA:92,7,1,2
BRDA:97,8,0,0
BRDA:97,8,1,2
BRF:16
BRH:9
end_of_record
TN:
SF:src\components\Header.tsx
FN:14,Header
FN:22,(anonymous_1)
FNF:2
FNH:1
FNDA:5,Header
FNDA:0,(anonymous_1)
DA:20,5
DA:22,5
DA:24,5
LF:3
LH:3
BRDA:16,0,0,3
BRDA:17,1,0,3
BRDA:31,2,0,5
BRDA:31,2,1,2
BRDA:39,3,0,5
BRDA:39,3,1,2
BRDA:45,4,0,5
BRDA:45,4,1,2
BRF:8
BRH:8
end_of_record
TN:
SF:src\components\HeaderHome.tsx
FN:23,ensureAuthToken
FN:32,AppHeader
FN:34,(anonymous_2)
FN:35,(anonymous_3)
FN:42,(anonymous_4)
FN:51,(anonymous_5)
FN:59,(anonymous_6)
FN:69,(anonymous_7)
FN:73,(anonymous_8)
FNF:9
FNH:5
FNDA:8,ensureAuthToken
FNDA:13,AppHeader
FNDA:0,(anonymous_2)
FNDA:0,(anonymous_3)
FNDA:0,(anonymous_4)
FNDA:8,(anonymous_5)
FNDA:5,(anonymous_6)
FNDA:0,(anonymous_7)
FNDA:8,(anonymous_8)
DA:24,8
DA:25,8
DA:26,0
DA:27,0
DA:42,13
DA:43,0
DA:44,0
DA:46,0
DA:49,13
DA:51,13
DA:52,8
DA:53,8
DA:55,8
DA:59,5
DA:60,5
DA:61,5
DA:63,3
DA:64,3
DA:68,13
DA:70,0
DA:73,13
DA:74,8
DA:77,13
LF:23
LH:17
BRDA:25,0,0,0
BRDA:25,0,1,8
BRDA:34,1,0,13
BRDA:35,2,0,13
BRDA:37,3,0,8
BRDA:38,4,0,8
BRDA:39,5,0,8
BRDA:43,6,0,0
BRDA:43,6,1,0
BRDA:59,7,0,5
BRDA:59,7,1,0
BRDA:83,8,0,13
BRDA:83,8,1,10
BRDA:93,9,0,2
BRDA:93,9,1,11
BRDA:97,10,0,0
BRDA:97,10,1,11
BRDA:109,11,0,13
BRDA:109,11,1,13
BRDA:117,12,0,13
BRDA:117,12,1,13
BRDA:122,13,0,5
BRDA:122,13,1,8
BRDA:123,14,0,13
BRDA:123,14,1,5
BRF:25
BRH:20
end_of_record
TN:
SF:src\components\PageHeader.tsx
FN:12,PageHeader
FNF:1
FNH:1
FNDA:4,PageHeader
DA:17,4
LF:1
LH:1
BRF:0
BRH:0
end_of_record
TN:
SF:src\components\SuccessModal.tsx
FN:16,(anonymous_0)
FNF:1
FNH:1
FNDA:4,(anonymous_0)
DA:16,1
DA:25,4
LF:2
LH:2
BRDA:20,0,0,0
BRDA:21,1,0,0
BRDA:22,2,0,4
BRDA:23,3,0,4
BRF:4
BRH:2
end_of_record
