TN:
SF:src\app\_layout.tsx
FN:13,(anonymous_0)
FN:15,RootLayout
FN:24,(anonymous_2)
FN:31,(anonymous_3)
FNF:4
FNH:0
FNDA:0,(anonymous_0)
FNDA:0,RootLayout
FNDA:0,(anonymous_2)
FNDA:0,(anonymous_3)
DA:12,0
DA:13,0
DA:16,0
DA:21,0
DA:24,0
DA:25,0
DA:26,0
DA:31,0
DA:32,0
DA:37,0
DA:40,0
DA:41,0
DA:48,0
LF:13
LH:0
BRDA:13,0,0,0
BRDA:13,0,1,0
BRDA:25,1,0,0
BRDA:25,1,1,0
BRDA:40,2,0,0
BRDA:40,2,1,0
BRDA:40,3,0,0
BRDA:40,3,1,0
BRF:8
BRH:0
end_of_record
TN:
SF:src\app\index.tsx
FN:20,LaunchAnimationScreen
FN:30,(anonymous_1)
FN:42,(anonymous_2)
FN:47,(anonymous_3)
FN:54,(anonymous_4)
FN:66,(anonymous_5)
FN:70,(anonymous_6)
FN:77,(anonymous_7)
FN:81,(anonymous_8)
FN:83,(anonymous_9)
FN:84,(anonymous_10)
FN:87,(anonymous_11)
FN:88,(anonymous_12)
FN:98,(anonymous_13)
FN:104,(anonymous_14)
FN:107,(anonymous_15)
FN:113,(anonymous_16)
FN:119,(anonymous_17)
FNF:18
FNH:0
FNDA:0,LaunchAnimationScreen
FNDA:0,(anonymous_1)
FNDA:0,(anonymous_2)
FNDA:0,(anonymous_3)
FNDA:0,(anonymous_4)
FNDA:0,(anonymous_5)
FNDA:0,(anonymous_6)
FNDA:0,(anonymous_7)
FNDA:0,(anonymous_8)
FNDA:0,(anonymous_9)
FNDA:0,(anonymous_10)
FNDA:0,(anonymous_11)
FNDA:0,(anonymous_12)
FNDA:0,(anonymous_13)
FNDA:0,(anonymous_14)
FNDA:0,(anonymous_15)
FNDA:0,(anonymous_16)
FNDA:0,(anonymous_17)
DA:21,0
DA:22,0
DA:24,0
DA:25,0
DA:26,0
DA:27,0
DA:28,0
DA:30,0
DA:31,0
DA:32,0
DA:33,0
DA:34,0
DA:35,0
DA:36,0
DA:37,0
DA:38,0
DA:39,0
DA:42,0
DA:43,0
DA:44,0
DA:45,0
DA:46,0
DA:47,0
DA:48,0
DA:49,0
DA:54,0
DA:55,0
DA:56,0
DA:57,0
DA:58,0
DA:59,0
DA:60,0
DA:61,0
DA:62,0
DA:63,0
DA:66,0
DA:67,0
DA:68,0
DA:69,0
DA:70,0
DA:71,0
DA:72,0
DA:77,0
DA:81,0
DA:82,0
DA:83,0
DA:84,0
DA:85,0
DA:86,0
DA:87,0
DA:88,0
DA:90,0
DA:96,0
DA:98,0
DA:99,0
DA:100,0
DA:104,0
DA:105,0
DA:107,0
DA:108,0
DA:113,0
DA:114,0
DA:119,0
DA:120,0
DA:121,0
DA:122,0
DA:124,0
DA:128,0
LF:68
LH:0
BRDA:48,0,0,0
BRDA:48,0,1,0
BRDA:48,1,0,0
BRDA:48,1,1,0
BRDA:71,2,0,0
BRDA:71,2,1,0
BRDA:71,3,0,0
BRDA:71,3,1,0
BRDA:99,4,0,0
BRDA:99,4,1,0
BRDA:100,5,0,0
BRDA:100,5,1,0
BRDA:121,6,0,0
BRDA:121,6,1,0
BRDA:134,7,0,0
BRDA:134,7,1,0
BRDA:139,8,0,0
BRDA:139,8,1,0
BRDA:147,9,0,0
BRDA:147,9,1,0
BRDA:157,10,0,0
BRDA:157,10,1,0
BRDA:165,11,0,0
BRDA:165,11,1,0
BRF:24
BRH:0
end_of_record
TN:
SF:src\app\success.tsx
FN:8,SuccessScreen
FN:10,(anonymous_1)
FNF:2
FNH:2
FNDA:1,SuccessScreen
FNDA:1,(anonymous_1)
DA:10,1
DA:11,1
DA:14,1
LF:3
LH:3
BRF:0
BRH:0
end_of_record
TN:
SF:src\app\auth\login\index.tsx
FN:23,asString
FN:29,persistSession
FN:38,signInWithEmailPassword
FN:45,signInOrSignUp
FN:49,(anonymous_4)
FN:74,(anonymous_5)
FN:83,(anonymous_6)
FN:96,LoginScreen
FN:105,(anonymous_8)
FN:110,(anonymous_9)
FN:111,(anonymous_10)
FN:128,(anonymous_11)
FN:129,(anonymous_12)
FN:146,(anonymous_13)
FN:166,(anonymous_14)
FN:331,(anonymous_15)
FNF:16
FNH:0
FNDA:0,asString
FNDA:0,persistSession
FNDA:0,signInWithEmailPassword
FNDA:0,signInOrSignUp
FNDA:0,(anonymous_4)
FNDA:0,(anonymous_5)
FNDA:0,(anonymous_6)
FNDA:0,LoginScreen
FNDA:0,(anonymous_8)
FNDA:0,(anonymous_9)
FNDA:0,(anonymous_10)
FNDA:0,(anonymous_11)
FNDA:0,(anonymous_12)
FNDA:0,(anonymous_13)
FNDA:0,(anonymous_14)
FNDA:0,(anonymous_15)
DA:21,0
DA:24,0
DA:25,0
DA:26,0
DA:30,0
DA:31,0
DA:33,0
DA:34,0
DA:35,0
DA:39,0
DA:46,0
DA:47,0
DA:49,0
DA:50,0
DA:51,0
DA:55,0
DA:56,0
DA:59,0
DA:60,0
DA:61,0
DA:62,0
DA:63,0
DA:68,0
DA:70,0
DA:74,0
DA:75,0
DA:76,0
DA:77,0
DA:78,0
DA:79,0
DA:80,0
DA:81,0
DA:83,0
DA:84,0
DA:85,0
DA:89,0
DA:90,0
DA:92,0
DA:97,0
DA:99,0
DA:100,0
DA:102,0
DA:104,0
DA:105,0
DA:110,0
DA:111,0
DA:112,0
DA:113,0
DA:114,0
DA:116,0
DA:117,0
DA:118,0
DA:120,0
DA:121,0
DA:124,0
DA:128,0
DA:129,0
DA:130,0
DA:131,0
DA:132,0
DA:133,0
DA:140,0
DA:143,0
DA:146,0
DA:147,0
DA:148,0
DA:149,0
DA:150,0
DA:153,0
DA:154,0
DA:155,0
DA:156,0
DA:157,0
DA:159,0
DA:160,0
DA:162,0
DA:166,0
DA:167,0
DA:168,0
DA:172,0
DA:175,0
DA:176,0
DA:183,0
DA:185,0
DA:189,0
DA:190,0
DA:192,0
DA:193,0
DA:194,0
DA:196,0
DA:197,0
DA:198,0
DA:202,0
DA:204,0
DA:205,0
DA:206,0
DA:209,0
DA:211,0
DA:212,0
DA:216,0
DA:218,0
DA:222,0
DA:226,0
DA:230,0
DA:231,0
DA:233,0
DA:238,0
DA:239,0
DA:241,0
DA:331,0
LF:110
LH:0
BRDA:24,0,0,0
BRDA:24,0,1,0
BRDA:25,1,0,0
BRDA:25,1,1,0
BRDA:25,2,0,0
BRDA:25,2,1,0
BRDA:59,3,0,0
BRDA:59,3,1,0
BRDA:60,4,0,0
BRDA:60,4,1,0
BRDA:61,5,0,0
BRDA:61,5,1,0
BRDA:62,6,0,0
BRDA:62,6,1,0
BRDA:62,7,0,0
BRDA:62,7,1,0
BRDA:114,8,0,0
BRDA:114,8,1,0
BRDA:131,9,0,0
BRDA:131,9,1,0
BRDA:148,10,0,0
BRDA:148,10,1,0
BRDA:148,11,0,0
BRDA:148,11,1,0
BRDA:167,12,0,0
BRDA:167,12,1,0
BRDA:190,13,0,0
BRDA:190,13,1,0
BRDA:194,14,0,0
BRDA:194,14,1,0
BRDA:196,15,0,0
BRDA:196,15,1,0
BRDA:212,16,0,0
BRDA:212,16,1,0
BRDA:213,17,0,0
BRDA:213,17,1,0
BRDA:218,18,0,0
BRDA:218,18,1,0
BRDA:219,19,0,0
BRDA:219,19,1,0
BRDA:319,20,0,0
BRDA:319,20,1,0
BRF:42
BRH:0
end_of_record
TN:
SF:src\app\auth\phone\index.tsx
FN:26,PhoneNumberScreen
FN:34,(anonymous_1)
FN:35,(anonymous_2)
FN:45,(anonymous_3)
FN:65,(anonymous_4)
FN:72,(anonymous_5)
FN:77,(anonymous_6)
FN:82,(anonymous_7)
FN:96,(anonymous_8)
FNF:9
FNH:4
FNDA:8,PhoneNumberScreen
FNDA:4,(anonymous_1)
FNDA:4,(anonymous_2)
FNDA:0,(anonymous_3)
FNDA:4,(anonymous_4)
FNDA:0,(anonymous_5)
FNDA:0,(anonymous_6)
FNDA:0,(anonymous_7)
FNDA:0,(anonymous_8)
DA:27,8
DA:29,8
DA:30,8
DA:31,8
DA:32,8
DA:34,8
DA:35,4
DA:36,4
DA:37,4
DA:38,4
DA:40,4
DA:41,0
DA:42,0
DA:45,0
DA:46,0
DA:47,0
DA:51,0
DA:52,0
DA:54,0
DA:56,4
DA:60,4
DA:63,8
DA:65,8
DA:66,4
DA:67,4
DA:68,4
DA:69,4
DA:72,8
DA:73,0
DA:74,0
DA:77,8
DA:78,0
DA:81,8
DA:82,8
DA:83,0
DA:85,0
DA:86,0
DA:87,0
DA:89,0
DA:91,0
DA:94,0
DA:96,0
DA:97,0
DA:98,0
DA:102,0
DA:103,0
DA:105,0
DA:106,0
DA:108,0
DA:112,8
DA:113,4
DA:120,4
LF:52
LH:26
BRDA:40,0,0,0
BRDA:40,0,1,4
BRDA:74,1,0,0
BRDA:74,1,1,0
BRDA:81,2,0,8
BRDA:81,2,1,0
BRDA:83,3,0,0
BRDA:83,3,1,0
BRDA:112,4,0,4
BRDA:112,4,1,4
BRDA:123,5,0,4
BRDA:123,5,1,0
BRDA:137,6,0,4
BRDA:137,6,1,0
BRDA:174,7,0,0
BRDA:174,7,1,4
BRF:16
BRH:7
end_of_record
TN:
SF:src\app\auth\phone\otp.tsx
FN:16,OTPScreen
FN:26,(anonymous_1)
FN:29,(anonymous_2)
FN:30,(anonymous_3)
FN:33,(anonymous_4)
FN:38,(anonymous_5)
FN:50,(anonymous_6)
FN:56,(anonymous_7)
FN:74,(anonymous_8)
FN:83,(anonymous_9)
FN:87,(anonymous_10)
FN:100,(anonymous_11)
FN:112,(anonymous_12)
FN:143,(anonymous_13)
FN:146,(anonymous_14)
FN:161,(anonymous_15)
FN:162,(anonymous_16)
FN:163,(anonymous_17)
FN:164,(anonymous_18)
FNF:19
FNH:0
FNDA:0,OTPScreen
FNDA:0,(anonymous_1)
FNDA:0,(anonymous_2)
FNDA:0,(anonymous_3)
FNDA:0,(anonymous_4)
FNDA:0,(anonymous_5)
FNDA:0,(anonymous_6)
FNDA:0,(anonymous_7)
FNDA:0,(anonymous_8)
FNDA:0,(anonymous_9)
FNDA:0,(anonymous_10)
FNDA:0,(anonymous_11)
FNDA:0,(anonymous_12)
FNDA:0,(anonymous_13)
FNDA:0,(anonymous_14)
FNDA:0,(anonymous_15)
FNDA:0,(anonymous_16)
FNDA:0,(anonymous_17)
FNDA:0,(anonymous_18)
DA:14,0
DA:17,0
DA:18,0
DA:19,0
DA:20,0
DA:21,0
DA:22,0
DA:23,0
DA:24,0
DA:26,0
DA:28,0
DA:30,0
DA:33,0
DA:34,0
DA:38,0
DA:39,0
DA:41,0
DA:42,0
DA:43,0
DA:45,0
DA:46,0
DA:50,0
DA:51,0
DA:52,0
DA:56,0
DA:57,0
DA:58,0
DA:59,0
DA:61,0
DA:62,0
DA:63,0
DA:64,0
DA:73,0
DA:74,0
DA:75,0
DA:77,0
DA:78,0
DA:80,0
DA:83,0
DA:84,0
DA:87,0
DA:88,0
DA:90,0
DA:91,0
DA:92,0
DA:99,0
DA:100,0
DA:102,0
DA:103,0
DA:105,0
DA:106,0
DA:108,0
DA:112,0
DA:114,0
DA:144,0
DA:147,0
DA:148,0
DA:150,0
DA:161,0
DA:162,0
DA:163,0
DA:164,0
LF:62
LH:0
BRDA:28,0,0,0
BRDA:28,0,1,0
BRDA:34,1,0,0
BRDA:34,1,1,0
BRDA:39,2,0,0
BRDA:39,2,1,0
BRDA:45,3,0,0
BRDA:45,3,1,0
BRDA:45,4,0,0
BRDA:45,4,1,0
BRDA:51,5,0,0
BRDA:51,5,1,0
BRDA:51,6,0,0
BRDA:51,6,1,0
BRDA:51,6,2,0
BRDA:62,7,0,0
BRDA:62,7,1,0
BRDA:88,8,0,0
BRDA:88,8,1,0
BRDA:117,9,0,0
BRDA:117,9,1,0
BRDA:133,10,0,0
BRDA:133,10,1,0
BRDA:147,11,0,0
BRDA:147,11,1,0
BRDA:154,12,0,0
BRDA:154,12,1,0
BRDA:178,13,0,0
BRDA:178,13,1,0
BRDA:181,14,0,0
BRDA:181,14,1,0
BRDA:190,15,0,0
BRDA:190,15,1,0
BRDA:194,16,0,0
BRDA:194,16,1,0
BRF:35
BRH:0
end_of_record
TN:
SF:src\app\auth\register\index.tsx
FN:22,asString
FN:28,persistSession
FN:37,signIn
FN:44,RegisterScreen
FN:54,(anonymous_4)
FN:59,(anonymous_5)
FN:60,(anonymous_6)
FN:76,(anonymous_7)
FN:108,(anonymous_8)
FN:295,(anonymous_9)
FNF:10
FNH:0
FNDA:0,asString
FNDA:0,persistSession
FNDA:0,signIn
FNDA:0,RegisterScreen
FNDA:0,(anonymous_4)
FNDA:0,(anonymous_5)
FNDA:0,(anonymous_6)
FNDA:0,(anonymous_7)
FNDA:0,(anonymous_8)
FNDA:0,(anonymous_9)
DA:20,0
DA:23,0
DA:24,0
DA:25,0
DA:29,0
DA:30,0
DA:32,0
DA:33,0
DA:34,0
DA:38,0
DA:45,0
DA:47,0
DA:48,0
DA:49,0
DA:51,0
DA:53,0
DA:54,0
DA:59,0
DA:60,0
DA:61,0
DA:62,0
DA:63,0
DA:64,0
DA:70,0
DA:73,0
DA:76,0
DA:77,0
DA:78,0
DA:80,0
DA:81,0
DA:85,0
DA:88,0
DA:89,0
DA:90,0
DA:96,0
DA:97,0
DA:99,0
DA:101,0
DA:102,0
DA:104,0
DA:108,0
DA:109,0
DA:110,0
DA:114,0
DA:117,0
DA:118,0
DA:125,0
DA:127,0
DA:131,0
DA:132,0
DA:134,0
DA:135,0
DA:136,0
DA:138,0
DA:139,0
DA:140,0
DA:143,0
DA:145,0
DA:146,0
DA:147,0
DA:150,0
DA:151,0
DA:157,0
DA:158,0
DA:159,0
DA:161,0
DA:165,0
DA:167,0
DA:168,0
DA:172,0
DA:174,0
DA:178,0
DA:182,0
DA:186,0
DA:187,0
DA:189,0
DA:194,0
DA:195,0
DA:197,0
DA:295,0
LF:80
LH:0
BRDA:23,0,0,0
BRDA:23,0,1,0
BRDA:24,1,0,0
BRDA:24,1,1,0
BRDA:24,2,0,0
BRDA:24,2,1,0
BRDA:62,3,0,0
BRDA:62,3,1,0
BRDA:80,4,0,0
BRDA:80,4,1,0
BRDA:80,5,0,0
BRDA:80,5,1,0
BRDA:80,5,2,0
BRDA:109,6,0,0
BRDA:109,6,1,0
BRDA:132,7,0,0
BRDA:132,7,1,0
BRDA:136,8,0,0
BRDA:136,8,1,0
BRDA:138,9,0,0
BRDA:138,9,1,0
BRDA:150,10,0,0
BRDA:150,10,1,0
BRDA:150,11,0,0
BRDA:150,11,1,0
BRDA:152,12,0,0
BRDA:152,12,1,0
BRDA:168,13,0,0
BRDA:168,13,1,0
BRDA:169,14,0,0
BRDA:169,14,1,0
BRDA:174,15,0,0
BRDA:174,15,1,0
BRDA:175,16,0,0
BRDA:175,16,1,0
BRDA:281,17,0,0
BRDA:281,17,1,0
BRF:37
BRH:0
end_of_record
TN:
SF:src\app\cart\index.tsx
FN:54,Index
FN:67,(anonymous_1)
FN:77,(anonymous_2)
FN:91,(anonymous_3)
FN:97,(anonymous_4)
FN:112,(anonymous_5)
FN:121,(anonymous_6)
FN:122,(anonymous_7)
FN:126,(anonymous_8)
FN:143,(anonymous_9)
FN:148,(anonymous_10)
FN:152,(anonymous_11)
FN:157,(anonymous_12)
FN:165,(anonymous_13)
FN:166,(anonymous_14)
FN:171,(anonymous_15)
FN:237,(anonymous_16)
FN:238,(anonymous_17)
FN:246,(anonymous_18)
FN:247,(anonymous_19)
FN:254,(anonymous_20)
FN:275,(anonymous_21)
FN:280,(anonymous_22)
FN:363,(anonymous_23)
FN:428,(anonymous_24)
FN:440,(anonymous_25)
FN:453,(anonymous_26)
FN:465,(anonymous_27)
FN:466,(anonymous_28)
FNF:29
FNH:3
FNDA:4,Index
FNDA:0,(anonymous_1)
FNDA:0,(anonymous_2)
FNDA:0,(anonymous_3)
FNDA:0,(anonymous_4)
FNDA:4,(anonymous_5)
FNDA:0,(anonymous_6)
FNDA:0,(anonymous_7)
FNDA:0,(anonymous_8)
FNDA:4,(anonymous_9)
FNDA:0,(anonymous_10)
FNDA:0,(anonymous_11)
FNDA:0,(anonymous_12)
FNDA:0,(anonymous_13)
FNDA:0,(anonymous_14)
FNDA:0,(anonymous_15)
FNDA:0,(anonymous_16)
FNDA:0,(anonymous_17)
FNDA:0,(anonymous_18)
FNDA:0,(anonymous_19)
FNDA:0,(anonymous_20)
FNDA:0,(anonymous_21)
FNDA:0,(anonymous_22)
FNDA:0,(anonymous_23)
FNDA:0,(anonymous_24)
FNDA:0,(anonymous_25)
FNDA:0,(anonymous_26)
FNDA:0,(anonymous_27)
FNDA:0,(anonymous_28)
DA:55,4
DA:56,4
DA:57,4
DA:58,4
DA:59,4
DA:60,4
DA:61,4
DA:62,4
DA:63,4
DA:64,4
DA:67,4
DA:68,0
DA:72,4
DA:77,4
DA:78,0
DA:79,0
DA:80,0
DA:82,0
DA:83,0
DA:84,0
DA:85,0
DA:86,0
DA:88,0
DA:91,0
DA:97,0
DA:98,0
DA:99,0
DA:103,0
DA:104,0
DA:106,0
DA:108,0
DA:112,4
DA:113,4
DA:114,4
DA:115,4
DA:116,0
DA:117,0
DA:119,4
DA:120,4
DA:121,0
DA:122,0
DA:124,4
DA:126,0
DA:127,0
DA:128,0
DA:132,0
DA:133,0
DA:135,0
DA:137,4
DA:138,4
DA:142,4
DA:144,4
DA:148,4
DA:149,0
DA:150,0
DA:152,4
DA:153,0
DA:154,0
DA:157,4
DA:158,0
DA:160,0
DA:161,0
DA:162,0
DA:165,0
DA:166,0
DA:168,0
DA:169,0
DA:171,0
DA:172,0
DA:173,0
DA:177,0
DA:178,0
DA:180,0
DA:181,0
DA:183,0
DA:209,4
DA:210,1
DA:217,3
DA:237,0
DA:239,0
DA:246,0
DA:247,0
DA:254,0
DA:275,0
DA:280,0
DA:364,0
DA:365,0
DA:366,0
DA:429,0
DA:430,0
DA:440,0
DA:453,0
DA:465,0
DA:466,0
LF:94
LH:30
BRDA:72,0,0,4
BRDA:72,0,1,0
BRDA:72,1,0,4
BRDA:72,1,1,4
BRDA:84,2,0,0
BRDA:84,2,1,0
BRDA:115,3,0,0
BRDA:115,3,1,4
BRDA:158,4,0,0
BRDA:158,4,1,0
BRDA:209,5,0,1
BRDA:209,5,1,3
BRDA:224,6,0,0
BRDA:224,6,1,3
BRDA:288,7,0,0
BRDA:288,7,1,3
BRDA:292,8,0,0
BRDA:292,8,1,3
BRDA:317,9,0,0
BRDA:317,9,1,0
BRDA:320,10,0,0
BRDA:320,10,1,0
BRDA:328,11,0,0
BRDA:328,11,1,0
BRDA:328,11,2,0
BRDA:344,12,0,0
BRDA:344,12,1,0
BRDA:358,13,0,0
BRDA:358,13,1,0
BRDA:365,14,0,0
BRDA:365,14,1,0
BRDA:374,15,0,0
BRDA:374,15,1,0
BRDA:389,16,0,0
BRDA:389,16,1,0
BRDA:391,17,0,0
BRDA:391,17,1,0
BRDA:430,18,0,0
BRDA:430,18,1,0
BRF:39
BRH:9
end_of_record
TN:
SF:src\app\home\addPost.tsx
FN:28,ensureAuthToken
FN:56,AddPost
FN:79,(anonymous_2)
FN:99,(anonymous_3)
FN:107,(anonymous_4)
FN:164,(anonymous_5)
FN:235,(anonymous_6)
FN:251,(anonymous_7)
FN:255,(anonymous_8)
FN:262,(anonymous_9)
FN:289,(anonymous_10)
FN:380,(anonymous_11)
FN:399,(anonymous_12)
FN:467,(anonymous_13)
FN:517,(anonymous_14)
FN:523,(anonymous_15)
FN:530,(anonymous_16)
FN:531,(anonymous_17)
FN:533,(anonymous_18)
FN:555,(anonymous_19)
FN:561,(anonymous_20)
FN:568,(anonymous_21)
FN:569,(anonymous_22)
FN:571,(anonymous_23)
FN:593,(anonymous_24)
FN:599,(anonymous_25)
FN:606,(anonymous_26)
FN:609,(anonymous_27)
FN:611,(anonymous_28)
FN:631,(anonymous_29)
FN:635,(anonymous_30)
FNF:31
FNH:0
FNDA:0,ensureAuthToken
FNDA:0,AddPost
FNDA:0,(anonymous_2)
FNDA:0,(anonymous_3)
FNDA:0,(anonymous_4)
FNDA:0,(anonymous_5)
FNDA:0,(anonymous_6)
FNDA:0,(anonymous_7)
FNDA:0,(anonymous_8)
FNDA:0,(anonymous_9)
FNDA:0,(anonymous_10)
FNDA:0,(anonymous_11)
FNDA:0,(anonymous_12)
FNDA:0,(anonymous_13)
FNDA:0,(anonymous_14)
FNDA:0,(anonymous_15)
FNDA:0,(anonymous_16)
FNDA:0,(anonymous_17)
FNDA:0,(anonymous_18)
FNDA:0,(anonymous_19)
FNDA:0,(anonymous_20)
FNDA:0,(anonymous_21)
FNDA:0,(anonymous_22)
FNDA:0,(anonymous_23)
FNDA:0,(anonymous_24)
FNDA:0,(anonymous_25)
FNDA:0,(anonymous_26)
FNDA:0,(anonymous_27)
FNDA:0,(anonymous_28)
FNDA:0,(anonymous_29)
FNDA:0,(anonymous_30)
DA:29,0
DA:31,0
DA:32,0
DA:33,0
DA:36,0
DA:57,0
DA:58,0
DA:59,0
DA:60,0
DA:61,0
DA:62,0
DA:63,0
DA:67,0
DA:68,0
DA:69,0
DA:70,0
DA:71,0
DA:72,0
DA:73,0
DA:74,0
DA:75,0
DA:76,0
DA:77,0
DA:79,0
DA:80,0
DA:81,0
DA:82,0
DA:83,0
DA:86,0
DA:93,0
DA:94,0
DA:95,0
DA:99,0
DA:100,0
DA:101,0
DA:102,0
DA:103,0
DA:104,0
DA:105,0
DA:107,0
DA:108,0
DA:109,0
DA:113,0
DA:114,0
DA:116,0
DA:164,0
DA:165,0
DA:173,0
DA:174,0
DA:177,0
DA:178,0
DA:179,0
DA:181,0
DA:184,0
DA:185,0
DA:186,0
DA:187,0
DA:188,0
DA:189,0
DA:190,0
DA:191,0
DA:192,0
DA:195,0
DA:197,0
DA:198,0
DA:199,0
DA:202,0
DA:203,0
DA:204,0
DA:206,0
DA:214,0
DA:223,0
DA:225,0
DA:226,0
DA:228,0
DA:229,0
DA:235,0
DA:236,0
DA:237,0
DA:241,0
DA:242,0
DA:244,0
DA:245,0
DA:247,0
DA:251,0
DA:252,0
DA:253,0
DA:255,0
DA:256,0
DA:257,0
DA:259,0
DA:260,0
DA:262,0
DA:263,0
DA:264,0
DA:268,0
DA:269,0
DA:271,0
DA:275,0
DA:289,0
DA:380,0
DA:399,0
DA:467,0
DA:517,0
DA:523,0
DA:530,0
DA:532,0
DA:534,0
DA:535,0
DA:555,0
DA:561,0
DA:568,0
DA:570,0
DA:572,0
DA:573,0
DA:593,0
DA:599,0
DA:607,0
DA:610,0
DA:612,0
DA:613,0
DA:632,0
DA:633,0
DA:636,0
DA:637,0
LF:125
LH:0
BRDA:31,0,0,0
BRDA:31,0,1,0
BRDA:81,1,0,0
BRDA:81,1,1,0
BRDA:93,2,0,0
BRDA:93,2,1,0
BRDA:165,3,0,0
BRDA:165,3,1,0
BRDA:166,4,0,0
BRDA:166,4,1,0
BRDA:166,4,2,0
BRDA:166,4,3,0
BRDA:166,4,4,0
BRDA:166,4,5,0
BRDA:185,5,0,0
BRDA:185,5,1,0
BRDA:190,6,0,0
BRDA:190,6,1,0
BRDA:191,7,0,0
BRDA:191,7,1,0
BRDA:192,8,0,0
BRDA:192,8,1,0
BRDA:195,9,0,0
BRDA:195,9,1,0
BRDA:202,10,0,0
BRDA:202,10,1,0
BRDA:204,11,0,0
BRDA:204,11,1,0
BRDA:225,12,0,0
BRDA:225,12,1,0
BRDA:231,13,0,0
BRDA:231,13,1,0
BRDA:277,14,0,0
BRDA:277,14,1,0
BRDA:279,15,0,0
BRDA:279,15,1,0
BRDA:328,16,0,0
BRDA:328,16,1,0
BRDA:384,17,0,0
BRDA:384,17,1,0
BRDA:386,18,0,0
BRDA:386,18,1,0
BRDA:403,19,0,0
BRDA:403,19,1,0
BRDA:405,20,0,0
BRDA:405,20,1,0
BRDA:472,21,0,0
BRDA:472,21,1,0
BRDA:475,22,0,0
BRDA:475,22,1,0
BRDA:502,23,0,0
BRDA:502,23,1,0
BRDA:504,24,0,0
BRDA:504,24,1,0
BRDA:540,25,0,0
BRDA:540,25,1,0
BRDA:578,26,0,0
BRDA:578,26,1,0
BRDA:607,27,0,0
BRDA:607,27,1,0
BRDA:618,28,0,0
BRDA:618,28,1,0
BRF:62
BRH:0
end_of_record
TN:
SF:src\app\home\index.tsx
FN:29,ensureAuthToken
FN:36,(anonymous_1)
FN:39,(anonymous_2)
FN:69,Index
FN:95,(anonymous_4)
FN:108,(anonymous_5)
FN:123,(anonymous_6)
FN:138,(anonymous_7)
FN:166,(anonymous_8)
FN:181,loadCourses
FN:194,(anonymous_10)
FN:208,(anonymous_11)
FN:212,(anonymous_12)
FN:233,(anonymous_13)
FN:234,(anonymous_14)
FN:275,(anonymous_15)
FN:300,(anonymous_16)
FN:308,(anonymous_17)
FN:322,(anonymous_18)
FN:332,(anonymous_19)
FN:336,(anonymous_20)
FN:340,(anonymous_21)
FN:352,(anonymous_22)
FN:371,(anonymous_23)
FN:396,(anonymous_24)
FN:403,(anonymous_25)
FN:411,(anonymous_26)
FN:435,(anonymous_27)
FN:439,(anonymous_28)
FN:505,(anonymous_29)
FN:517,(anonymous_30)
FNF:31
FNH:0
FNDA:0,ensureAuthToken
FNDA:0,(anonymous_1)
FNDA:0,(anonymous_2)
FNDA:0,Index
FNDA:0,(anonymous_4)
FNDA:0,(anonymous_5)
FNDA:0,(anonymous_6)
FNDA:0,(anonymous_7)
FNDA:0,(anonymous_8)
FNDA:0,loadCourses
FNDA:0,(anonymous_10)
FNDA:0,(anonymous_11)
FNDA:0,(anonymous_12)
FNDA:0,(anonymous_13)
FNDA:0,(anonymous_14)
FNDA:0,(anonymous_15)
FNDA:0,(anonymous_16)
FNDA:0,(anonymous_17)
FNDA:0,(anonymous_18)
FNDA:0,(anonymous_19)
FNDA:0,(anonymous_20)
FNDA:0,(anonymous_21)
FNDA:0,(anonymous_22)
FNDA:0,(anonymous_23)
FNDA:0,(anonymous_24)
FNDA:0,(anonymous_25)
FNDA:0,(anonymous_26)
FNDA:0,(anonymous_27)
FNDA:0,(anonymous_28)
FNDA:0,(anonymous_29)
FNDA:0,(anonymous_30)
DA:30,0
DA:31,0
DA:32,0
DA:33,0
DA:36,0
DA:37,0
DA:39,0
DA:40,0
DA:42,0
DA:44,0
DA:46,0
DA:48,0
DA:70,0
DA:71,0
DA:72,0
DA:73,0
DA:74,0
DA:75,0
DA:76,0
DA:77,0
DA:87,0
DA:88,0
DA:89,0
DA:90,0
DA:91,0
DA:92,0
DA:93,0
DA:95,0
DA:96,0
DA:97,0
DA:99,0
DA:100,0
DA:105,0
DA:106,0
DA:108,0
DA:109,0
DA:110,0
DA:114,0
DA:115,0
DA:117,0
DA:119,0
DA:123,0
DA:124,0
DA:125,0
DA:126,0
DA:138,0
DA:139,0
DA:140,0
DA:141,0
DA:143,0
DA:144,0
DA:146,0
DA:147,0
DA:149,0
DA:151,0
DA:164,0
DA:166,0
DA:167,0
DA:168,0
DA:172,0
DA:173,0
DA:175,0
DA:177,0
DA:182,0
DA:183,0
DA:185,0
DA:186,0
DA:187,0
DA:189,0
DA:190,0
DA:191,0
DA:192,0
DA:194,0
DA:195,0
DA:196,0
DA:200,0
DA:201,0
DA:203,0
DA:205,0
DA:208,0
DA:209,0
DA:210,0
DA:212,0
DA:214,0
DA:216,0
DA:217,0
DA:218,0
DA:220,0
DA:221,0
DA:222,0
DA:223,0
DA:224,0
DA:225,0
DA:226,0
DA:227,0
DA:230,0
DA:232,0
DA:234,0
DA:251,0
DA:252,0
DA:259,0
DA:276,0
DA:277,0
DA:278,0
DA:279,0
DA:280,0
DA:281,0
DA:282,0
DA:300,0
DA:308,0
DA:322,0
DA:333,0
DA:334,0
DA:337,0
DA:340,0
DA:353,0
DA:354,0
DA:372,0
DA:373,0
DA:396,0
DA:404,0
DA:411,0
DA:436,0
DA:439,0
DA:506,0
DA:507,0
DA:517,0
LF:127
LH:0
BRDA:31,0,0,0
BRDA:31,0,1,0
BRDA:40,1,0,0
BRDA:40,1,1,0
BRDA:40,1,2,0
BRDA:40,1,3,0
BRDA:143,2,0,0
BRDA:143,2,1,0
BRDA:144,3,0,0
BRDA:144,3,1,0
BRDA:146,4,0,0
BRDA:146,4,1,0
BRDA:146,5,0,0
BRDA:146,5,1,0
BRDA:147,6,0,0
BRDA:147,6,1,0
BRDA:147,7,0,0
BRDA:147,7,1,0
BRDA:149,8,0,0
BRDA:149,8,1,0
BRDA:149,9,0,0
BRDA:149,9,1,0
BRDA:149,9,2,0
BRDA:189,10,0,0
BRDA:189,10,1,0
BRDA:214,11,0,0
BRDA:214,11,1,0
BRDA:215,12,0,0
BRDA:215,12,1,0
BRDA:217,13,0,0
BRDA:217,13,1,0
BRDA:217,14,0,0
BRDA:217,14,1,0
BRDA:221,15,0,0
BRDA:221,15,1,0
BRDA:223,16,0,0
BRDA:223,16,1,0
BRDA:225,17,0,0
BRDA:225,17,1,0
BRDA:226,18,0,0
BRDA:226,18,1,0
BRDA:226,18,2,0
BRDA:230,19,0,0
BRDA:230,19,1,0
BRDA:251,20,0,0
BRDA:251,20,1,0
BRDA:267,21,0,0
BRDA:267,21,1,0
BRDA:343,22,0,0
BRDA:343,22,1,0
BRDA:354,23,0,0
BRDA:354,23,1,0
BRDA:367,24,0,0
BRDA:367,24,1,0
BRDA:389,25,0,0
BRDA:389,25,1,0
BRDA:392,26,0,0
BRDA:392,26,1,0
BRDA:402,27,0,0
BRDA:402,27,1,0
BRDA:407,28,0,0
BRDA:407,28,1,0
BRDA:418,29,0,0
BRDA:418,29,1,0
BRDA:428,30,0,0
BRDA:428,30,1,0
BRDA:430,31,0,0
BRDA:430,31,1,0
BRDA:446,32,0,0
BRDA:446,32,1,0
BRDA:469,33,0,0
BRDA:469,33,1,0
BRDA:528,34,0,0
BRDA:528,34,1,0
BRF:74
BRH:0
end_of_record
TN:
SF:src\app\hooks\useOnboardingGate.ts
FN:6,useOnboardingGate
FN:10,(anonymous_1)
FN:11,(anonymous_2)
FN:21,(anonymous_3)
FNF:4
FNH:0
FNDA:0,useOnboardingGate
FNDA:0,(anonymous_1)
FNDA:0,(anonymous_2)
FNDA:0,(anonymous_3)
DA:4,0
DA:7,0
DA:8,0
DA:10,0
DA:11,0
DA:12,0
DA:13,0
DA:14,0
DA:16,0
DA:21,0
DA:22,0
DA:23,0
DA:26,0
LF:13
LH:0
BRF:0
BRH:0
end_of_record
TN:
SF:src\app\notification\index.tsx
FN:37,pad2
FN:41,formatDDMMYYYY
FN:45,formatHHmm
FN:49,toUiItem
FN:63,NotificationRow
FN:107,NotificationScreen
FN:113,(anonymous_6)
FN:114,(anonymous_7)
FN:124,(anonymous_8)
FN:130,(anonymous_9)
FN:150,(anonymous_10)
FN:157,(anonymous_11)
FN:162,(anonymous_12)
FN:164,(anonymous_13)
FN:167,(anonymous_14)
FN:168,(anonymous_15)
FN:170,(anonymous_16)
FN:177,(anonymous_17)
FN:187,(anonymous_18)
FN:188,(anonymous_19)
FN:191,(anonymous_20)
FN:214,(anonymous_21)
FN:242,(anonymous_22)
FN:249,(anonymous_23)
FN:257,(anonymous_24)
FNF:25
FNH:4
FNDA:0,pad2
FNDA:0,formatDDMMYYYY
FNDA:0,formatHHmm
FNDA:0,toUiItem
FNDA:0,NotificationRow
FNDA:2,NotificationScreen
FNDA:1,(anonymous_6)
FNDA:1,(anonymous_7)
FNDA:0,(anonymous_8)
FNDA:0,(anonymous_9)
FNDA:2,(anonymous_10)
FNDA:0,(anonymous_11)
FNDA:0,(anonymous_12)
FNDA:0,(anonymous_13)
FNDA:0,(anonymous_14)
FNDA:0,(anonymous_15)
FNDA:0,(anonymous_16)
FNDA:0,(anonymous_17)
FNDA:0,(anonymous_18)
FNDA:0,(anonymous_19)
FNDA:0,(anonymous_20)
FNDA:0,(anonymous_21)
FNDA:0,(anonymous_22)
FNDA:0,(anonymous_23)
FNDA:0,(anonymous_24)
DA:38,0
DA:42,0
DA:46,0
DA:50,0
DA:51,0
DA:52,0
DA:78,0
DA:108,2
DA:109,2
DA:110,2
DA:111,2
DA:113,2
DA:114,1
DA:115,1
DA:116,1
DA:117,1
DA:120,1
DA:122,1
DA:123,1
DA:125,0
DA:128,1
DA:130,0
DA:131,0
DA:132,0
DA:136,0
DA:137,0
DA:139,0
DA:140,0
DA:141,0
DA:143,1
DA:147,1
DA:150,2
DA:151,2
DA:152,2
DA:153,0
DA:154,0
DA:155,0
DA:157,2
DA:160,2
DA:162,2
DA:163,0
DA:164,0
DA:165,0
DA:167,0
DA:168,0
DA:170,0
DA:172,0
DA:173,0
DA:177,0
DA:178,0
DA:179,0
DA:183,0
DA:184,0
DA:186,0
DA:187,0
DA:188,0
DA:191,0
DA:192,0
DA:193,0
DA:194,0
DA:199,2
DA:200,1
DA:207,1
DA:214,0
DA:243,0
DA:250,0
DA:258,0
LF:67
LH:24
BRDA:55,0,0,0
BRDA:55,0,1,0
BRDA:56,1,0,0
BRDA:56,1,1,0
BRDA:80,2,0,0
BRDA:80,2,1,0
BRDA:80,3,0,0
BRDA:80,3,1,0
BRDA:86,4,0,0
BRDA:86,4,1,0
BRDA:91,5,0,0
BRDA:91,5,1,0
BRDA:98,6,0,0
BRDA:98,6,1,0
BRDA:122,7,0,1
BRDA:122,7,1,0
BRDA:153,8,0,0
BRDA:153,8,1,0
BRDA:160,9,0,2
BRDA:160,9,1,1
BRDA:165,10,0,0
BRDA:165,10,1,0
BRDA:165,11,0,0
BRDA:165,11,1,0
BRDA:165,11,2,0
BRDA:168,12,0,0
BRDA:168,12,1,0
BRDA:188,13,0,0
BRDA:188,13,1,0
BRDA:199,14,0,1
BRDA:199,14,1,1
BRDA:228,15,0,1
BRDA:228,15,1,0
BRDA:258,16,0,0
BRDA:258,16,1,0
BRF:35
BRH:6
end_of_record
TN:
SF:src\app\onboarding\index.tsx
FN:58,OnboardingScreen
FN:68,(anonymous_1)
FN:75,(anonymous_2)
FN:80,(anonymous_3)
FN:88,(anonymous_4)
FN:94,(anonymous_5)
FN:118,(anonymous_6)
FN:122,(anonymous_7)
FN:129,(anonymous_8)
FN:146,(anonymous_9)
FN:194,(anonymous_10)
FN:201,(anonymous_11)
FNF:12
FNH:0
FNDA:0,OnboardingScreen
FNDA:0,(anonymous_1)
FNDA:0,(anonymous_2)
FNDA:0,(anonymous_3)
FNDA:0,(anonymous_4)
FNDA:0,(anonymous_5)
FNDA:0,(anonymous_6)
FNDA:0,(anonymous_7)
FNDA:0,(anonymous_8)
FNDA:0,(anonymous_9)
FNDA:0,(anonymous_10)
FNDA:0,(anonymous_11)
DA:32,0
DA:33,0
DA:35,0
DA:56,0
DA:59,0
DA:60,0
DA:61,0
DA:63,0
DA:64,0
DA:66,0
DA:68,0
DA:69,0
DA:70,0
DA:72,0
DA:75,0
DA:76,0
DA:79,0
DA:80,0
DA:81,0
DA:82,0
DA:83,0
DA:88,0
DA:89,0
DA:94,0
DA:95,0
DA:96,0
DA:99,0
DA:118,0
DA:122,0
DA:130,0
DA:147,0
DA:194,0
DA:201,0
DA:202,0
DA:204,0
DA:209,0
DA:219,0
LF:37
LH:0
BRDA:69,0,0,0
BRDA:69,0,1,0
BRDA:76,1,0,0
BRDA:76,1,1,0
BRDA:81,2,0,0
BRDA:81,2,1,0
BRDA:83,3,0,0
BRDA:83,3,1,0
BRDA:157,4,0,0
BRDA:157,4,1,0
BRDA:204,5,0,0
BRDA:204,5,1,0
BRDA:212,6,0,0
BRDA:212,6,1,0
BRF:14
BRH:0
end_of_record
TN:
SF:src\app\profile\buyer-management.tsx
FN:25,ensureAuthToken
FN:33,BuyerManagementScreen
FN:48,(anonymous_2)
FN:63,(anonymous_3)
FN:79,(anonymous_4)
FN:84,(anonymous_5)
FN:90,(anonymous_6)
FN:96,(anonymous_7)
FN:103,(anonymous_8)
FN:122,(anonymous_9)
FN:142,(anonymous_10)
FN:150,(anonymous_11)
FN:172,(anonymous_12)
FN:178,(anonymous_13)
FN:191,(anonymous_14)
FN:200,(anonymous_15)
FN:209,(anonymous_16)
FN:218,(anonymous_17)
FN:227,(anonymous_18)
FN:232,(anonymous_19)
FN:237,(anonymous_20)
FN:250,(anonymous_21)
FN:263,(anonymous_22)
FN:268,(anonymous_23)
FN:274,(anonymous_24)
FN:275,(anonymous_25)
FN:276,(anonymous_26)
FN:277,(anonymous_27)
FN:278,(anonymous_28)
FN:301,(anonymous_29)
FN:344,(anonymous_30)
FN:351,(anonymous_31)
FN:352,(anonymous_32)
FN:372,(anonymous_33)
FN:379,(anonymous_34)
FN:380,(anonymous_35)
FN:381,(anonymous_36)
FN:401,(anonymous_37)
FN:424,(anonymous_38)
FN:440,(anonymous_39)
FNF:40
FNH:6
FNDA:2,ensureAuthToken
FNDA:4,BuyerManagementScreen
FNDA:2,(anonymous_2)
FNDA:0,(anonymous_3)
FNDA:0,(anonymous_4)
FNDA:0,(anonymous_5)
FNDA:0,(anonymous_6)
FNDA:0,(anonymous_7)
FNDA:0,(anonymous_8)
FNDA:2,(anonymous_9)
FNDA:0,(anonymous_10)
FNDA:0,(anonymous_11)
FNDA:0,(anonymous_12)
FNDA:0,(anonymous_13)
FNDA:0,(anonymous_14)
FNDA:0,(anonymous_15)
FNDA:0,(anonymous_16)
FNDA:0,(anonymous_17)
FNDA:0,(anonymous_18)
FNDA:0,(anonymous_19)
FNDA:0,(anonymous_20)
FNDA:0,(anonymous_21)
FNDA:0,(anonymous_22)
FNDA:2,(anonymous_23)
FNDA:2,(anonymous_24)
FNDA:0,(anonymous_25)
FNDA:0,(anonymous_26)
FNDA:0,(anonymous_27)
FNDA:0,(anonymous_28)
FNDA:0,(anonymous_29)
FNDA:0,(anonymous_30)
FNDA:0,(anonymous_31)
FNDA:0,(anonymous_32)
FNDA:0,(anonymous_33)
FNDA:0,(anonymous_34)
FNDA:0,(anonymous_35)
FNDA:0,(anonymous_36)
FNDA:0,(anonymous_37)
FNDA:0,(anonymous_38)
FNDA:0,(anonymous_39)
DA:26,2
DA:27,0
DA:29,0
DA:30,0
DA:34,4
DA:35,4
DA:36,4
DA:37,4
DA:38,4
DA:39,4
DA:40,4
DA:41,4
DA:42,4
DA:48,4
DA:49,2
DA:51,2
DA:52,2
DA:53,2
DA:54,2
DA:57,0
DA:58,0
DA:59,0
DA:60,0
DA:63,0
DA:64,0
DA:65,0
DA:69,0
DA:70,0
DA:72,0
DA:73,0
DA:78,0
DA:79,0
DA:84,0
DA:90,0
DA:96,0
DA:103,0
DA:119,0
DA:120,0
DA:122,2
DA:123,2
DA:124,2
DA:128,2
DA:129,2
DA:131,2
DA:132,2
DA:136,2
DA:137,2
DA:141,4
DA:143,0
DA:144,0
DA:145,0
DA:146,0
DA:148,0
DA:150,0
DA:151,0
DA:152,0
DA:156,0
DA:157,0
DA:159,0
DA:160,0
DA:166,0
DA:172,4
DA:173,0
DA:174,0
DA:175,0
DA:176,0
DA:178,0
DA:179,0
DA:180,0
DA:184,0
DA:185,0
DA:187,0
DA:191,4
DA:192,0
DA:197,0
DA:200,4
DA:201,0
DA:206,0
DA:209,4
DA:210,0
DA:215,0
DA:218,4
DA:219,0
DA:221,0
DA:223,0
DA:225,0
DA:227,0
DA:228,0
DA:229,0
DA:230,0
DA:232,0
DA:233,0
DA:234,0
DA:235,0
DA:237,0
DA:238,0
DA:239,0
DA:240,0
DA:242,0
DA:245,0
DA:246,0
DA:247,0
DA:248,0
DA:250,0
DA:251,0
DA:252,0
DA:256,0
DA:257,0
DA:259,0
DA:263,4
DA:264,0
DA:265,0
DA:268,4
DA:269,2
DA:273,4
DA:274,2
DA:275,0
DA:276,0
DA:277,0
DA:278,0
DA:283,4
DA:284,2
DA:291,2
DA:301,0
DA:345,0
DA:351,0
DA:352,0
DA:373,0
DA:379,0
DA:380,0
DA:381,0
DA:402,0
DA:425,0
DA:441,0
DA:442,0
LF:135
LH:39
BRDA:27,0,0,0
BRDA:27,0,1,0
BRDA:49,1,0,2
BRDA:49,1,1,2
BRDA:52,2,0,2
BRDA:52,2,1,0
BRDA:59,3,0,0
BRDA:59,3,1,0
BRDA:79,4,0,0
BRDA:79,4,1,0
BRDA:83,5,0,0
BRDA:83,5,1,0
BRDA:89,6,0,0
BRDA:89,6,1,0
BRDA:95,7,0,0
BRDA:95,7,1,0
BRDA:109,8,0,0
BRDA:109,8,1,0
BRDA:112,9,0,0
BRDA:112,9,1,0
BRDA:113,10,0,0
BRDA:113,10,1,0
BRDA:133,11,0,2
BRDA:133,11,1,0
BRDA:136,12,0,2
BRDA:136,12,1,0
BRDA:161,13,0,0
BRDA:161,13,1,0
BRDA:174,14,0,0
BRDA:174,14,1,0
BRDA:175,15,0,0
BRDA:175,15,1,0
BRDA:219,16,0,0
BRDA:219,16,1,0
BRDA:225,17,0,0
BRDA:225,17,1,0
BRDA:225,17,2,0
BRDA:225,17,3,0
BRDA:283,18,0,2
BRDA:283,18,1,2
BRDA:324,19,0,2
BRDA:324,19,1,2
BRDA:339,20,0,2
BRDA:339,20,1,0
BRDA:367,21,0,2
BRDA:367,21,1,0
BRDA:396,22,0,2
BRDA:396,22,1,0
BRDA:419,23,0,2
BRDA:419,23,1,0
BRDA:446,24,0,2
BRDA:446,24,1,2
BRDA:448,25,0,0
BRDA:448,25,1,2
BRDA:450,26,0,0
BRDA:450,26,1,2
BRDA:455,27,0,0
BRDA:455,27,1,2
BRF:58
BRH:18
end_of_record
TN:
SF:src\app\profile\edit-post.tsx
FN:28,ensureAuthToken
FN:44,EditPostScreen
FN:87,(anonymous_2)
FN:107,mapBookStatusToOption
FN:119,(anonymous_4)
FN:125,(anonymous_5)
FN:131,(anonymous_6)
FN:172,(anonymous_7)
FN:180,(anonymous_8)
FN:196,(anonymous_9)
FN:197,(anonymous_10)
FN:250,(anonymous_11)
FN:255,(anonymous_12)
FN:262,(anonymous_13)
FN:280,(anonymous_14)
FN:354,(anonymous_15)
FN:392,(anonymous_16)
FN:481,(anonymous_17)
FN:500,(anonymous_18)
FN:560,(anonymous_19)
FN:609,(anonymous_20)
FN:615,(anonymous_21)
FN:622,(anonymous_22)
FN:623,(anonymous_23)
FN:625,(anonymous_24)
FN:648,(anonymous_25)
FN:654,(anonymous_26)
FN:661,(anonymous_27)
FN:662,(anonymous_28)
FN:664,(anonymous_29)
FN:687,(anonymous_30)
FN:693,(anonymous_31)
FN:700,(anonymous_32)
FN:701,(anonymous_33)
FN:703,(anonymous_34)
FN:723,(anonymous_35)
FN:727,(anonymous_36)
FNF:37
FNH:0
FNDA:0,ensureAuthToken
FNDA:0,EditPostScreen
FNDA:0,(anonymous_2)
FNDA:0,mapBookStatusToOption
FNDA:0,(anonymous_4)
FNDA:0,(anonymous_5)
FNDA:0,(anonymous_6)
FNDA:0,(anonymous_7)
FNDA:0,(anonymous_8)
FNDA:0,(anonymous_9)
FNDA:0,(anonymous_10)
FNDA:0,(anonymous_11)
FNDA:0,(anonymous_12)
FNDA:0,(anonymous_13)
FNDA:0,(anonymous_14)
FNDA:0,(anonymous_15)
FNDA:0,(anonymous_16)
FNDA:0,(anonymous_17)
FNDA:0,(anonymous_18)
FNDA:0,(anonymous_19)
FNDA:0,(anonymous_20)
FNDA:0,(anonymous_21)
FNDA:0,(anonymous_22)
FNDA:0,(anonymous_23)
FNDA:0,(anonymous_24)
FNDA:0,(anonymous_25)
FNDA:0,(anonymous_26)
FNDA:0,(anonymous_27)
FNDA:0,(anonymous_28)
FNDA:0,(anonymous_29)
FNDA:0,(anonymous_30)
FNDA:0,(anonymous_31)
FNDA:0,(anonymous_32)
FNDA:0,(anonymous_33)
FNDA:0,(anonymous_34)
FNDA:0,(anonymous_35)
FNDA:0,(anonymous_36)
DA:29,0
DA:30,0
DA:31,0
DA:32,0
DA:34,0
DA:37,0
DA:45,0
DA:46,0
DA:48,0
DA:49,0
DA:51,0
DA:53,0
DA:54,0
DA:56,0
DA:57,0
DA:59,0
DA:60,0
DA:61,0
DA:63,0
DA:67,0
DA:69,0
DA:70,0
DA:72,0
DA:74,0
DA:75,0
DA:76,0
DA:78,0
DA:80,0
DA:81,0
DA:83,0
DA:84,0
DA:85,0
DA:87,0
DA:88,0
DA:89,0
DA:90,0
DA:91,0
DA:94,0
DA:101,0
DA:102,0
DA:103,0
DA:108,0
DA:111,0
DA:112,0
DA:113,0
DA:114,0
DA:116,0
DA:119,0
DA:120,0
DA:121,0
DA:122,0
DA:125,0
DA:126,0
DA:127,0
DA:128,0
DA:131,0
DA:132,0
DA:133,0
DA:134,0
DA:135,0
DA:138,0
DA:139,0
DA:140,0
DA:143,0
DA:144,0
DA:146,0
DA:147,0
DA:151,0
DA:152,0
DA:157,0
DA:158,0
DA:160,0
DA:163,0
DA:165,0
DA:167,0
DA:170,0
DA:171,0
DA:172,0
DA:173,0
DA:175,0
DA:178,0
DA:180,0
DA:181,0
DA:182,0
DA:186,0
DA:187,0
DA:189,0
DA:190,0
DA:191,0
DA:192,0
DA:196,0
DA:197,0
DA:198,0
DA:199,0
DA:201,0
DA:204,0
DA:209,0
DA:210,0
DA:212,0
DA:213,0
DA:216,0
DA:217,0
DA:218,0
DA:219,0
DA:222,0
DA:223,0
DA:224,0
DA:225,0
DA:228,0
DA:229,0
DA:230,0
DA:231,0
DA:234,0
DA:235,0
DA:238,0
DA:239,0
DA:241,0
DA:242,0
DA:244,0
DA:246,0
DA:249,0
DA:250,0
DA:252,0
DA:254,0
DA:255,0
DA:257,0
DA:259,0
DA:260,0
DA:262,0
DA:263,0
DA:264,0
DA:268,0
DA:269,0
DA:271,0
DA:272,0
DA:273,0
DA:275,0
DA:280,0
DA:281,0
DA:288,0
DA:289,0
DA:292,0
DA:293,0
DA:294,0
DA:295,0
DA:296,0
DA:297,0
DA:300,0
DA:301,0
DA:302,0
DA:304,0
DA:305,0
DA:306,0
DA:307,0
DA:308,0
DA:309,0
DA:310,0
DA:311,0
DA:312,0
DA:313,0
DA:316,0
DA:317,0
DA:318,0
DA:319,0
DA:320,0
DA:322,0
DA:323,0
DA:324,0
DA:326,0
DA:330,0
DA:342,0
DA:343,0
DA:344,0
DA:345,0
DA:349,0
DA:352,0
DA:354,0
DA:355,0
DA:356,0
DA:360,0
DA:361,0
DA:363,0
DA:364,0
DA:366,0
DA:370,0
DA:371,0
DA:378,0
DA:392,0
DA:481,0
DA:500,0
DA:560,0
DA:609,0
DA:615,0
DA:622,0
DA:624,0
DA:626,0
DA:627,0
DA:628,0
DA:648,0
DA:654,0
DA:661,0
DA:663,0
DA:665,0
DA:666,0
DA:667,0
DA:687,0
DA:693,0
DA:700,0
DA:702,0
DA:704,0
DA:705,0
DA:706,0
DA:724,0
DA:725,0
DA:728,0
DA:729,0
LF:216
LH:0
BRDA:30,0,0,0
BRDA:30,0,1,0
BRDA:48,1,0,0
BRDA:48,1,1,0
BRDA:49,2,0,0
BRDA:49,2,1,0
BRDA:89,3,0,0
BRDA:89,3,1,0
BRDA:101,4,0,0
BRDA:101,4,1,0
BRDA:108,5,0,0
BRDA:108,5,1,0
BRDA:111,6,0,0
BRDA:111,6,1,0
BRDA:112,7,0,0
BRDA:112,7,1,0
BRDA:112,8,0,0
BRDA:112,8,1,0
BRDA:113,9,0,0
BRDA:113,9,1,0
BRDA:114,10,0,0
BRDA:114,10,1,0
BRDA:122,11,0,0
BRDA:122,11,1,0
BRDA:128,12,0,0
BRDA:128,12,1,0
BRDA:132,13,0,0
BRDA:132,13,1,0
BRDA:132,14,0,0
BRDA:132,14,1,0
BRDA:143,15,0,0
BRDA:143,15,1,0
BRDA:143,15,2,0
BRDA:144,16,0,0
BRDA:144,16,1,0
BRDA:146,17,0,0
BRDA:146,17,1,0
BRDA:148,18,0,0
BRDA:148,18,1,0
BRDA:151,19,0,0
BRDA:151,19,1,0
BRDA:152,20,0,0
BRDA:152,20,1,0
BRDA:157,21,0,0
BRDA:157,21,1,0
BRDA:158,22,0,0
BRDA:158,22,1,0
BRDA:160,23,0,0
BRDA:160,23,1,0
BRDA:162,24,0,0
BRDA:162,24,1,0
BRDA:170,25,0,0
BRDA:170,25,1,0
BRDA:170,25,2,0
BRDA:171,26,0,0
BRDA:171,26,1,0
BRDA:172,27,0,0
BRDA:172,27,1,0
BRDA:209,28,0,0
BRDA:209,28,1,0
BRDA:210,29,0,0
BRDA:210,29,1,0
BRDA:216,30,0,0
BRDA:216,30,1,0
BRDA:216,31,0,0
BRDA:216,31,1,0
BRDA:223,32,0,0
BRDA:223,32,1,0
BRDA:224,33,0,0
BRDA:224,33,1,0
BRDA:225,34,0,0
BRDA:225,34,1,0
BRDA:228,35,0,0
BRDA:228,35,1,0
BRDA:229,36,0,0
BRDA:229,36,1,0
BRDA:230,37,0,0
BRDA:230,37,1,0
BRDA:232,38,0,0
BRDA:232,38,1,0
BRDA:234,39,0,0
BRDA:234,39,1,0
BRDA:235,40,0,0
BRDA:235,40,1,0
BRDA:239,41,0,0
BRDA:239,41,1,0
BRDA:241,42,0,0
BRDA:241,42,1,0
BRDA:250,43,0,0
BRDA:250,43,1,0
BRDA:250,44,0,0
BRDA:250,44,1,0
BRDA:252,45,0,0
BRDA:252,45,1,0
BRDA:255,46,0,0
BRDA:255,46,1,0
BRDA:255,47,0,0
BRDA:255,47,1,0
BRDA:257,48,0,0
BRDA:257,48,1,0
BRDA:281,49,0,0
BRDA:281,49,1,0
BRDA:282,50,0,0
BRDA:282,50,1,0
BRDA:282,50,2,0
BRDA:282,50,3,0
BRDA:282,50,4,0
BRDA:295,51,0,0
BRDA:295,51,1,0
BRDA:306,52,0,0
BRDA:306,52,1,0
BRDA:311,53,0,0
BRDA:311,53,1,0
BRDA:312,54,0,0
BRDA:312,54,1,0
BRDA:313,55,0,0
BRDA:313,55,1,0
BRDA:316,56,0,0
BRDA:316,56,1,0
BRDA:316,57,0,0
BRDA:316,57,1,0
BRDA:317,58,0,0
BRDA:317,58,1,0
BRDA:322,59,0,0
BRDA:322,59,1,0
BRDA:324,60,0,0
BRDA:324,60,1,0
BRDA:343,61,0,0
BRDA:343,61,1,0
BRDA:347,62,0,0
BRDA:347,62,1,0
BRDA:370,63,0,0
BRDA:370,63,1,0
BRDA:380,64,0,0
BRDA:380,64,1,0
BRDA:382,65,0,0
BRDA:382,65,1,0
BRDA:429,66,0,0
BRDA:429,66,1,0
BRDA:485,67,0,0
BRDA:485,67,1,0
BRDA:487,68,0,0
BRDA:487,68,1,0
BRDA:487,68,2,0
BRDA:504,69,0,0
BRDA:504,69,1,0
BRDA:506,70,0,0
BRDA:506,70,1,0
BRDA:506,70,2,0
BRDA:565,71,0,0
BRDA:565,71,1,0
BRDA:568,72,0,0
BRDA:568,72,1,0
BRDA:568,72,2,0
BRDA:590,73,0,0
BRDA:590,73,1,0
BRDA:592,74,0,0
BRDA:592,74,1,0
BRDA:633,75,0,0
BRDA:633,75,1,0
BRDA:672,76,0,0
BRDA:672,76,1,0
BRDA:711,77,0,0
BRDA:711,77,1,0
BRF:164
BRH:0
end_of_record
TN:
SF:src\app\profile\index.tsx
FN:42,ProfileScreen
FN:54,(anonymous_1)
FN:55,(anonymous_2)
FN:66,(anonymous_3)
FN:95,(anonymous_4)
FN:114,(anonymous_5)
FN:129,(anonymous_6)
FN:133,(anonymous_7)
FN:174,(anonymous_8)
FN:178,(anonymous_9)
FN:200,(anonymous_10)
FN:206,(anonymous_11)
FN:212,(anonymous_12)
FNF:13
FNH:0
FNDA:0,ProfileScreen
FNDA:0,(anonymous_1)
FNDA:0,(anonymous_2)
FNDA:0,(anonymous_3)
FNDA:0,(anonymous_4)
FNDA:0,(anonymous_5)
FNDA:0,(anonymous_6)
FNDA:0,(anonymous_7)
FNDA:0,(anonymous_8)
FNDA:0,(anonymous_9)
FNDA:0,(anonymous_10)
FNDA:0,(anonymous_11)
FNDA:0,(anonymous_12)
DA:43,0
DA:44,0
DA:45,0
DA:52,0
DA:54,0
DA:55,0
DA:56,0
DA:57,0
DA:58,0
DA:59,0
DA:63,0
DA:66,0
DA:67,0
DA:68,0
DA:69,0
DA:70,0
DA:71,0
DA:72,0
DA:75,0
DA:76,0
DA:77,0
DA:78,0
DA:81,0
DA:87,0
DA:89,0
DA:91,0
DA:92,0
DA:93,0
DA:95,0
DA:96,0
DA:104,0
DA:106,0
DA:114,0
DA:115,0
DA:116,0
DA:120,0
DA:121,0
DA:123,0
DA:125,0
DA:129,0
DA:130,0
DA:133,0
DA:134,0
DA:135,0
DA:136,0
DA:139,0
DA:140,0
DA:147,0
DA:175,0
DA:178,0
DA:179,0
DA:200,0
DA:206,0
DA:212,0
LF:54
LH:0
BRDA:57,0,0,0
BRDA:57,0,1,0
BRDA:70,1,0,0
BRDA:70,1,1,0
BRDA:76,2,0,0
BRDA:76,2,1,0
BRDA:91,3,0,0
BRDA:91,3,1,0
BRDA:92,4,0,0
BRDA:92,4,1,0
BRDA:93,5,0,0
BRDA:93,5,1,0
BRDA:97,6,0,0
BRDA:97,6,1,0
BRDA:97,6,2,0
BRDA:104,7,0,0
BRDA:104,7,1,0
BRDA:139,8,0,0
BRDA:139,8,1,0
BRDA:165,9,0,0
BRDA:165,9,1,0
BRDA:167,10,0,0
BRDA:167,10,1,0
BRDA:168,11,0,0
BRDA:168,11,1,0
BRDA:175,12,0,0
BRDA:175,12,1,0
BRDA:179,13,0,0
BRDA:179,13,1,0
BRF:29
BRH:0
end_of_record
TN:
SF:src\app\profile\my-posts.tsx
FN:33,MyPostsScreen
FN:48,(anonymous_1)
FN:53,(anonymous_2)
FN:60,(anonymous_3)
FN:71,(anonymous_4)
FN:77,(anonymous_5)
FN:84,(anonymous_6)
FN:101,(anonymous_7)
FN:105,(anonymous_8)
FN:119,(anonymous_9)
FN:120,(anonymous_10)
FN:146,(anonymous_11)
FN:172,(anonymous_12)
FN:192,(anonymous_13)
FN:217,(anonymous_14)
FN:220,(anonymous_15)
FN:234,(anonymous_16)
FN:254,(anonymous_17)
FN:264,(anonymous_18)
FN:290,(anonymous_19)
FN:291,(anonymous_20)
FN:300,(anonymous_21)
FN:304,(anonymous_22)
FN:308,(anonymous_23)
FN:322,(anonymous_24)
FNF:25
FNH:1
FNDA:3,MyPostsScreen
FNDA:0,(anonymous_1)
FNDA:0,(anonymous_2)
FNDA:0,(anonymous_3)
FNDA:0,(anonymous_4)
FNDA:0,(anonymous_5)
FNDA:0,(anonymous_6)
FNDA:0,(anonymous_7)
FNDA:0,(anonymous_8)
FNDA:0,(anonymous_9)
FNDA:0,(anonymous_10)
FNDA:0,(anonymous_11)
FNDA:0,(anonymous_12)
FNDA:0,(anonymous_13)
FNDA:0,(anonymous_14)
FNDA:0,(anonymous_15)
FNDA:0,(anonymous_16)
FNDA:0,(anonymous_17)
FNDA:0,(anonymous_18)
FNDA:0,(anonymous_19)
FNDA:0,(anonymous_20)
FNDA:0,(anonymous_21)
FNDA:0,(anonymous_22)
FNDA:0,(anonymous_23)
FNDA:0,(anonymous_24)
DA:34,3
DA:36,3
DA:37,3
DA:38,3
DA:39,3
DA:40,3
DA:41,3
DA:42,3
DA:43,3
DA:44,3
DA:45,3
DA:47,3
DA:49,0
DA:53,3
DA:54,0
DA:55,0
DA:57,0
DA:60,3
DA:61,0
DA:62,0
DA:63,0
DA:65,0
DA:67,0
DA:68,0
DA:70,0
DA:72,0
DA:76,0
DA:78,0
DA:81,0
DA:82,0
DA:84,0
DA:85,0
DA:86,0
DA:90,0
DA:91,0
DA:93,0
DA:94,0
DA:96,0
DA:97,0
DA:101,3
DA:102,0
DA:105,3
DA:106,0
DA:108,0
DA:109,0
DA:111,0
DA:112,0
DA:113,0
DA:114,0
DA:117,0
DA:120,0
DA:121,0
DA:122,0
DA:126,0
DA:127,0
DA:129,0
DA:136,0
DA:139,0
DA:140,0
DA:142,0
DA:143,0
DA:144,0
DA:146,0
DA:147,0
DA:148,0
DA:152,0
DA:153,0
DA:155,0
DA:157,0
DA:158,0
DA:159,0
DA:160,0
DA:161,0
DA:162,0
DA:163,0
DA:166,0
DA:168,0
DA:172,3
DA:173,0
DA:176,3
DA:177,3
DA:184,0
DA:192,0
DA:218,0
DA:221,0
DA:222,0
DA:235,0
DA:255,0
DA:290,0
DA:291,0
DA:301,0
DA:302,0
DA:305,0
DA:309,0
DA:323,0
DA:324,0
LF:96
LH:19
BRDA:54,0,0,0
BRDA:54,0,1,0
BRDA:67,1,0,0
BRDA:67,1,1,0
BRDA:72,2,0,0
BRDA:72,2,1,0
BRDA:72,2,2,0
BRDA:78,3,0,0
BRDA:78,3,1,0
BRDA:78,3,2,0
BRDA:106,4,0,0
BRDA:106,4,1,0
BRDA:158,5,0,0
BRDA:158,5,1,0
BRDA:160,6,0,0
BRDA:160,6,1,0
BRDA:162,7,0,0
BRDA:162,7,1,0
BRDA:176,8,0,3
BRDA:176,8,1,0
BRDA:207,9,0,0
BRDA:207,9,1,0
BRDA:243,10,0,0
BRDA:243,10,1,0
BRDA:268,11,0,0
BRDA:268,11,1,0
BRF:26
BRH:1
end_of_record
TN:
SF:src\app\profile\wishlist-create.tsx
FN:27,WishlistCreateScreen
FN:45,(anonymous_1)
FN:48,(anonymous_2)
FN:51,(anonymous_3)
FN:52,(anonymous_4)
FN:60,(anonymous_5)
FN:64,(anonymous_6)
FN:84,(anonymous_7)
FN:90,(anonymous_8)
FN:97,(anonymous_9)
FN:104,(anonymous_10)
FN:111,(anonymous_11)
FN:116,(anonymous_12)
FN:132,(anonymous_13)
FN:152,(anonymous_14)
FN:207,(anonymous_15)
FN:232,(anonymous_16)
FN:305,(anonymous_17)
FN:310,(anonymous_18)
FN:337,(anonymous_19)
FN:362,(anonymous_20)
FN:375,(anonymous_21)
FN:393,(anonymous_22)
FN:397,(anonymous_23)
FN:400,(anonymous_24)
FN:405,(anonymous_25)
FN:418,(anonymous_26)
FN:435,(anonymous_27)
FN:439,(anonymous_28)
FNF:29
FNH:0
FNDA:0,WishlistCreateScreen
FNDA:0,(anonymous_1)
FNDA:0,(anonymous_2)
FNDA:0,(anonymous_3)
FNDA:0,(anonymous_4)
FNDA:0,(anonymous_5)
FNDA:0,(anonymous_6)
FNDA:0,(anonymous_7)
FNDA:0,(anonymous_8)
FNDA:0,(anonymous_9)
FNDA:0,(anonymous_10)
FNDA:0,(anonymous_11)
FNDA:0,(anonymous_12)
FNDA:0,(anonymous_13)
FNDA:0,(anonymous_14)
FNDA:0,(anonymous_15)
FNDA:0,(anonymous_16)
FNDA:0,(anonymous_17)
FNDA:0,(anonymous_18)
FNDA:0,(anonymous_19)
FNDA:0,(anonymous_20)
FNDA:0,(anonymous_21)
FNDA:0,(anonymous_22)
FNDA:0,(anonymous_23)
FNDA:0,(anonymous_24)
FNDA:0,(anonymous_25)
FNDA:0,(anonymous_26)
FNDA:0,(anonymous_27)
FNDA:0,(anonymous_28)
DA:28,0
DA:30,0
DA:31,0
DA:32,0
DA:34,0
DA:35,0
DA:36,0
DA:38,0
DA:39,0
DA:40,0
DA:42,0
DA:43,0
DA:45,0
DA:46,0
DA:47,0
DA:48,0
DA:51,0
DA:52,0
DA:53,0
DA:54,0
DA:55,0
DA:57,0
DA:58,0
DA:60,0
DA:62,0
DA:64,0
DA:65,0
DA:66,0
DA:70,0
DA:71,0
DA:73,0
DA:74,0
DA:75,0
DA:77,0
DA:81,0
DA:84,0
DA:85,0
DA:86,0
DA:87,0
DA:90,0
DA:91,0
DA:92,0
DA:93,0
DA:94,0
DA:97,0
DA:98,0
DA:99,0
DA:100,0
DA:101,0
DA:104,0
DA:105,0
DA:107,0
DA:108,0
DA:109,0
DA:111,0
DA:112,0
DA:113,0
DA:116,0
DA:117,0
DA:119,0
DA:120,0
DA:121,0
DA:123,0
DA:129,0
DA:130,0
DA:132,0
DA:133,0
DA:134,0
DA:138,0
DA:139,0
DA:141,0
DA:142,0
DA:144,0
DA:148,0
DA:152,0
DA:207,0
DA:232,0
DA:305,0
DA:310,0
DA:337,0
DA:363,0
DA:364,0
DA:375,0
DA:393,0
DA:398,0
DA:401,0
DA:402,0
DA:406,0
DA:407,0
DA:419,0
DA:436,0
DA:437,0
DA:440,0
DA:441,0
LF:94
LH:0
BRDA:47,0,0,0
BRDA:47,0,1,0
BRDA:58,1,0,0
BRDA:58,1,1,0
BRDA:60,2,0,0
BRDA:60,2,1,0
BRDA:60,3,0,0
BRDA:60,3,1,0
BRDA:85,4,0,0
BRDA:85,4,1,0
BRDA:86,5,0,0
BRDA:86,5,1,0
BRDA:92,6,0,0
BRDA:92,6,1,0
BRDA:94,7,0,0
BRDA:94,7,1,0
BRDA:98,8,0,0
BRDA:98,8,1,0
BRDA:99,9,0,0
BRDA:99,9,1,0
BRDA:100,10,0,0
BRDA:100,10,1,0
BRDA:105,11,0,0
BRDA:105,11,1,0
BRDA:105,12,0,0
BRDA:105,12,1,0
BRDA:107,13,0,0
BRDA:107,13,1,0
BRDA:117,14,0,0
BRDA:117,14,1,0
BRDA:125,15,0,0
BRDA:125,15,1,0
BRDA:126,16,0,0
BRDA:126,16,1,0
BRDA:170,17,0,0
BRDA:170,17,1,0
BRDA:208,18,0,0
BRDA:208,18,1,0
BRDA:211,19,0,0
BRDA:211,19,1,0
BRDA:216,20,0,0
BRDA:216,20,1,0
BRDA:223,21,0,0
BRDA:223,21,1,0
BRDA:229,22,0,0
BRDA:229,22,1,0
BRDA:290,23,0,0
BRDA:290,23,1,0
BRDA:384,24,0,0
BRDA:384,24,1,0
BRDA:388,25,0,0
BRDA:388,25,1,0
BRDA:411,26,0,0
BRDA:411,26,1,0
BRF:54
BRH:0
end_of_record
TN:
SF:src\app\profile\wishlist-edit.tsx
FN:27,(anonymous_0)
FN:31,(anonymous_1)
FN:40,(anonymous_2)
FN:45,(anonymous_3)
FN:56,(anonymous_4)
FN:86,(anonymous_5)
FN:89,(anonymous_6)
FN:93,(anonymous_7)
FN:100,(anonymous_8)
FN:106,(anonymous_9)
FN:112,(anonymous_10)
FN:124,(anonymous_11)
FN:133,(anonymous_12)
FN:139,(anonymous_13)
FN:158,(anonymous_14)
FN:164,(anonymous_15)
FN:184,(anonymous_16)
FN:212,(anonymous_17)
FN:267,(anonymous_18)
FN:285,(anonymous_19)
FN:359,(anonymous_20)
FN:364,(anonymous_21)
FN:393,(anonymous_22)
FN:418,(anonymous_23)
FN:431,(anonymous_24)
FN:445,(anonymous_25)
FN:449,(anonymous_26)
FN:452,(anonymous_27)
FN:457,(anonymous_28)
FN:474,(anonymous_29)
FN:491,(anonymous_30)
FN:495,(anonymous_31)
FNF:32
FNH:0
FNDA:0,(anonymous_0)
FNDA:0,(anonymous_1)
FNDA:0,(anonymous_2)
FNDA:0,(anonymous_3)
FNDA:0,(anonymous_4)
FNDA:0,(anonymous_5)
FNDA:0,(anonymous_6)
FNDA:0,(anonymous_7)
FNDA:0,(anonymous_8)
FNDA:0,(anonymous_9)
FNDA:0,(anonymous_10)
FNDA:0,(anonymous_11)
FNDA:0,(anonymous_12)
FNDA:0,(anonymous_13)
FNDA:0,(anonymous_14)
FNDA:0,(anonymous_15)
FNDA:0,(anonymous_16)
FNDA:0,(anonymous_17)
FNDA:0,(anonymous_18)
FNDA:0,(anonymous_19)
FNDA:0,(anonymous_20)
FNDA:0,(anonymous_21)
FNDA:0,(anonymous_22)
FNDA:0,(anonymous_23)
FNDA:0,(anonymous_24)
FNDA:0,(anonymous_25)
FNDA:0,(anonymous_26)
FNDA:0,(anonymous_27)
FNDA:0,(anonymous_28)
FNDA:0,(anonymous_29)
FNDA:0,(anonymous_30)
FNDA:0,(anonymous_31)
DA:27,0
DA:28,0
DA:29,0
DA:31,0
DA:32,0
DA:33,0
DA:34,0
DA:35,0
DA:36,0
DA:40,0
DA:41,0
DA:42,0
DA:45,0
DA:46,0
DA:47,0
DA:52,0
DA:53,0
DA:56,0
DA:57,0
DA:58,0
DA:63,0
DA:64,0
DA:68,0
DA:69,0
DA:70,0
DA:74,0
DA:75,0
DA:76,0
DA:78,0
DA:79,0
DA:80,0
DA:83,0
DA:84,0
DA:86,0
DA:87,0
DA:88,0
DA:89,0
DA:93,0
DA:94,0
DA:95,0
DA:96,0
DA:97,0
DA:100,0
DA:101,0
DA:102,0
DA:103,0
DA:106,0
DA:107,0
DA:108,0
DA:109,0
DA:112,0
DA:113,0
DA:114,0
DA:115,0
DA:116,0
DA:120,0
DA:121,0
DA:124,0
DA:125,0
DA:128,0
DA:129,0
DA:131,0
DA:133,0
DA:134,0
DA:136,0
DA:139,0
DA:140,0
DA:141,0
DA:145,0
DA:146,0
DA:148,0
DA:149,0
DA:151,0
DA:155,0
DA:158,0
DA:159,0
DA:160,0
DA:161,0
DA:162,0
DA:164,0
DA:165,0
DA:167,0
DA:168,0
DA:169,0
DA:171,0
DA:177,0
DA:182,0
DA:184,0
DA:185,0
DA:186,0
DA:190,0
DA:191,0
DA:193,0
DA:194,0
DA:196,0
DA:200,0
DA:201,0
DA:208,0
DA:212,0
DA:267,0
DA:285,0
DA:359,0
DA:364,0
DA:393,0
DA:419,0
DA:420,0
DA:431,0
DA:445,0
DA:450,0
DA:453,0
DA:454,0
DA:458,0
DA:459,0
DA:475,0
DA:492,0
DA:493,0
DA:496,0
DA:497,0
LF:118
LH:0
BRDA:33,0,0,0
BRDA:33,0,1,0
BRDA:34,1,0,0
BRDA:34,1,1,0
BRDA:36,2,0,0
BRDA:36,2,1,0
BRDA:42,3,0,0
BRDA:42,3,1,0
BRDA:42,4,0,0
BRDA:42,4,1,0
BRDA:42,5,0,0
BRDA:42,5,1,0
BRDA:47,6,0,0
BRDA:47,6,1,0
BRDA:48,7,0,0
BRDA:48,7,1,0
BRDA:49,8,0,0
BRDA:49,8,1,0
BRDA:52,9,0,0
BRDA:52,9,1,0
BRDA:53,10,0,0
BRDA:53,10,1,0
BRDA:58,11,0,0
BRDA:58,11,1,0
BRDA:59,12,0,0
BRDA:59,12,1,0
BRDA:60,13,0,0
BRDA:60,13,1,0
BRDA:63,14,0,0
BRDA:63,14,1,0
BRDA:64,15,0,0
BRDA:64,15,1,0
BRDA:71,16,0,0
BRDA:71,16,1,0
BRDA:88,17,0,0
BRDA:88,17,1,0
BRDA:89,18,0,0
BRDA:89,18,1,0
BRDA:95,19,0,0
BRDA:95,19,1,0
BRDA:97,20,0,0
BRDA:97,20,1,0
BRDA:101,21,0,0
BRDA:101,21,1,0
BRDA:101,22,0,0
BRDA:101,22,1,0
BRDA:102,23,0,0
BRDA:102,23,1,0
BRDA:107,24,0,0
BRDA:107,24,1,0
BRDA:121,25,0,0
BRDA:121,25,1,0
BRDA:124,26,0,0
BRDA:124,26,1,0
BRDA:124,27,0,0
BRDA:124,27,1,0
BRDA:129,28,0,0
BRDA:129,28,1,0
BRDA:131,29,0,0
BRDA:131,29,1,0
BRDA:133,30,0,0
BRDA:133,30,1,0
BRDA:165,31,0,0
BRDA:165,31,1,0
BRDA:165,32,0,0
BRDA:165,32,1,0
BRDA:173,33,0,0
BRDA:173,33,1,0
BRDA:174,34,0,0
BRDA:174,34,1,0
BRDA:200,35,0,0
BRDA:200,35,1,0
BRDA:230,36,0,0
BRDA:230,36,1,0
BRDA:271,37,0,0
BRDA:271,37,1,0
BRDA:276,38,0,0
BRDA:276,38,1,0
BRDA:282,39,0,0
BRDA:282,39,1,0
BRDA:344,40,0,0
BRDA:344,40,1,0
BRDA:388,41,0,0
BRDA:388,41,1,0
BRDA:440,42,0,0
BRDA:440,42,1,0
BRDA:464,43,0,0
BRDA:464,43,1,0
BRF:88
BRH:0
end_of_record
TN:
SF:src\app\profile\wishlist.tsx
FN:43,formatDateDDMMYYYY
FN:51,formatVnd
FN:55,WishlistScreen
FN:70,(anonymous_3)
FN:71,(anonymous_4)
FN:83,(anonymous_5)
FN:91,(anonymous_6)
FN:112,(anonymous_7)
FN:118,(anonymous_8)
FN:118,(anonymous_9)
FN:122,(anonymous_10)
FN:139,(anonymous_11)
FN:144,(anonymous_12)
FN:150,(anonymous_13)
FN:151,(anonymous_14)
FN:183,(anonymous_15)
FN:203,(anonymous_16)
FN:209,(anonymous_17)
FN:210,(anonymous_18)
FN:237,(anonymous_19)
FN:248,(anonymous_20)
FN:252,(anonymous_21)
FN:265,(anonymous_22)
FN:266,(anonymous_23)
FNF:24
FNH:9
FNDA:3,formatDateDDMMYYYY
FNDA:3,formatVnd
FNDA:6,WishlistScreen
FNDA:3,(anonymous_3)
FNDA:3,(anonymous_4)
FNDA:0,(anonymous_5)
FNDA:0,(anonymous_6)
FNDA:0,(anonymous_7)
FNDA:0,(anonymous_8)
FNDA:0,(anonymous_9)
FNDA:0,(anonymous_10)
FNDA:0,(anonymous_11)
FNDA:6,(anonymous_12)
FNDA:6,(anonymous_13)
FNDA:3,(anonymous_14)
FNDA:0,(anonymous_15)
FNDA:3,(anonymous_16)
FNDA:0,(anonymous_17)
FNDA:0,(anonymous_18)
FNDA:0,(anonymous_19)
FNDA:0,(anonymous_20)
FNDA:0,(anonymous_21)
FNDA:0,(anonymous_22)
FNDA:0,(anonymous_23)
DA:44,3
DA:45,3
DA:46,3
DA:47,3
DA:48,3
DA:52,3
DA:56,6
DA:58,6
DA:59,6
DA:61,6
DA:62,6
DA:63,6
DA:64,6
DA:65,6
DA:66,6
DA:70,6
DA:71,3
DA:72,3
DA:73,3
DA:74,3
DA:76,3
DA:81,3
DA:82,3
DA:84,0
DA:87,3
DA:88,3
DA:89,3
DA:91,0
DA:92,0
DA:93,0
DA:97,0
DA:98,0
DA:100,0
DA:101,0
DA:102,0
DA:103,0
DA:105,3
DA:109,3
DA:112,6
DA:113,0
DA:114,0
DA:115,0
DA:118,0
DA:119,0
DA:120,0
DA:122,0
DA:123,0
DA:124,0
DA:128,0
DA:129,0
DA:131,0
DA:132,0
DA:134,0
DA:135,0
DA:139,6
DA:140,0
DA:141,0
DA:144,6
DA:145,6
DA:146,6
DA:147,6
DA:150,6
DA:151,6
DA:153,3
DA:158,3
DA:162,3
DA:171,6
DA:172,3
DA:179,3
DA:183,0
DA:204,3
DA:205,3
DA:209,0
DA:211,0
DA:237,0
DA:249,0
DA:250,0
DA:253,0
DA:265,0
DA:266,0
LF:80
LH:44
BRDA:81,0,0,3
BRDA:81,0,1,0
BRDA:87,1,0,3
BRDA:87,1,1,0
BRDA:153,2,0,3
BRDA:153,2,1,0
BRDA:154,3,0,3
BRDA:154,3,1,0
BRDA:158,4,0,3
BRDA:158,4,1,0
BRDA:158,5,0,3
BRDA:158,5,1,3
BRDA:163,6,0,3
BRDA:163,6,1,0
BRDA:166,7,0,3
BRDA:166,7,1,0
BRDA:171,8,0,3
BRDA:171,8,1,3
BRDA:201,9,0,3
BRDA:201,9,1,0
BRDA:216,10,0,0
BRDA:216,10,1,0
BRDA:217,11,0,0
BRDA:217,11,1,0
BRDA:226,12,0,3
BRDA:226,12,1,3
BRDA:226,12,2,0
BRDA:253,13,0,0
BRDA:253,13,1,0
BRF:29
BRH:14
end_of_record
TN:
SF:utils\asyncStorage.tsx
FN:3,(anonymous_0)
FN:11,(anonymous_1)
FN:20,(anonymous_2)
FNF:3
FNH:0
FNDA:0,(anonymous_0)
FNDA:0,(anonymous_1)
FNDA:0,(anonymous_2)
DA:3,0
DA:4,0
DA:5,0
DA:7,0
DA:11,0
DA:12,0
DA:13,0
DA:14,0
DA:16,0
DA:20,0
DA:21,0
DA:22,0
DA:24,0
DA:26,0
LF:14
LH:0
BRF:0
BRH:0
end_of_record
